BLASTN 2.9.0+


Reference: Stephen F. Altschul, Thomas L. Madden, Alejandro A.
Schaffer, Jinghui Zhang, Zheng Zhang, Webb Miller, and David J.
Lipman (1997), "Gapped BLAST and PSI-BLAST: a new generation of
protein database search programs", Nucleic Acids Res. 25:3389-3402.



Database: GCA_029282475.1_ASM2928247v1_genomic.fna
           644 sequences; 1,816,888,593 total letters



Query= Homo_sapiens_XM_054347355.1-PLAAT1

Length=717


***** No hits found *****



Lambda      K        H
   0.634    0.408    0.912 

Gapped
Lambda      K        H
   0.625    0.410    0.780 

Effective search space used: 1244554569725


  Database: GCA_029282475.1_ASM2928247v1_genomic.fna
    Posted date:  Apr 27, 2025  7:02 AM
  Number of letters in database: 1,816,888,593
  Number of sequences in database:  644



Matrix: blastn matrix 2 -3
Gap Penalties: Existence: 5, Extension: 2
