BLASTN 2.9.0+


Reference: Stephen F. Altschul, Thomas L. Madden, Alejandro A.
Schaffer, Jinghui Zhang, Zheng Zhang, Webb Miller, and David J.
Lipman (1997), "Gapped BLAST and PSI-BLAST: a new generation of
protein database search programs", Nucleic Acids Res. 25:3389-3402.



Database: GCA_964106915.2_rPodGai1.hap1.2_genomic.fna
           211 sequences; 1,514,643,635 total letters



Query= Homo_sapiens_NM_001306135.2-DLEU7

Length=666
                                                                      Score        E
Sequences producing significant alignments:                          (Bits)     Value

OZ066915.1 Podarcis gaigeae genome assembly, chromosome: 2            46.4       0.011



Query_1  69         GCTGCAGCAGGAGTGGGGCTGGGGGGACGG  98
1        115321306  ............A.....A...........  115321277


Lambda      K        H
   0.634    0.408    0.912 

Gapped
Lambda      K        H
   0.625    0.410    0.780 

Effective search space used: 960279783822


  Database: GCA_964106915.2_rPodGai1.hap1.2_genomic.fna
    Posted date:  Apr 27, 2025  3:34 AM
  Number of letters in database: 1,514,643,635
  Number of sequences in database:  211



Matrix: blastn matrix 2 -3
Gap Penalties: Existence: 5, Extension: 2
