BLASTN 2.9.0+


Reference: Stephen F. Altschul, Thomas L. Madden, Alejandro A.
Schaffer, Jinghui Zhang, Zheng Zhang, Webb Miller, and David J.
Lipman (1997), "Gapped BLAST and PSI-BLAST: a new generation of
protein database search programs", Nucleic Acids Res. 25:3389-3402.



Database: GCA_046270845.1_ASM4627084v1_genomic.fna
           949,953 sequences; 1,787,292,150 total letters



Query= Homo_sapiens_NM_001306135.2-DLEU7

Length=666


***** No hits found *****



Lambda      K        H
   0.634    0.408    0.912 

Gapped
Lambda      K        H
   0.625    0.410    0.780 

Effective search space used: 1113870576636


  Database: GCA_046270845.1_ASM4627084v1_genomic.fna
    Posted date:  Apr 27, 2025  1:03 PM
  Number of letters in database: 1,787,292,150
  Number of sequences in database:  949,953



Matrix: blastn matrix 2 -3
Gap Penalties: Existence: 5, Extension: 2
