BLASTN 2.9.0+


Reference: Stephen F. Altschul, Thomas L. Madden, Alejandro A.
Schaffer, Jinghui Zhang, Zheng Zhang, Webb Miller, and David J.
Lipman (1997), "Gapped BLAST and PSI-BLAST: a new generation of
protein database search programs", Nucleic Acids Res. 25:3389-3402.



Database: GCA_042902835.1_ASM4290283v1_genomic.fna
           1,097,201 sequences; 1,959,412,682 total letters



Query= Homo_sapiens_NM_014485.3-HPGDS

Length=600
                                                                      Score        E
Sequences producing significant alignments:                          (Bits)     Value

JBHZFW010000047.1 Hemidactylus brookii isolate UPRMGRS_1063_TJC_5...  44.6       0.042



Query_1  291       TTTCATGTCATGTTTTCCTTGGGCAGAGAAAAAGC  325
46       13401729  ......T....A.......A...............  13401764
                          \                           
                          |                           
                          A


Lambda      K        H
   0.634    0.408    0.912 

Gapped
Lambda      K        H
   0.625    0.410    0.780 

Effective search space used: 1093003678000


  Database: GCA_042902835.1_ASM4290283v1_genomic.fna
    Posted date:  Apr 27, 2025  3:46 PM
  Number of letters in database: 1,959,412,682
  Number of sequences in database:  1,097,201



Matrix: blastn matrix 2 -3
Gap Penalties: Existence: 5, Extension: 2
