No protocol specified
No protocol specified
No protocol specified
No protocol specified
No protocol specified
--------------------------------------------------------------------------
MPI_ABORT was invoked on rank 0 in communicator MPI_COMM_WORLD
with errorcode 1.

NOTE: invoking MPI_ABORT causes Open MPI to kill all MPI processes.
You may or may not see output from other processes, depending on
exactly when Open MPI kills them.
--------------------------------------------------------------------------
No protocol specified
--------------------------------------------------------------------------
MPI_ABORT was invoked on rank 0 in communicator MPI_COMM_WORLD
with errorcode 1.

NOTE: invoking MPI_ABORT causes Open MPI to kill all MPI processes.
You may or may not see output from other processes, depending on
exactly when Open MPI kills them.
--------------------------------------------------------------------------
No protocol specified
--------------------------------------------------------------------------
MPI_ABORT was invoked on rank 0 in communicator MPI_COMM_WORLD
with errorcode 1.

NOTE: invoking MPI_ABORT causes Open MPI to kill all MPI processes.
You may or may not see output from other processes, depending on
exactly when Open MPI kills them.
--------------------------------------------------------------------------
No protocol specified
--------------------------------------------------------------------------
MPI_ABORT was invoked on rank 0 in communicator MPI_COMM_WORLD
with errorcode 1.

NOTE: invoking MPI_ABORT causes Open MPI to kill all MPI processes.
You may or may not see output from other processes, depending on
exactly when Open MPI kills them.
--------------------------------------------------------------------------
No protocol specified
--------------------------------------------------------------------------
MPI_ABORT was invoked on rank 0 in communicator MPI_COMM_WORLD
with errorcode 1.

NOTE: invoking MPI_ABORT causes Open MPI to kill all MPI processes.
You may or may not see output from other processes, depending on
exactly when Open MPI kills them.
--------------------------------------------------------------------------
No protocol specified
--------------------------------------------------------------------------
MPI_ABORT was invoked on rank 0 in communicator MPI_COMM_WORLD
with errorcode 1.

NOTE: invoking MPI_ABORT causes Open MPI to kill all MPI processes.
You may or may not see output from other processes, depending on
exactly when Open MPI kills them.
--------------------------------------------------------------------------
No protocol specified
--------------------------------------------------------------------------
MPI_ABORT was invoked on rank 0 in communicator MPI_COMM_WORLD
with errorcode 1.

NOTE: invoking MPI_ABORT causes Open MPI to kill all MPI processes.
You may or may not see output from other processes, depending on
exactly when Open MPI kills them.
--------------------------------------------------------------------------
No protocol specified
--------------------------------------------------------------------------
MPI_ABORT was invoked on rank 0 in communicator MPI_COMM_WORLD
with errorcode 1.

NOTE: invoking MPI_ABORT causes Open MPI to kill all MPI processes.
You may or may not see output from other processes, depending on
exactly when Open MPI kills them.
--------------------------------------------------------------------------
No protocol specified
--------------------------------------------------------------------------
MPI_ABORT was invoked on rank 0 in communicator MPI_COMM_WORLD
with errorcode 1.

NOTE: invoking MPI_ABORT causes Open MPI to kill all MPI processes.
You may or may not see output from other processes, depending on
exactly when Open MPI kills them.
--------------------------------------------------------------------------
No protocol specified
--------------------------------------------------------------------------
MPI_ABORT was invoked on rank 0 in communicator MPI_COMM_WORLD
with errorcode 1.

NOTE: invoking MPI_ABORT causes Open MPI to kill all MPI processes.
You may or may not see output from other processes, depending on
exactly when Open MPI kills them.
--------------------------------------------------------------------------
No protocol specified
--------------------------------------------------------------------------
MPI_ABORT was invoked on rank 0 in communicator MPI_COMM_WORLD
with errorcode 1.

NOTE: invoking MPI_ABORT causes Open MPI to kill all MPI processes.
You may or may not see output from other processes, depending on
exactly when Open MPI kills them.
--------------------------------------------------------------------------
No protocol specified
--------------------------------------------------------------------------
MPI_ABORT was invoked on rank 0 in communicator MPI_COMM_WORLD
with errorcode 1.

NOTE: invoking MPI_ABORT causes Open MPI to kill all MPI processes.
You may or may not see output from other processes, depending on
exactly when Open MPI kills them.
--------------------------------------------------------------------------
No protocol specified
--------------------------------------------------------------------------
MPI_ABORT was invoked on rank 0 in communicator MPI_COMM_WORLD
with errorcode 1.

NOTE: invoking MPI_ABORT causes Open MPI to kill all MPI processes.
You may or may not see output from other processes, depending on
exactly when Open MPI kills them.
--------------------------------------------------------------------------
No protocol specified
--------------------------------------------------------------------------
MPI_ABORT was invoked on rank 0 in communicator MPI_COMM_WORLD
with errorcode 1.

NOTE: invoking MPI_ABORT causes Open MPI to kill all MPI processes.
You may or may not see output from other processes, depending on
exactly when Open MPI kills them.
--------------------------------------------------------------------------
No protocol specified
--------------------------------------------------------------------------
MPI_ABORT was invoked on rank 0 in communicator MPI_COMM_WORLD
with errorcode 1.

NOTE: invoking MPI_ABORT causes Open MPI to kill all MPI processes.
You may or may not see output from other processes, depending on
exactly when Open MPI kills them.
--------------------------------------------------------------------------
No protocol specified
--------------------------------------------------------------------------
MPI_ABORT was invoked on rank 0 in communicator MPI_COMM_WORLD
with errorcode 1.

NOTE: invoking MPI_ABORT causes Open MPI to kill all MPI processes.
You may or may not see output from other processes, depending on
exactly when Open MPI kills them.
--------------------------------------------------------------------------
No protocol specified
--------------------------------------------------------------------------
MPI_ABORT was invoked on rank 0 in communicator MPI_COMM_WORLD
with errorcode 1.

NOTE: invoking MPI_ABORT causes Open MPI to kill all MPI processes.
You may or may not see output from other processes, depending on
exactly when Open MPI kills them.
--------------------------------------------------------------------------
No protocol specified
--------------------------------------------------------------------------
MPI_ABORT was invoked on rank 0 in communicator MPI_COMM_WORLD
with errorcode 1.

NOTE: invoking MPI_ABORT causes Open MPI to kill all MPI processes.
You may or may not see output from other processes, depending on
exactly when Open MPI kills them.
--------------------------------------------------------------------------
No protocol specified
--------------------------------------------------------------------------
MPI_ABORT was invoked on rank 0 in communicator MPI_COMM_WORLD
with errorcode 1.

NOTE: invoking MPI_ABORT causes Open MPI to kill all MPI processes.
You may or may not see output from other processes, depending on
exactly when Open MPI kills them.
--------------------------------------------------------------------------
No protocol specified
--------------------------------------------------------------------------
MPI_ABORT was invoked on rank 0 in communicator MPI_COMM_WORLD
with errorcode 1.

NOTE: invoking MPI_ABORT causes Open MPI to kill all MPI processes.
You may or may not see output from other processes, depending on
exactly when Open MPI kills them.
--------------------------------------------------------------------------
No protocol specified
--------------------------------------------------------------------------
MPI_ABORT was invoked on rank 0 in communicator MPI_COMM_WORLD
with errorcode 1.

NOTE: invoking MPI_ABORT causes Open MPI to kill all MPI processes.
You may or may not see output from other processes, depending on
exactly when Open MPI kills them.
--------------------------------------------------------------------------
No protocol specified
--------------------------------------------------------------------------
MPI_ABORT was invoked on rank 0 in communicator MPI_COMM_WORLD
with errorcode 1.

NOTE: invoking MPI_ABORT causes Open MPI to kill all MPI processes.
You may or may not see output from other processes, depending on
exactly when Open MPI kills them.
--------------------------------------------------------------------------
No protocol specified
--------------------------------------------------------------------------
MPI_ABORT was invoked on rank 0 in communicator MPI_COMM_WORLD
with errorcode 1.

NOTE: invoking MPI_ABORT causes Open MPI to kill all MPI processes.
You may or may not see output from other processes, depending on
exactly when Open MPI kills them.
--------------------------------------------------------------------------
No protocol specified
--------------------------------------------------------------------------
MPI_ABORT was invoked on rank 0 in communicator MPI_COMM_WORLD
with errorcode 1.

NOTE: invoking MPI_ABORT causes Open MPI to kill all MPI processes.
You may or may not see output from other processes, depending on
exactly when Open MPI kills them.
--------------------------------------------------------------------------
No protocol specified
--------------------------------------------------------------------------
MPI_ABORT was invoked on rank 0 in communicator MPI_COMM_WORLD
with errorcode 1.

NOTE: invoking MPI_ABORT causes Open MPI to kill all MPI processes.
You may or may not see output from other processes, depending on
exactly when Open MPI kills them.
--------------------------------------------------------------------------
No protocol specified
--------------------------------------------------------------------------
MPI_ABORT was invoked on rank 0 in communicator MPI_COMM_WORLD
with errorcode 1.

NOTE: invoking MPI_ABORT causes Open MPI to kill all MPI processes.
You may or may not see output from other processes, depending on
exactly when Open MPI kills them.
--------------------------------------------------------------------------
No protocol specified
--------------------------------------------------------------------------
MPI_ABORT was invoked on rank 0 in communicator MPI_COMM_WORLD
with errorcode 1.

NOTE: invoking MPI_ABORT causes Open MPI to kill all MPI processes.
You may or may not see output from other processes, depending on
exactly when Open MPI kills them.
--------------------------------------------------------------------------
No protocol specified
--------------------------------------------------------------------------
MPI_ABORT was invoked on rank 0 in communicator MPI_COMM_WORLD
with errorcode 1.

NOTE: invoking MPI_ABORT causes Open MPI to kill all MPI processes.
You may or may not see output from other processes, depending on
exactly when Open MPI kills them.
--------------------------------------------------------------------------
No protocol specified
--------------------------------------------------------------------------
MPI_ABORT was invoked on rank 0 in communicator MPI_COMM_WORLD
with errorcode 1.

NOTE: invoking MPI_ABORT causes Open MPI to kill all MPI processes.
You may or may not see output from other processes, depending on
exactly when Open MPI kills them.
--------------------------------------------------------------------------
No protocol specified
--------------------------------------------------------------------------
MPI_ABORT was invoked on rank 0 in communicator MPI_COMM_WORLD
with errorcode 1.

NOTE: invoking MPI_ABORT causes Open MPI to kill all MPI processes.
You may or may not see output from other processes, depending on
exactly when Open MPI kills them.
--------------------------------------------------------------------------
No protocol specified
--------------------------------------------------------------------------
MPI_ABORT was invoked on rank 0 in communicator MPI_COMM_WORLD
with errorcode 1.

NOTE: invoking MPI_ABORT causes Open MPI to kill all MPI processes.
You may or may not see output from other processes, depending on
exactly when Open MPI kills them.
--------------------------------------------------------------------------
No protocol specified
--------------------------------------------------------------------------
MPI_ABORT was invoked on rank 0 in communicator MPI_COMM_WORLD
with errorcode 1.

NOTE: invoking MPI_ABORT causes Open MPI to kill all MPI processes.
You may or may not see output from other processes, depending on
exactly when Open MPI kills them.
--------------------------------------------------------------------------
ls: cannot access '*_relax': No such file or directory
No protocol specified
--------------------------------------------------------------------------
MPI_ABORT was invoked on rank 0 in communicator MPI_COMM_WORLD
with errorcode 1.

NOTE: invoking MPI_ABORT causes Open MPI to kill all MPI processes.
You may or may not see output from other processes, depending on
exactly when Open MPI kills them.
--------------------------------------------------------------------------
No protocol specified

Check messages.log.mpinode0 for diagnostic messages.
No protocol specified

Check messages.log.mpinode0 for diagnostic messages.
No protocol specified

Check messages.log.mpinode0 for diagnostic messages.
No protocol specified
--------------------------------------------------------------------------
MPI_ABORT was invoked on rank 0 in communicator MPI_COMM_WORLD
with errorcode 1.

NOTE: invoking MPI_ABORT causes Open MPI to kill all MPI processes.
You may or may not see output from other processes, depending on
exactly when Open MPI kills them.
--------------------------------------------------------------------------
No protocol specified

Check messages.log.mpinode0 for diagnostic messages.
No protocol specified
--------------------------------------------------------------------------
MPI_ABORT was invoked on rank 0 in communicator MPI_COMM_WORLD
with errorcode 1.

NOTE: invoking MPI_ABORT causes Open MPI to kill all MPI processes.
You may or may not see output from other processes, depending on
exactly when Open MPI kills them.
--------------------------------------------------------------------------
No protocol specified

Check messages.log.mpinode0 for diagnostic messages.
No protocol specified
--------------------------------------------------------------------------
MPI_ABORT was invoked on rank 0 in communicator MPI_COMM_WORLD
with errorcode 1.

NOTE: invoking MPI_ABORT causes Open MPI to kill all MPI processes.
You may or may not see output from other processes, depending on
exactly when Open MPI kills them.
--------------------------------------------------------------------------
No protocol specified

Check messages.log.mpinode0 for diagnostic messages.
No protocol specified

Check messages.log.mpinode0 for diagnostic messages.
No protocol specified

Check messages.log.mpinode0 for diagnostic messages.
No protocol specified

Check messages.log.mpinode0 for diagnostic messages.
No protocol specified

Check messages.log.mpinode0 for diagnostic messages.
No protocol specified

Check messages.log.mpinode0 for diagnostic messages.
No protocol specified

Check messages.log.mpinode0 for diagnostic messages.
No protocol specified

Check messages.log.mpinode0 for diagnostic messages.
No protocol specified

Check messages.log.mpinode0 for diagnostic messages.
No protocol specified

Check messages.log.mpinode0 for diagnostic messages.
No protocol specified

Check messages.log.mpinode0 for diagnostic messages.
No protocol specified

Check messages.log.mpinode0 for diagnostic messages.
No protocol specified

Check messages.log.mpinode0 for diagnostic messages.
No protocol specified

Check messages.log.mpinode0 for diagnostic messages.
No protocol specified

Check messages.log.mpinode0 for diagnostic messages.
No protocol specified

Check messages.log.mpinode0 for diagnostic messages.
No protocol specified

Check messages.log.mpinode0 for diagnostic messages.
No protocol specified

Check messages.log.mpinode0 for diagnostic messages.
No protocol specified

Check messages.log.mpinode0 for diagnostic messages.
No protocol specified

Check messages.log.mpinode0 for diagnostic messages.
No protocol specified

Check messages.log.mpinode0 for diagnostic messages.
No protocol specified

Check messages.log.mpinode0 for diagnostic messages.
No protocol specified

Check messages.log.mpinode0 for diagnostic messages.
No protocol specified

Check messages.log.mpinode0 for diagnostic messages.
No protocol specified

Check messages.log.mpinode0 for diagnostic messages.
No protocol specified

Check messages.log.mpinode0 for diagnostic messages.
No protocol specified

Check messages.log.mpinode0 for diagnostic messages.
No protocol specified

Check messages.log.mpinode0 for diagnostic messages.
No protocol specified

Check messages.log.mpinode0 for diagnostic messages.
No protocol specified
--------------------------------------------------------------------------
MPI_ABORT was invoked on rank 0 in communicator MPI_COMM_WORLD
with errorcode 1.

NOTE: invoking MPI_ABORT causes Open MPI to kill all MPI processes.
You may or may not see output from other processes, depending on
exactly when Open MPI kills them.
--------------------------------------------------------------------------
No protocol specified

Check messages.log.mpinode0 for diagnostic messages.
No protocol specified

Check messages.log.mpinode0 for diagnostic messages.
No protocol specified
--------------------------------------------------------------------------
MPI_ABORT was invoked on rank 0 in communicator MPI_COMM_WORLD
with errorcode 1.

NOTE: invoking MPI_ABORT causes Open MPI to kill all MPI processes.
You may or may not see output from other processes, depending on
exactly when Open MPI kills them.
--------------------------------------------------------------------------
No protocol specified

Check messages.log.mpinode0 for diagnostic messages.
No protocol specified

Check messages.log.mpinode0 for diagnostic messages.
No protocol specified

Check messages.log.mpinode0 for diagnostic messages.
No protocol specified

Check messages.log.mpinode0 for diagnostic messages.
No protocol specified

Check messages.log.mpinode0 for diagnostic messages.
No protocol specified

Check messages.log.mpinode0 for diagnostic messages.
No protocol specified

Check messages.log.mpinode0 for diagnostic messages.
No protocol specified

Check messages.log.mpinode0 for diagnostic messages.
No protocol specified

Check messages.log.mpinode0 for diagnostic messages.
No protocol specified

Check messages.log.mpinode0 for diagnostic messages.
No protocol specified

Check messages.log.mpinode0 for diagnostic messages.
No protocol specified

Check messages.log.mpinode0 for diagnostic messages.
No protocol specified

Check messages.log.mpinode0 for diagnostic messages.
No protocol specified

Check messages.log.mpinode0 for diagnostic messages.
No protocol specified

Check messages.log.mpinode0 for diagnostic messages.
No protocol specified

Check messages.log.mpinode0 for diagnostic messages.
No protocol specified
--------------------------------------------------------------------------
MPI_ABORT was invoked on rank 0 in communicator MPI_COMM_WORLD
with errorcode 1.

NOTE: invoking MPI_ABORT causes Open MPI to kill all MPI processes.
You may or may not see output from other processes, depending on
exactly when Open MPI kills them.
--------------------------------------------------------------------------
No protocol specified

Check messages.log.mpinode0 for diagnostic messages.
No protocol specified

Check messages.log.mpinode0 for diagnostic messages.
No protocol specified

Check messages.log.mpinode0 for diagnostic messages.
No protocol specified

Check messages.log.mpinode0 for diagnostic messages.
No protocol specified

Check messages.log.mpinode0 for diagnostic messages.
No protocol specified

Check messages.log.mpinode0 for diagnostic messages.
No protocol specified

Check messages.log.mpinode0 for diagnostic messages.
No protocol specified

Check messages.log.mpinode0 for diagnostic messages.
No protocol specified

Check messages.log.mpinode0 for diagnostic messages.
No protocol specified

Check messages.log.mpinode0 for diagnostic messages.
No protocol specified

Check messages.log.mpinode0 for diagnostic messages.
No protocol specified

Check messages.log.mpinode0 for diagnostic messages.
No protocol specified

Check messages.log.mpinode0 for diagnostic messages.
No protocol specified

Check messages.log.mpinode0 for diagnostic messages.
No protocol specified

Check messages.log.mpinode0 for diagnostic messages.
No protocol specified

Check messages.log.mpinode0 for diagnostic messages.
No protocol specified

Check messages.log.mpinode0 for diagnostic messages.
No protocol specified

Check messages.log.mpinode0 for diagnostic messages.
No protocol specified

Check messages.log.mpinode0 for diagnostic messages.
No protocol specified

Check messages.log.mpinode0 for diagnostic messages.
No protocol specified

Check messages.log.mpinode0 for diagnostic messages.
No protocol specified

Check messages.log.mpinode0 for diagnostic messages.
No protocol specified

Check messages.log.mpinode0 for diagnostic messages.
No protocol specified

Check messages.log.mpinode0 for diagnostic messages.
No protocol specified

Check messages.log.mpinode0 for diagnostic messages.
No protocol specified

Check messages.log.mpinode0 for diagnostic messages.
No protocol specified

Check messages.log.mpinode0 for diagnostic messages.
No protocol specified

Check messages.log.mpinode0 for diagnostic messages.
No protocol specified

Check messages.log.mpinode0 for diagnostic messages.
No protocol specified

Check messages.log.mpinode0 for diagnostic messages.
No protocol specified

Check messages.log.mpinode0 for diagnostic messages.
No protocol specified

Check messages.log.mpinode0 for diagnostic messages.
No protocol specified

Check messages.log.mpinode0 for diagnostic messages.
No protocol specified

Check messages.log.mpinode0 for diagnostic messages.
No protocol specified

Check messages.log.mpinode0 for diagnostic messages.
No protocol specified

Check messages.log.mpinode0 for diagnostic messages.
No protocol specified

Check messages.log.mpinode0 for diagnostic messages.
No protocol specified

Check messages.log.mpinode0 for diagnostic messages.
No protocol specified

Check messages.log.mpinode0 for diagnostic messages.
No protocol specified

Check messages.log.mpinode0 for diagnostic messages.
No protocol specified

Check messages.log.mpinode0 for diagnostic messages.
No protocol specified

Check messages.log.mpinode0 for diagnostic messages.
No protocol specified

Check messages.log.mpinode0 for diagnostic messages.
No protocol specified

Check messages.log.mpinode0 for diagnostic messages.
No protocol specified

Check messages.log.mpinode0 for diagnostic messages.
No protocol specified

Check messages.log.mpinode0 for diagnostic messages.
No protocol specified

Check messages.log.mpinode0 for diagnostic messages.
No protocol specified
--------------------------------------------------------------------------
MPI_ABORT was invoked on rank 0 in communicator MPI_COMM_WORLD
with errorcode 1.

NOTE: invoking MPI_ABORT causes Open MPI to kill all MPI processes.
You may or may not see output from other processes, depending on
exactly when Open MPI kills them.
--------------------------------------------------------------------------
No protocol specified

Check messages.log.mpinode0 for diagnostic messages.
No protocol specified
--------------------------------------------------------------------------
MPI_ABORT was invoked on rank 0 in communicator MPI_COMM_WORLD
with errorcode 1.

NOTE: invoking MPI_ABORT causes Open MPI to kill all MPI processes.
You may or may not see output from other processes, depending on
exactly when Open MPI kills them.
--------------------------------------------------------------------------
No protocol specified
--------------------------------------------------------------------------
MPI_ABORT was invoked on rank 0 in communicator MPI_COMM_WORLD
with errorcode 1.

NOTE: invoking MPI_ABORT causes Open MPI to kill all MPI processes.
You may or may not see output from other processes, depending on
exactly when Open MPI kills them.
--------------------------------------------------------------------------
No protocol specified

Check messages.log.mpinode0 for diagnostic messages.
No protocol specified

Check messages.log.mpinode0 for diagnostic messages.

Check messages.log.mpinode0 for diagnostic messages.
No protocol specified

Check messages.log.mpinode0 for diagnostic messages.
Alligator_mississippiensis
Anolis_carolinensis
Bufo_bufo
Calypte_anna
Canis_lupus
Caretta_caretta
Cygnus_olor
Danio_rerio
Dermochelys_coriacea
Equus_caballus
Gallus_gallus
Homo_sapiens
Hyla_sarda
Latimeria_chalumnae
Loxodonta_africana
Mus_musculus
Orcinus_orca
Ornithorhynchus_anatinus
Oryzias_melastigma
Phascolarctos_cinereus
Poecilia_formosa
Poecilia_reticulata
Pogona_vitticeps
Rana_temporaria
Rhineura_floridana
Rhinolophus_ferrumequinum
Rissa_tridactyla
Sphenodon_punctatus
Taeniopygia_guttata
Thamnophis_elegans
Varanus_komodoensis
Xenopus_tropicalis
Error in library(ggplot2) : there is no package called ‘ggplot2’
Execution halted

Check messages.log.mpinode0 for diagnostic messages.
No protocol specified

Check messages.log.mpinode0 for diagnostic messages.
No protocol specified

Check messages.log.mpinode0 for diagnostic messages.
No protocol specified

Check messages.log.mpinode0 for diagnostic messages.
No protocol specified

Check messages.log.mpinode0 for diagnostic messages.
No protocol specified

Check messages.log.mpinode0 for diagnostic messages.
No protocol specified

Check messages.log.mpinode0 for diagnostic messages.
No protocol specified

Check messages.log.mpinode0 for diagnostic messages.
No protocol specified

Check messages.log.mpinode0 for diagnostic messages.
No protocol specified

Check messages.log.mpinode0 for diagnostic messages.
No protocol specified

Check messages.log.mpinode0 for diagnostic messages.
No protocol specified

Check messages.log.mpinode0 for diagnostic messages.
No protocol specified

Check messages.log.mpinode0 for diagnostic messages.
No protocol specified

Check messages.log.mpinode0 for diagnostic messages.
No protocol specified

Check messages.log.mpinode0 for diagnostic messages.
No protocol specified

Check messages.log.mpinode0 for diagnostic messages.
No protocol specified

Check messages.log.mpinode0 for diagnostic messages.
Alligator_mississippiensis
Anolis_carolinensis
Bufo_bufo
Calypte_anna
Canis_lupus
Caretta_caretta
Cygnus_olor
Danio_rerio
Dermochelys_coriacea
Equus_caballus
Gallus_gallus
Homo_sapiens
Hyla_sarda
Latimeria_chalumnae
Loxodonta_africana
Mus_musculus
Orcinus_orca
Ornithorhynchus_anatinus
Oryzias_melastigma
Phascolarctos_cinereus
Poecilia_formosa
Poecilia_reticulata
Pogona_vitticeps
Rana_temporaria
Rhineura_floridana
Rhinolophus_ferrumequinum
Rissa_tridactyla
Sphenodon_punctatus
Taeniopygia_guttata
Thamnophis_elegans
Varanus_komodoensis
Xenopus_tropicalis
Error in library(ggplot2) : there is no package called ‘ggplot2’
Execution halted

Check messages.log.mpinode0 for diagnostic messages.
No protocol specified

Check messages.log.mpinode0 for diagnostic messages.
No protocol specified

Check messages.log.mpinode0 for diagnostic messages.
No protocol specified

Check messages.log.mpinode0 for diagnostic messages.
No protocol specified

Check messages.log.mpinode0 for diagnostic messages.
No protocol specified

Check messages.log.mpinode0 for diagnostic messages.
No protocol specified

Check messages.log.mpinode0 for diagnostic messages.
No protocol specified

Check messages.log.mpinode0 for diagnostic messages.
No protocol specified

Check messages.log.mpinode0 for diagnostic messages.

Check messages.log.mpinode0 for diagnostic messages.
No protocol specified

Check messages.log.mpinode0 for diagnostic messages.
No protocol specified

Check messages.log.mpinode0 for diagnostic messages.
No protocol specified

Check messages.log.mpinode0 for diagnostic messages.
No protocol specified

Check messages.log.mpinode0 for diagnostic messages.
No protocol specified

Check messages.log.mpinode0 for diagnostic messages.
No protocol specified

Check messages.log.mpinode0 for diagnostic messages.
No protocol specified

Check messages.log.mpinode0 for diagnostic messages.
No protocol specified

Check messages.log.mpinode0 for diagnostic messages.
No protocol specified

Check messages.log.mpinode0 for diagnostic messages.
No protocol specified

Check messages.log.mpinode0 for diagnostic messages.
No protocol specified

Check messages.log.mpinode0 for diagnostic messages.
No protocol specified

Check messages.log.mpinode0 for diagnostic messages.
No protocol specified

Check messages.log.mpinode0 for diagnostic messages.
No protocol specified

Check messages.log.mpinode0 for diagnostic messages.
No protocol specified

Check messages.log.mpinode0 for diagnostic messages.
No protocol specified

Check messages.log.mpinode0 for diagnostic messages.
No protocol specified

Check messages.log.mpinode0 for diagnostic messages.
No protocol specified

Check messages.log.mpinode0 for diagnostic messages.
No protocol specified

Check messages.log.mpinode0 for diagnostic messages.
