ABCA1-19
ABCA5-23461
ABCG1-9619
ACKR2-1238
ACKR3-57007
ACKR4-51554
ACP5-54
ADAM9-8754
ADGRF5-221395
ADIPOQ-9370
AGER-177
AGT-183
AGTR1-185
AIF1-199
AIM2-9447
AKIRIN1-79647
AKT1-207
ALOX15B-247
ALPL-249
ANGPT1-284
APOB-338
APP-351
ARG2-384
ATM-472
AXL-558
AZU1-566
B4GALT1-2683
BAP1-8314
BCR-613
BGLAP-632
BMP4-652
BPI-671
C1QA-712
C1QC-714
C3AR1-719
C5-727
C5AR1-728
CALCA-796
CALHM2-51063
CARD8-22900
CARD9-64170
CASP10-843
CASP8-841
CCL23-6368
CCL2-6347
CCL3-6348
CCL4-6351
CCL5-6352
CCL7-6354
CCR2-729230
CCR5-1234
CD14-929
CD163-9332
CD200-4345
CD200R1-131450
CD34-947
CD36-948
CD44-960
CD4-920
CD74-972
CD80-941
CD81-975
CD84-8832
CD93-22918
CD9-928
CDC42-998
CDKN2A-1029
CEBPA-1050
CEBPE-1053
CETP-1071
CKLF-51192
CLEC4D-338339
CLEC4E-26253
CLEC6A-93978
CLEC7A-64581
CLU-1191
CMKLR1-1240
CNN2-1265
COLEC12-81035
COPS5-10987
CREB3-10488
CRP-1401
CRTC3-64784
CSF1-1435
CSF1R-1436
CSF2-1437
CSF2RA-1438
CSF2RB-1439
CST7-8530
CTSC-1075
CTSL-1514
CUEDC2-79004
CX3CL1-6376
CX3CR1-1524
CXCL16-58191
CXCL17-284340
CXCR4-7852
CYP19A1-1588
DCSTAMP-81501
DDT-100037417
DDT-1652
DHX16-8449
DIAPH3-81624
DMBT1-1755
DOK1-1796
DYSF-8291
EDN2-1907
EDNRB-1910
EIF2AK1-27102
EMILIN1-11117
ENDOU-8909
ENPP1-5167
ENPP2-5168
EPX-8288
ETV3-2117
FADD-8772
FCAR-2204
FCER2-2208
FCGR2B-2213
FCGR3A-2214
FCN1-2219
FER-2241
FGL2-10875
FOSL2-2355
FOXP1-27086
FPR2-2358
GAB3-139716
GATA2-2624
GATA3-2625
GBA1-2629
GHSR-2693
GJA8-2703
GPR137B-7107
GPRC5B-51704
GRN-2896
HAMP-57817
HAVCR2-84868
HCLS1-3059
HLA-DRB1-3123
HLA-G-3135
HSF1-3297
HSPD1-3329
ID2-3398
IFI35-3430
IFIH1-64135
IFNG-3458
IFNGR1-3459
IFNGR2-3460
IL10-3586
IL12B-3593
IL13-3596
IL15-3600
IL17D-53342
IL17F-112744
IL18-3606
IL1B-3553
IL1RL1-9173
IL23A-51561
IL23R-149233
IL31RA-133396
IL33-90865
IL34-146433
IL4-3565
IL4R-3566
IL6-3569
INHA-3623
INHBA-3624
IRAK3-11213
IRF3-3661
IRF7-3665
IRGM-345611
ISL1-3670
ITGAM-3684
ITGAV-3685
ITGB2-3689
ITGB3-3690
JAK2-3717
JMJD6-23210
KARS1-3735
KCNJ8-3764
L3MBTL3-84456
LAPTM5-7805
LARGE1-9215
LBP-3929
LDLR-3949
LGALS3-3958
LGALS3BP-3959
LIF-3976
LILRA2-11027
LILRB1-10859
LIPA-3988
LITAF-9516
LPL-4023
LRFN5-145581
LRP1-4035
LRRK2-120892
LY96-23643
MAPK1-5594
MAPK3-5595
MAPK9-5601
MAPKAPK2-9261
MAPT-4137
MARCO-8685
MCOLN2-255231
MCUB-55013
MDK-4192
MEF2C-4208
MEFV-4210
MEGF10-84466
MEGF11-84465
MFHAS1-9258
MIF-4282
MMP14-4323
MMP2-4313
MMP28-79148
MMP8-4317
MMP9-4318
MSR1-4481
MST1-4485
MST1R-4486
MSTN-2660
MTUS1-57509
MYD88-4615
MYO18A-399687
NAGLU-4669
NDP-4693
NFKB1-4790
NFKBIA-4792
NKX2-3-159296
NLRP1-22861
NLRP6-171389
NLRX1-79671
NMI-9111
NOD1-10392
NOD2-64127
NPR2-4882
NR1D1-9572
NR1H2-7376
NR1H3-10062
NR3C1-2908
NUP85-79902
OCSTAMP-128506
P2RX4-5025
P2RX7-5027
P2RY12-64805
PAEP-5047
PANX1-24145
PARP1-142
PDE1B-5153
PDE2A-5138
PF4-5196
PGLYRP1-8993
PGLYRP2-114770
PGLYRP3-114771
PGLYRP4-57115
PJA2-9867
PLA2G10-100652777
PLA2G10-8399
PLA2G2A-5320
PLA2G3-50487
PLA2G4A-5321
PLA2G5-5322
PLCG2-105369213
PLCG2-5336
PLEKHO2-80301
PPARA-5465
PPARG-5468
PRG2-5553
PRG4-10216
PRKCA-5578
PRKCE-5581
PRKCH-5583
PRLR-5618
PTAFR-5724
PTK2-5747
PTK2B-2185
PTPN2-5771
PTPRC-5788
PTPRJ-5795
PYCARD-29108
QKI-9444
RARRES2-5919
RB1-5925
RIGI-23586
RIPK1-8737
RIPK2-8767
ROR2-4920
RORA-6095
RPL13A-23521
RTN4-57142
SAA1-6288
SBNO2-22904
SCARA3-51435
SCARB1-949
SCARB2-950
SCARF1-8578
SCARF2-91179
SELENOK-58515
SELENOS-55829
SEMA7A-8482
SFTPD-6441
SHPK-23729
SIRPA-140885
SIRT1-23411
SLAMF1-6504
SLAMF8-56833
SLC11A1-6556
SNCA-6622
SOAT1-6646
SOAT2-8435
SOCS1-8651
SPACA3-124912
SPHK1-8877
SPON2-10417
SPP1-6696
SSC5D-284297
ST6GAL1-6480
STAB1-23166
STAB2-55576
STAP1-26228
STK39-27347
SUCNR1-56670
SYK-6850
SYT11-23208
TAFA3-284467
TAFA4-151647
TGFB1-7040
TGFB2-7042
TGFB3-7043
THBS1-7057
TICAM1-148022
TLR1-7096
TLR2-7097
TLR3-7098
TLR4-7099
TLR5-7100
TLR6-10333
TLR7-51284
TLR8-51311
TLR9-54106
TMEM106A-113277
TMEM229B-161145
TNF-7124
TNIP2-79155
TREM2-54209
TREX1-11277
TRIB1-10221
TRIM55-84675
TRIM5-85363
TRPV1-7442
TRPV4-59341
TSLP-85480
TTBK1-84630
TWIST1-7291
TYROBP-7305
UBE2J1-51465
UCP2-7351
VEGFA-7422
VPS13A-23230
VPS54-51542
VSIG4-11326
VTN-7448
WNK4-65266
WNT5A-7474
ZBTB46-140685
ZC3H12A-80149
ZFP36-7538
ZFP36L2-678
