Assembly_Accession-Organism
GCF_037993035.1-Macaca_fascicularis
GCF_047663525.1-Anas_platyrhynchos
GCF_002234675.1-Oryzias_latipes
GCF_019923935.1-Bubalus_bubalis
GCF_024713975.1-Paralichthys_olivaceus
GCF_028858775.2-Pan_troglodytes
GCF_023724105.1-Carassius_gibelio
GCF_029281585.2-Gorilla_gorilla
GCF_028885625.2-Pongo_pygmaeus
GCF_022458985.1-Mugil_cephalus
GCF_031168955.1-Gadus_macrocephalus
GCF_028878055.3-Symphalangus_syndactylus
GCF_000001405.40-Homo_sapiens
GCF_000001635.27-Mus_musculus
GCF_036323735.1-Rattus_norvegicus
GCF_000002035.6-Danio_rerio
GCF_000003025.6-Sus_scrofa
GCF_002263795.3-Bos_taurus
GCF_016699485.2-Gallus_gallus
GCF_011100685.1-Canis_lupus
GCF_003254725.2-Canis_lupus
GCF_003339765.1-Macaca_mulatta
GCF_016772045.2-Ovis_aries
GCF_017654675.1-Xenopus_laevis
GCF_001704415.2-Capra_hircus
GCF_964237555.1-Oryctolagus_cuniculus
GCF_041296265.1-Equus_caballus
GCF_013265735.2-Oncorhynchus_mykiss
GCF_905237065.1-Salmo_salar
GCF_001858045.2-Oreochromis_niloticus
GCF_018350175.1-Felis_catus
GCF_000004195.4-Xenopus_tropicalis
GCF_003668045.3-Cricetulus_griseus
GCF_016920845.1-Gasterosteus_aculeatus
GCF_011100555.1-Callithrix_jacchus
GCF_029378745.1-Bos_indicus
GCF_018340385.1-Cyprinus_carpio
GCF_040938575.1-Ambystoma_mexicanum
GCF_019924925.1-Ctenopharyngodon_idella
GCF_003368295.1-Carassius_auratus
GCF_003957565.2-Taeniopygia_guttata
GCF_000972845.2-Larimichthys_crocea
GCF_001577835.2-Coturnix_japonica
GCF_043380555.1-Nothobranchius_furzeri
GCF_900880675.1-Sparus_aurata
GCF_902167405.1-Gadus_morhua
GCF_040182565.1-Anser_cygnoides
GCF_022379125.1-Scophthalmus_maximus
GCF_011064425.1-Rattus_rattus
GCF_011125445.2-Fundulus_heteroclitus
GCF_027887165.1-Monodelphis_domestica
GCF_013347855.1-Anguilla_anguilla
GCF_001660625.3-Ictalurus_punctatus
GCF_008728515.1-Papio_anubis
GCF_022655615.1-Tachysurus_fulvidraco
GCF_000146605.3-Meleagris_gallopavo
GCF_000523025.1-Cynoglossus_semilaevis
GCF_036013475.1-Columba_livia
GCF_901001165.1-Salmo_trutta
GCF_023375975.1-Astyanax_mexicanus
GCF_043159975.1-Macaca_nemestrina
GCF_016881025.1-Ictidomys_tridecemlineatus
GCF_002922805.2-Oryzias_melastigma
GCF_041296235.1-Equus_asinus
GCF_033026475.1-Channa_argus
GCF_002007445.2-Ailuropoda_melanoleuca
GCF_901000725.2-Takifugu_rubripes
GCF_001640805.2-Lates_calcarifer
GCF_011762595.1-Tursiops_truncatus
GCF_018296145.1-Oncorhynchus_tshawytscha
GCF_000633615.1-Poecilia_reticulata
GCF_035594765.1-Anolis_carolinensis
GCF_020085105.1-Siniperca_chuatsi
GCF_018812025.1-Megalobrama_amblycephala
GCF_010993605.1-Petromyzon_marinus
GCF_022985175.1-Labeo_rohita
GCF_013100865.1-Trachemys_scripta
GCF_003704035.1-Peromyscus_maniculatus
GCF_004115265.2-Rhinolophus_ferrumequinum
GCF_028641065.1-Leucoraja_erinaceus
GCF_002021735.2-Oncorhynchus_kisutch
GCF_036321535.1-Camelus_dromedarius
GCF_018350195.1-Panthera_tigris
GCF_020171115.1-Neogale_vison
GCF_902635505.1-Sarcophilus_harrisii
GCF_003369695.1-Bos_indicus
GCF_036370855.1-Dromaius_novaehollandiae
GCF_019176455.1-Solea_senegalensis
GCF_024166365.1-Elephas_maximus
GCF_027358585.1-Pangasianodon_hypophthalmus
GCF_027580225.1-Misgurnus_anguillicaudatus
GCF_963082965.1-Carassius_carassius
GCF_029448725.1-Salvelinus_fontinalis
GCF_000317375.1-Microtus_ochrogaster
GCF_900496995.4-Aquila_chrysaetos
GCF_015237465.2-Chelonia_mydas
GCF_031143425.1-Pleurodeles_waltl
GCF_030445035.2-Dasypus_novemcinctus
GCF_022539315.1-Serinus_canaria
GCF_900634795.4-Betta_splendens
GCF_005281545.1-Epinephelus_lanceolatus
GCF_036934945.1-Oncorhynchus_masou
GCF_030014295.1-Loxodonta_africana
GCF_030254825.1-Meriones_unguiculatus
GCF_030867095.1-Alligator_mississippiensis
GCF_023375685.1-Ictalurus_furcatus
GCF_009819705.1-Hippoglossus_hippoglossus
GCF_017639515.1-Carcharodon_carcharias
GCF_004664715.2-Peromyscus_leucopus
GCF_034236695.1-Oncorhynchus_nerka
GCF_020615455.1-Coregonus_clupeaformis
GCF_001649575.2-Kryptolebias_marmoratus
GCF_004115215.2-Ornithorhynchus_anatinus
GCF_011397635.1-Epinephelus_fuscoguttatus
GCF_030014155.1-Tachysurus_vachellii
GCF_010015445.1-Perca_fluviatilis
GCF_900700415.2-Clupea_harengus
GCF_037176765.1-Anolis_sagrei
GCF_023065955.2-Ursus_arctos
GCF_040807025.1-Struthio_camelus
GCF_011386835.1-Chrysemys_picta
GCF_028583425.1-Eublepharis_macularius
GCF_900964775.1-Scleropages_formosus
GCF_007565055.1-Rhinopithecus_roxellana
GCF_004354835.1-Perca_flavescens
GCF_902713615.1-Scyliorhinus_canicula
GCF_019279795.1-Protopterus_annectens
GCF_949316345.1-Pungitius_pungitius
GCF_008729295.1-Plectropomus_leopardus
GCF_001522545.3-Parus_major
GCF_910594005.1-Cervus_elaphus
GCF_035770615.1-Melospiza_melodia
GCF_028885655.2-Pongo_abelii
GCF_018345385.1-Vulpes_lagopus
GCF_016161935.1-Mauremys_reevesii
GCF_914725855.1-Thunnus_albacares
GCF_030020395.1-Manis_pentadactyla
GCF_015852505.1-Tachyglossus_aculeatus
GCF_020382885.2-Scatophagus_argus
GCF_012275295.1-Melopsittacus_undulatus
GCF_904848185.1-Acanthopagrus_latus
GCF_963930625.1-Muntiacus_reevesi
GCF_016432855.1-Salvelinus_namaycush
GCF_022539595.1-Amphiprion_ocellaris
GCF_023699985.2-Odocoileus_virginianus
GCF_023634155.1-Falco_peregrinus
GCF_045679555.1-Salvelinus_alpinus
GCF_963924715.1-Thunnus_thynnus
GCF_027475565.1-Acinonyx_jubatus
GCF_018350215.1-Panthera_leo
GCF_028021215.1-Eschrichtius_robustus
GCF_027580195.1-Bos_mutus
GCF_011004845.1-Esox_lucius
GCF_036417665.1-Passer_domesticus
GCF_023653815.2-Caretta_caretta
GCF_018139145.2-Gymnogyps_californianus
GCF_024217435.2-Syngnathus_scovelli
GCF_006542625.1-Nomascus_leucogenys
GCF_900324465.2-Anabas_testudineus
GCF_022682495.2-Desmodus_rotundus
GCF_905171775.1-Rana_temporaria
GCF_021347895.1-Acanthochromis_polyacanthus
GCF_963930695.1-Labrus_bergylta
GCF_023373465.1-Oncorhynchus_keta
GCF_014858855.1-Bufo_gargarizans
GCF_042477335.2-Ovis_canadensis
GCF_015227805.2-Hirundo_rustica
GCF_016509475.1-Prionailurus_bengalensis
GCF_045791955.1-Oncorhynchus_clarkii
GCF_029289425.2-Pan_paniscus
GCF_037176945.1-Latimeria_chalumnae
GCF_024256425.1-Clarias_gariepinus
GCF_902362185.1-Chanos_chanos
GCF_023634085.1-Falco_cherrug
GCF_017976375.1-Cuculus_canorus
GCF_041296385.1-Aphelocoma_coerulescens
GCF_027477595.1-Haemorhous_mexicanus
GCF_003957555.1-Calypte_anna
GCF_030435755.1-Ochotona_princeps
GCF_902713425.1-Acipenser_ruthenus
GCF_013358815.1-Electrophorus_electricus
GCF_008315115.2-Sander_lucioperca
GCF_018555375.3-Anguilla_rostrata
GCF_009769545.1-Cyclopterus_lumpus
GCF_016835505.1-Polypterus_senegalus
GCF_027595985.1-Sorex_araneus
GCF_958295425.1-Solea_solea
GCF_018492685.1-Alosa_sapidissima
GCF_000238955.4-Maylandia_zebra
GCF_021917145.1-Hypomesus_transpacificus
GCF_002078875.1-Numida_meleagris
GCF_002837175.3-Physeter_macrocephalus
GCF_004010195.1-Chiloscyllium_plagiosum
GCF_005870125.1-Lonchura_striata
GCF_023159225.1-Perognathus_longimembris
GCF_922984935.1-Meles_meles
GCF_047511675.1-Marmota_flaviventris
GCF_027574615.1-Eptesicus_fuscus
GCF_937001465.1-Orcinus_orca
GCF_019703515.2-Myxocyprinus_asiaticus
GCF_009762305.2-Zalophus_californianus
GCF_902655055.1-Lutra_lutra
GCF_910596095.1-Thunnus_maccoyii
GCF_037783145.1-Equus_przewalskii
GCF_020745825.1-Agelaius_phoeniceus
GCF_028858725.1-Colius_striatus
GCF_040954835.1-Lepisosteus_oculatus
GCF_028389875.1-Rhea_pennata
GCF_014839835.1-Dryobates_pubescens
GCF_929443795.1-Accipiter_gentilis
GCF_036373705.1-Amia_calva
GCF_015220075.1-Falco_rusticolus
GCF_902686445.1-Sciurus_carolinensis
GCF_019740435.1-Gambusia_affinis
GCF_011762505.1-Arvicanthis_niloticus
GCF_002775205.1-Xiphophorus_maculatus
GCF_033807715.1-Cololabis_saira
GCF_036324505.1-Eleginops_maclovinus
GCF_009819885.2-Catharus_ustulatus
GCF_947461875.1-Haliaeetus_albicilla
GCF_900246225.1-Astatotilapia_calliptera
GCF_003711565.1-Takifugu_flavidus
GCF_013358895.1-Oreochromis_aureus
GCF_963924675.1-Phocoena_phocoena
GCF_027596085.1-Anoplopoma_fimbria
GCF_949316205.1-Platichthys_flesus
GCF_021184085.1-Oncorhynchus_gorbuscha
GCF_015708825.1-Lethenteron_reissneri
GCF_963854185.1-Sardina_pilchardus
GCF_000165445.2-Microcebus_murinus
GCF_028533385.1-Panthera_onca
GCF_021869965.1-Rhincodon_typus
GCF_023343835.1-Lagopus_muta
GCF_028769735.1-Zonotrichia_leucophrys
GCF_949987535.1-Balaenoptera_acutorostrata
GCF_030028045.1-Hippopotamus_amphibius
GCF_024542745.1-Macaca_thibetana
GCF_036417845.1-Apteryx_mantelli
GCF_021613505.1-Equus_quagga
GCF_029407905.1-Bubalus_kerabau
GCF_028018385.1-Neofelis_nebulosa
GCF_037038585.1-Patagioenas_fasciata
GCF_033115175.1-Lepus_europaeus
GCF_026419965.1-Kogia_breviceps
GCF_027406575.1-Nycticebus_coucang
GCF_019393635.1-Dromiciops_gliroides
GCF_020740605.2-Lemur_catta
GCF_028858705.1-Grus_americana
GCF_037042795.1-Molothrus_aeneus
GCF_036013445.1-Caloenas_nicobarica
GCF_023638135.1-Falco_biarmicus
GCF_020740725.1-Corvus_hawaiiensis
GCF_020740685.1-Jaculus_jaculus
GCF_019097595.1-Hemibagrus_wyckioides
GCF_015220235.1-Choloepus_didactylus
GCF_037157495.1-Lathamus_discolor
GCF_009819795.1-Aythya_fuligula
GCF_017976325.1-Chelmon_rostratus
GCF_026419915.1-Harpia_harpyja
GCF_018320785.1-Cheilinus_undulatus
GCF_026979565.1-Vidua_chalybeata
GCF_020497125.1-Mauremys_mutica
GCF_030936135.1-Gavia_stellata
GCF_012460135.2-Molothrus_ater
GCF_014805685.1-Silurus_meridionalis
GCF_015220715.1-Pygocentrus_nattereri
GCF_009650955.1-Corvus_moneduloides
GCF_012432095.1-Onychostoma_macrolepis
GCF_036250125.1-Pseudopipra_pipra
GCF_030273125.1-Centropristis_striata
GCF_033458585.1-Syngnathus_typhle
GCF_020745735.1-Hemiscyllium_ocellatum
GCF_030490865.1-Poecile_atricapillus
GCF_009769625.2-Cygnus_olor
GCF_900324485.2-Mastacembelus_armatus
GCF_009764565.3-Dermochelys_coriacea
GCF_004126475.2-Phyllostomus_discolor
GCF_009873245.2-Balaenoptera_musculus
GCF_016859285.1-Xiphias_gladius
GCF_024679245.1-Pseudorasbora_parva
GCF_963921805.1-Phalacrocorax_carbo
GCF_009769535.1-Thamnophis_elegans
GCF_011100635.1-Trichosurus_vulpecula
GCF_963924245.1-Chroicocephalus_ridibundus
GCF_905171765.1-Bufo_bufo
GCF_949987515.2-Delphinus_delphis
GCF_009829125.3-Periophthalmus_magnuspinnatus
GCF_963691925.1-Scomber_scombrus
GCF_034702125.1-Engraulis_encrasicolus
GCF_017589495.1-Alosa_alosa
GCF_950295315.1-Erinaceus_europaeus
GCF_004329235.1-Podarcis_muralis
GCF_038355195.1-Osmerus_mordax
GCF_000247815.1-Ficedula_albicollis
GCF_023721935.1-Panthera_uncia
GCF_006386435.1-Epinephelus_moara
GCF_006229205.1-Suricata_suricatta
GCF_021292245.1-Micropterus_dolomieu
GCF_015220805.1-Pogoniulus_pusillus
GCF_023053635.1-Elgaria_multicarinata
GCF_027887155.1-Malaclemys_terrapin
GCF_020826845.1-Diceros_bicornis
GCF_000738735.6-Corvus_cornix
GCF_015832195.1-Motacilla_alba
GCF_028017835.1-Emys_orbicularis
GCF_030435805.1-Mustela_lutreola
GCF_033118175.1-Dama_dama
GCF_022837055.1-Prionailurus_viverrinus
GCF_023091745.1-Budorcas_taxicolor
GCF_027172205.1-Podarcis_raffonei
GCF_028564815.1-Eubalaena_glacialis
GCF_009829155.1-Mustela_erminea
GCF_035046505.1-Tiliqua_scincoides
GCF_036172605.1-Pelobates_fuscus
GCF_013377495.2-Cygnus_atratus
GCF_020740795.1-Apus_apus
GCF_028640845.1-Ahaetulla_prasina
GCF_013368605.1-Nyctibius_grandis
GCF_027358695.1-Spea_bombifrons
GCF_008692025.1-Phocoena_sinus
GCF_030265055.1-Doryrhamphus_excisus
GCF_009829145.1-Chiroxiphia_lanceolata
GCF_021018895.1-Seriola_aureovittata
GCF_032191515.1-Phaenicophaeus_curvirostris
GCF_009764475.1-Pristis_pectinata
GCF_024500275.1-Phycodurus_eques
GCF_901933205.1-Camarhynchus_parvulus
GCF_028500815.1-Rissa_tridactyla
GCF_001444195.1-Xiphophorus_couchianus
GCF_027579695.1-Neoarius_graeffei
GCF_032444005.1-Ranitomeya_imitator
GCF_017639655.2-Falco_naumanni
GCF_900963305.1-Echeneis_naucrates
GCF_031753505.1-Anomalospiza_imberbis
GCF_027579445.1-Ammospiza_nelsoni
GCF_901709675.1-Syngnathus_acus
GCF_028018845.1-Melospiza_georgiana
GCF_035609145.1-Eleutherodactylus_coqui
GCF_024500385.1-Phyllopteryx_taeniolatus
GCF_004027225.2-Strigops_habroptila
GCF_015846415.1-Triplophysa_dalaica
GCF_027791375.1-Indicator_indicator
GCF_036169615.1-Heliangelus_exortis
GCF_027887145.1-Ammospiza_caudacuta
GCF_021018805.1-Prinia_subflava
GCF_029582105.1-Oenanthe_melanoleuca
GCF_024509145.1-Vidua_macroura
GCF_009819655.1-Sylvia_atricapilla
GCF_003331165.1-Xiphophorus_hellerii
GCF_025201925.1-Gopherus_flavomarginatus
GCF_009834535.1-Camelus_ferus
GCF_027409825.1-Scomber_japonicus
GCF_947179515.1-Apodemus_sylvaticus
GCF_023856365.1-Brienomyrus_brachyistius
GCF_027579735.1-Bombina_bombina
GCF_009762535.1-Notolabrus_celidotus
GCF_963662255.1-Cinclus_cinclus
GCF_963506605.1-Zootoca_vivipara
GCF_017654505.1-Polyodon_spathula
GCF_963576545.1-Limanda_limanda
GCF_963932015.1-Anas_acuta
GCF_963455315.2-Globicephala_melas
GCF_963514075.1-Conger_conger
GCF_963259705.1-Myotis_daubentonii
GCF_902148845.1-Salarias_fasciatus
GCF_902148855.1-Sphaeramia_orbicularis
GCF_903995425.1-Onychomys_torridus
GCF_018831695.1-Puntigrus_tetrazona
GCF_029633865.1-Lampris_incognitus
GCF_019320065.1-Cervus_canadensis
GCF_040869285.1-Myxine_glutinosa
GCF_026213295.1-Gadus_chalcogrammus
GCF_003255815.1-Theropithecus_gelada
GCF_022355385.1-Mustela_nigripes
GCF_900095145.1-Mus_pahari
GCF_014905685.2-Nematolebias_whitei
GCF_047495875.1-Pithys_albifrons
GCF_027244095.1-Hemicordylus_capensis
GCF_018350155.1-Leopardus_geoffroyi
GCF_032405125.1-Capricornis_sumatraensis
GCF_041146395.1-Eulemur_rufifrons
GCF_027409185.1-Cynocephalus_volans
GCF_039906515.1-Pseudorca_crassidens
GCF_035149785.1-Candoia_aspera
GCF_016432865.1-Antechinus_flavipes
GCF_025265405.1-Mesoplodon_densirostris
GCF_032452875.1-Bos_javanicus
GCF_028023285.1-Balaenoptera_ricei
GCF_950005125.1-Chionomys_nivalis
GCF_029931775.1-Euleptes_europaea
GCF_013368585.1-Megalops_cyprinoides
GCF_027744805.1-Dunckerocampus_dactyliophorus
GCF_027744825.2-Synchiropus_splendidus
GCF_963921235.1-Mobula_hypostoma
GCF_024489055.1-Chanodichthys_erythropterus
GCF_039877785.1-Chaetodon_trifascialis
GCF_040054535.1-Antennarius_striatus
GCF_902459505.1-Geotrypetes_seraphini
GCF_036850765.1-Saccopteryx_bilineata
GCF_030035675.1-Rhineura_floridana
GCF_036850995.1-Saccopteryx_leptura
GCF_043641665.1-Enoplosus_armatus
GCF_017976425.1-Toxotes_jaculatrix
GCF_902150065.1-Myripristis_murdjan
GCF_032191835.1-Heteronotia_binoei
GCF_021462225.1-Girardinichthys_multiradiatus
GCF_030014385.1-Trichomycterus_rosablanca
GCF_007399415.2-Gopherus_evgoodei
GCF_042242105.1-Pempheris_klunzingeri
GCF_015220745.1-Sebastes_umbrosus
GCF_016906955.1-Phacochoerus_africanus
GCF_017639745.1-Melanotaenia_boesemani
GCF_027789765.1-Dendropsophus_ebraccatus
GCF_007474595.2-Lynx_canadensis
GCF_028390025.1-Pseudophryne_corroboree
GCF_900747795.2-Erpetoichthys_calabaricus
GCF_009819535.1-Lacerta_agilis
GCF_900634415.1-Cottoperca_gobio
GCF_030684315.1-Stegostoma_tigrinum
GCF_903992535.2-Arvicola_amphibius
GCF_036971445.1-Narcine_bancroftii
GCF_025860055.1-Xyrauchen_texanus
GCF_900634625.1-Parambassis_ranga
GCF_024139225.1-Suncus_etruscus
GCF_035084215.1-Heptranchias_perlo
GCF_022539355.2-Hippoglossus_stenolepis
GCF_903995435.1-Acomys_russatus
GCF_030144855.1-Hypanus_sabinus
GCF_029499605.1-Hyla_sarda
GCF_901765095.1-Microcaecilia_unicolor
GCF_029633855.1-Hoplias_malabaricus
GCF_036365525.1-Heterodontus_francisci
GCF_949774975.1-Lagenorhynchus_albirostris
GCF_901001135.1-Rhinatrema_bivittatum
GCF_031021105.1-Erythrolamprus_reginae
GCF_900700375.1-Denticeps_clupeoides
GCF_963584025.1-Labrus_mixtus
GCF_040937935.1-Hyperolius_riggenbachi
GCF_902500255.1-Thalassophryne_amazonica
GCF_007364275.1-Archocentrus_centrarchus
GCF_033978785.1-Entelurus_aequoreus
GCF_044704955.1-Pristiophorus_japonicus
GCF_900634775.1-Gouania_willdenowi
GCF_903798145.1-Danio_aesculapii
GCF_947347685.1-Pleuronectes_platessa
GCF_010909765.2-Amblyraja_radiata
GCF_949786415.1-Peromyscus_eremicus
GCF_902827115.2-Pseudochaenichthys_georgianus
GCF_040956055.1-Brachionichthys_hirsutus
GCF_963692335.1-Osmerus_eperlanus
GCF_024868665.1-Triplophysa_rosa
GCF_002201575.2-Neomonachus_schauinslandi
GCF_011077185.1-Oxyura_jamaicensis
GCF_002776525.5-Piliocolobus_tephrosceles
GCF_019175285.1-Sceloporus_undulatus
GCF_013103735.1-Etheostoma_cragini
GCF_900094665.2-Mus_caroli
GCF_008632895.1-Mastomys_coucha
GCF_008692095.1-Etheostoma_spectabile
GCF_030265065.1-Corythoichthys_intestinalis
GCF_036321145.2-Pelmatolapia_mariae
GCF_025434085.1-Hippocampus_zosterae
GCF_019802595.1-Syngnathoides_biaculeatus
GCF_021028975.2-Sphaerodactylus_townsendi
GCF_033978795.1-Nerophis_ophidion
GCF_029220125.1-Pseudoliparis_swirei
GCF_016433145.1-Gracilinanus_agilis
