BLASTN 2.9.0+


Reference: Stephen F. Altschul, Thomas L. Madden, Alejandro A.
Schaffer, Jinghui Zhang, Zheng Zhang, Webb Miller, and David J.
Lipman (1997), "Gapped BLAST and PSI-BLAST: a new generation of
protein database search programs", Nucleic Acids Res. 25:3389-3402.



Database: GCA_044758725.1_ASM4475872v1_genomic.fna
           869,906 sequences; 1,876,020,895 total letters



Query= Homo_sapiens_NM_080819.5-GPR78

Length=1092


***** No hits found *****



Lambda      K        H
   0.634    0.408    0.912 

Gapped
Lambda      K        H
   0.625    0.410    0.780 

Effective search space used: 1956305522823


  Database: GCA_044758725.1_ASM4475872v1_genomic.fna
    Posted date:  Apr 27, 2025  11:52 AM
  Number of letters in database: 1,876,020,895
  Number of sequences in database:  869,906



Matrix: blastn matrix 2 -3
Gap Penalties: Existence: 5, Extension: 2
