BLASTN 2.9.0+


Reference: Stephen F. Altschul, Thomas L. Madden, Alejandro A.
Schaffer, Jinghui Zhang, Zheng Zhang, Webb Miller, and David J.
Lipman (1997), "Gapped BLAST and PSI-BLAST: a new generation of
protein database search programs", Nucleic Acids Res. 25:3389-3402.



Database: GCA_029233225.1_rLeplis1.pri.20221122_genomic.fna
           402 sequences; 2,348,847,456 total letters



Query= Homo_sapiens_NM_080819.5-GPR78

Length=1092
                                                                      Score        E
Sequences producing significant alignments:                          (Bits)     Value

JARCFY010000015.1 Lepidodactylus listeri isolate LG282 scaf_015, ...  48.2       0.008



Query_1  552       GCTGGCGGTGCTCTGCCTCACCTCGCTCCAG  582
14       12431010  ........A.......T..............  12430980


Lambda      K        H
   0.634    0.408    0.912 

Gapped
Lambda      K        H
   0.625    0.410    0.780 

Effective search space used: 2487415407210


  Database: GCA_029233225.1_rLeplis1.pri.20221122_genomic.fna
    Posted date:  Apr 27, 2025  8:53 AM
  Number of letters in database: 2,348,847,456
  Number of sequences in database:  402



Matrix: blastn matrix 2 -3
Gap Penalties: Existence: 5, Extension: 2
