BLASTN 2.9.0+


Reference: Stephen F. Altschul, Thomas L. Madden, Alejandro A.
Schaffer, Jinghui Zhang, Zheng Zhang, Webb Miller, and David J.
Lipman (1997), "Gapped BLAST and PSI-BLAST: a new generation of
protein database search programs", Nucleic Acids Res. 25:3389-3402.



Database: GCA_030556195.1_ASM3055619v1_genomic.fna
           9,445 sequences; 2,423,005,677 total letters



Query= Homo_sapiens_NM_080819.5-GPR78

Length=1092
                                                                      Score        E
Sequences producing significant alignments:                          (Bits)     Value

JARBWK010000009.1 Anolis apletophallus strain AnoAple_1.1 Scaffol...  47.3       0.028



Query_1  155       ACCTGCTGCTGGCGGCGCTGGACATGCCCTTCACGCTG  192
8        30013325  ..G.....G............TG.........T.....  30013288


Lambda      K        H
   0.634    0.408    0.912 

Gapped
Lambda      K        H
   0.625    0.410    0.780 

Effective search space used: 2565632937528


  Database: GCA_030556195.1_ASM3055619v1_genomic.fna
    Posted date:  Apr 27, 2025  5:55 AM
  Number of letters in database: 2,423,005,677
  Number of sequences in database:  9,445



Matrix: blastn matrix 2 -3
Gap Penalties: Existence: 5, Extension: 2
