BLASTN 2.9.0+


Reference: Stephen F. Altschul, Thomas L. Madden, Alejandro A.
Schaffer, Jinghui Zhang, Zheng Zhang, Webb Miller, and David J.
Lipman (1997), "Gapped BLAST and PSI-BLAST: a new generation of
protein database search programs", Nucleic Acids Res. 25:3389-3402.



Database: GCF_009769535.1_rThaEle1.pri_genomic.fna
           365 sequences; 1,672,190,305 total letters



Query= Homo_sapiens_NM_080819.5-GPR78

Length=1092


***** No hits found *****



Lambda      K        H
   0.634    0.408    0.912 

Gapped
Lambda      K        H
   0.625    0.410    0.780 

Effective search space used: 1772509342500


  Database: GCF_009769535.1_rThaEle1.pri_genomic.fna
    Posted date:  Apr 27, 2025  12:09 AM
  Number of letters in database: 1,672,190,305
  Number of sequences in database:  365



Matrix: blastn matrix 2 -3
Gap Penalties: Existence: 5, Extension: 2
