BLASTN 2.9.0+


Reference: Stephen F. Altschul, Thomas L. Madden, Alejandro A.
Schaffer, Jinghui Zhang, Zheng Zhang, Webb Miller, and David J.
Lipman (1997), "Gapped BLAST and PSI-BLAST: a new generation of
protein database search programs", Nucleic Acids Res. 25:3389-3402.



Database: GCA_001625485.2_ASM162548v2_genomic.fna
           5,707 sequences; 1,574,170,127 total letters



Query= Homo_sapiens_NM_080819.5-GPR78

Length=1092
                                                                      Score        E
Sequences producing significant alignments:                          (Bits)     Value

LVCR02005706.1 Crotalus horridus isolate 016-059-111 scaffold_978...  46.4       0.018



Query_1  18       GCTGCTGGCGGGTCTCCTGGTGATGGTACTGGCCG  52
5705     2301954  ............C.........C..C.G.......  2301988


Lambda      K        H
   0.634    0.408    0.912 

Gapped
Lambda      K        H
   0.625    0.410    0.780 

Effective search space used: 1668426753180


  Database: GCA_001625485.2_ASM162548v2_genomic.fna
    Posted date:  Apr 27, 2025  5:50 AM
  Number of letters in database: 1,574,170,127
  Number of sequences in database:  5,707



Matrix: blastn matrix 2 -3
Gap Penalties: Existence: 5, Extension: 2
