BLASTN 2.9.0+


Reference: Stephen F. Altschul, Thomas L. Madden, Alejandro A.
Schaffer, Jinghui Zhang, Zheng Zhang, Webb Miller, and David J.
Lipman (1997), "Gapped BLAST and PSI-BLAST: a new generation of
protein database search programs", Nucleic Acids Res. 25:3389-3402.



Database: GCA_047404615.1_ASM4740461v1_genomic.fna
           971,245 sequences; 951,943,030 total letters



Query= Homo_sapiens_NM_080819.5-GPR78

Length=1092
                                                                      Score        E
Sequences producing significant alignments:                          (Bits)     Value

JBKOKC010794857.1 Varanus macraei isolate KGYV6RTTXK 794858, whol...  44.6       0.037
JBKOKC010472174.1 Varanus macraei isolate KGYV6RTTXK 472175, whol...  44.6       0.037
JBKOKC010147771.1 Varanus macraei isolate KGYV6RTTXK 147771, whol...  44.6       0.037



Query_1  140  ATCTGTCTCTGGGCCACCTGCTGCTGGCGGCGCT  173
794856   552  .......C.......C....AA............  585
472173   553  .......C.......C....AA............  586
147770   554  .......C.......C....AA............  587


Lambda      K        H
   0.634    0.408    0.912 

Gapped
Lambda      K        H
   0.625    0.410    0.780 

Effective search space used: 976114981400


  Database: GCA_047404615.1_ASM4740461v1_genomic.fna
    Posted date:  Apr 27, 2025  8:35 PM
  Number of letters in database: 951,943,030
  Number of sequences in database:  971,245



Matrix: blastn matrix 2 -3
Gap Penalties: Existence: 5, Extension: 2
