BLASTN 2.9.0+


Reference: Stephen F. Altschul, Thomas L. Madden, Alejandro A.
Schaffer, Jinghui Zhang, Zheng Zhang, Webb Miller, and David J.
Lipman (1997), "Gapped BLAST and PSI-BLAST: a new generation of
protein database search programs", Nucleic Acids Res. 25:3389-3402.



Database: GCA_947247035.1_rVipUrs1.1_genomic.fna
           384 sequences; 1,625,023,540 total letters



Query= Homo_sapiens_NM_080819.5-GPR78

Length=1092
                                                                      Score        E
Sequences producing significant alignments:                          (Bits)     Value

OX365973.1 Vipera ursinii genome assembly, chromosome: 8              46.4       0.019



Query_1  18        GCTGCTGGCGGGTCTCCTGGTGATGGTACTGGCCG  52
13       21739064  ............C.........C..C.G.......  21739098


Lambda      K        H
   0.634    0.408    0.912 

Gapped
Lambda      K        H
   0.625    0.410    0.780 

Effective search space used: 1722511927120


  Database: GCA_947247035.1_rVipUrs1.1_genomic.fna
    Posted date:  Apr 27, 2025  2:14 AM
  Number of letters in database: 1,625,023,540
  Number of sequences in database:  384



Matrix: blastn matrix 2 -3
Gap Penalties: Existence: 5, Extension: 2
