BLASTN 2.9.0+


Reference: Stephen F. Altschul, Thomas L. Madden, Alejandro A.
Schaffer, Jinghui Zhang, Zheng Zhang, Webb Miller, and David J.
Lipman (1997), "Gapped BLAST and PSI-BLAST: a new generation of
protein database search programs", Nucleic Acids Res. 25:3389-3402.



Database: GCF_021028975.2_MPM_Stown_v2.3_genomic.fna
           1,742 sequences; 1,810,846,735 total letters



Query= Homo_sapiens_NM_014485.3-HPGDS

Length=600
                                                                      Score        E
Sequences producing significant alignments:                          (Bits)     Value

NC_059425.1 Sphaerodactylus townsendi isolate TG3544 linkage grou...  45.5       0.039



Query_1  286       GATGATTTCATGTCATGTTTTCCTTGGGCAGA  317
0        77343012  ..G..........AG.................  77343043


Lambda      K        H
   0.634    0.408    0.912 

Gapped
Lambda      K        H
   0.625    0.410    0.780 

Effective search space used: 1028529282888


  Database: GCF_021028975.2_MPM_Stown_v2.3_genomic.fna
    Posted date:  Apr 27, 2025  3:18 AM
  Number of letters in database: 1,810,846,735
  Number of sequences in database:  1,742



Matrix: blastn matrix 2 -3
Gap Penalties: Existence: 5, Extension: 2
