BLASTN 2.9.0+


Reference: Stephen F. Altschul, Thomas L. Madden, Alejandro A.
Schaffer, Jinghui Zhang, Zheng Zhang, Webb Miller, and David J.
Lipman (1997), "Gapped BLAST and PSI-BLAST: a new generation of
protein database search programs", Nucleic Acids Res. 25:3389-3402.



Database: GCA_027559625.1_ASM2755962v1_genomic.fna
           110,412 sequences; 1,380,678,911 total letters



Query= Homo_sapiens_NM_002351.5-SH2D1A

Length=387


***** No hits found *****



Lambda      K        H
   0.634    0.408    0.912 

Gapped
Lambda      K        H
   0.625    0.410    0.780 

Effective search space used: 490303185484


  Database: GCA_027559625.1_ASM2755962v1_genomic.fna
    Posted date:  Apr 27, 2025  10:29 AM
  Number of letters in database: 1,380,678,911
  Number of sequences in database:  110,412



Matrix: blastn matrix 2 -3
Gap Penalties: Existence: 5, Extension: 2
