BLASTN 2.9.0+


Reference: Stephen F. Altschul, Thomas L. Madden, Alejandro A.
Schaffer, Jinghui Zhang, Zheng Zhang, Webb Miller, and David J.
Lipman (1997), "Gapped BLAST and PSI-BLAST: a new generation of
protein database search programs", Nucleic Acids Res. 25:3389-3402.



Database: GCA_004320005.1_hydMel_1.0_genomic.fna
           122,022 sequences; 1,402,639,853 total letters



Query= Homo_sapiens_XM_054367619.1-IFTAP

Length=666
                                                                      Score        E
Sequences producing significant alignments:                          (Bits)     Value

BHFS01010588.1 Hydrophis melanocephalus KUZ<JPN_:R72403 DNA, scaf...  44.6       0.034



Query_1  188    TTTTTACCTCAGCAAAAGTTACTCATAAAA  217
10587    99918  .....T........................  99888
                          \                   
                          |                   
                          T


Lambda      K        H
   0.634    0.408    0.912 

Gapped
Lambda      K        H
   0.625    0.410    0.780 

Effective search space used: 886798084466


  Database: GCA_004320005.1_hydMel_1.0_genomic.fna
    Posted date:  Apr 27, 2025  7:47 AM
  Number of letters in database: 1,402,639,853
  Number of sequences in database:  122,022



Matrix: blastn matrix 2 -3
Gap Penalties: Existence: 5, Extension: 2
