BLASTN 2.9.0+


Reference: Stephen F. Altschul, Thomas L. Madden, Alejandro A.
Schaffer, Jinghui Zhang, Zheng Zhang, Webb Miller, and David J.
Lipman (1997), "Gapped BLAST and PSI-BLAST: a new generation of
protein database search programs", Nucleic Acids Res. 25:3389-3402.



Database: GCA_038048745.1_rColCon1_p1.0_genomic.fna
           273 sequences; 1,829,145,047 total letters



Query= Homo_sapiens_XM_054367619.1-IFTAP

Length=666


***** No hits found *****



Lambda      K        H
   0.634    0.408    0.912 

Gapped
Lambda      K        H
   0.625    0.410    0.780 

Effective search space used: 1159672421174


  Database: GCA_038048745.1_rColCon1_p1.0_genomic.fna
    Posted date:  Apr 27, 2025  12:29 AM
  Number of letters in database: 1,829,145,047
  Number of sequences in database:  273



Matrix: blastn matrix 2 -3
Gap Penalties: Existence: 5, Extension: 2
