BLASTN 2.9.0+


Reference: Stephen F. Altschul, Thomas L. Madden, Alejandro A.
Schaffer, Jinghui Zhang, Zheng Zhang, Webb Miller, and David J.
Lipman (1997), "Gapped BLAST and PSI-BLAST: a new generation of
protein database search programs", Nucleic Acids Res. 25:3389-3402.



Database: GCA_039797435.1_Cadamanteus_3dDNAHiC_1.2_genomic.fna
           27 sequences; 1,696,190,989 total letters



Query= Homo_sapiens_NM_012108.4-STAP1

Length=888


***** No hits found *****



Lambda      K        H
   0.634    0.408    0.912 

Gapped
Lambda      K        H
   0.625    0.410    0.780 

Effective search space used: 1451938747000


  Database: GCA_039797435.1_Cadamanteus_3dDNAHiC_1.2_genomic.fna
    Posted date:  Apr 27, 2025  1:08 AM
  Number of letters in database: 1,696,190,989
  Number of sequences in database:  27



Matrix: blastn matrix 2 -3
Gap Penalties: Existence: 5, Extension: 2
