BLASTN 2.9.0+


Reference: Stephen F. Altschul, Thomas L. Madden, Alejandro A.
Schaffer, Jinghui Zhang, Zheng Zhang, Webb Miller, and David J.
Lipman (1997), "Gapped BLAST and PSI-BLAST: a new generation of
protein database search programs", Nucleic Acids Res. 25:3389-3402.



Database: GCA_032468175.1_ASM3246817v1_genomic.fna
           313,041 sequences; 1,296,406,934 total letters



Query= Homo_sapiens_NM_012108.4-STAP1

Length=888
                                                                      Score        E
Sequences producing significant alignments:                          (Bits)     Value

JANHFN010087397.1 Toxicocalamus goodenoughensis voucher LSUMZ:980...  45.5       0.042



Query_1  478  AAAGAGAAGGAACCAACTGAAGATTATGTGGA  509
87396    475  .............A.......T.....A....  506


Lambda      K        H
   0.634    0.408    0.912 

Gapped
Lambda      K        H
   0.625    0.410    0.780 

Effective search space used: 1101149516432


  Database: GCA_032468175.1_ASM3246817v1_genomic.fna
    Posted date:  Apr 27, 2025  4:01 AM
  Number of letters in database: 1,296,406,934
  Number of sequences in database:  313,041



Matrix: blastn matrix 2 -3
Gap Penalties: Existence: 5, Extension: 2
