BLASTN 2.9.0+


Reference: Stephen F. Altschul, Thomas L. Madden, Alejandro A.
Schaffer, Jinghui Zhang, Zheng Zhang, Webb Miller, and David J.
Lipman (1997), "Gapped BLAST and PSI-BLAST: a new generation of
protein database search programs", Nucleic Acids Res. 25:3389-3402.



Database: GCA_044758885.1_ASM4475888v1_genomic.fna
           1,398,263 sequences; 2,174,424,381 total letters



Query= Homo_sapiens_NM_012108.4-STAP1

Length=888
                                                                      Score        E
Sequences producing significant alignments:                          (Bits)     Value

JBINKJ011118650.1 Bachia flavescens isolate UPRMGRS_1137_TJC_1059...  51.8       5e-04



Query_1  427  GAGAGAGAAAAGAAAAGGAGGATTGAGACAGAGCA  461
1118649  279  ......-..................G.........  246


Lambda      K        H
   0.634    0.408    0.912 

Gapped
Lambda      K        H
   0.625    0.410    0.780 

Effective search space used: 1823006050040


  Database: GCA_044758885.1_ASM4475888v1_genomic.fna
    Posted date:  Apr 27, 2025  6:35 PM
  Number of letters in database: 2,174,424,381
  Number of sequences in database:  1,398,263



Matrix: blastn matrix 2 -3
Gap Penalties: Existence: 5, Extension: 2
