BLASTN 2.9.0+


Reference: Stephen F. Altschul, Thomas L. Madden, Alejandro A.
Schaffer, Jinghui Zhang, Zheng Zhang, Webb Miller, and David J.
Lipman (1997), "Gapped BLAST and PSI-BLAST: a new generation of
protein database search programs", Nucleic Acids Res. 25:3389-3402.



Database: GCA_047748155.1_ASM4774815v1_genomic.fna
           506,369 sequences; 1,260,540,301 total letters



Query= Homo_sapiens_NM_012108.4-STAP1

Length=888
                                                                      Score        E
Sequences producing significant alignments:                          (Bits)     Value

JBLLKQ010000012.1 Lycodon carinatus isolate RAP0447 12, whole gen...  44.6       0.041



Query_1  476       AAAAAGAGAAGGAACCAACTGAAGATTAT  504
11       31243653  ...............A.......T.....  31243681


Lambda      K        H
   0.634    0.408    0.912 

Gapped
Lambda      K        H
   0.625    0.410    0.780 

Effective search space used: 1065152038008


  Database: GCA_047748155.1_ASM4774815v1_genomic.fna
    Posted date:  Apr 27, 2025  7:00 PM
  Number of letters in database: 1,260,540,301
  Number of sequences in database:  506,369



Matrix: blastn matrix 2 -3
Gap Penalties: Existence: 5, Extension: 2
