BLASTN 2.9.0+


Reference: Stephen F. Altschul, Thomas L. Madden, Alejandro A.
Schaffer, Jinghui Zhang, Zheng Zhang, Webb Miller, and David J.
Lipman (1997), "Gapped BLAST and PSI-BLAST: a new generation of
protein database search programs", Nucleic Acids Res. 25:3389-3402.



Database: GCA_046269605.1_ASM4626960v1_genomic.fna
           211,615 sequences; 1,405,143,167 total letters



Query= Homo_sapiens_NM_012108.4-STAP1

Length=888
                                                                      Score        E
Sequences producing significant alignments:                          (Bits)     Value

JBJJOD010023477.1 Latastia doriai isolate UPRMGRS_1882_TJC_1498 2...  50.9       0.001



Query_1  138    GACAGAGTTGAGAGGAACTACTCTTTTCTTTTATA  172
23476    14129  ..................A....G..C........  14095


Lambda      K        H
   0.634    0.408    0.912 

Gapped
Lambda      K        H
   0.625    0.410    0.780 

Effective search space used: 1197005992872


  Database: GCA_046269605.1_ASM4626960v1_genomic.fna
    Posted date:  Apr 27, 2025  9:56 AM
  Number of letters in database: 1,405,143,167
  Number of sequences in database:  211,615



Matrix: blastn matrix 2 -3
Gap Penalties: Existence: 5, Extension: 2
