BLASTN 2.9.0+


Reference: Stephen F. Altschul, Thomas L. Madden, Alejandro A.
Schaffer, Jinghui Zhang, Zheng Zhang, Webb Miller, and David J.
Lipman (1997), "Gapped BLAST and PSI-BLAST: a new generation of
protein database search programs", Nucleic Acids Res. 25:3389-3402.



Database: GCA_046269705.1_ASM4626970v1_genomic.fna
           656,849 sequences; 1,399,062,315 total letters



Query= Homo_sapiens_NM_012108.4-STAP1

Length=888
                                                                      Score        E
Sequences producing significant alignments:                          (Bits)     Value

JBJJOC010321223.1 Ninia diademata isolate UPRMGRS_1708_TJC_1208 3...  54.5       9e-05
JBJJOC010621925.1 Ninia diademata isolate UPRMGRS_1708_TJC_1208 6...  45.5       0.045
JBJJOC010458576.1 Ninia diademata isolate UPRMGRS_1708_TJC_1208 4...  44.6       0.045



Query_1  426  AGAGAGAGAAAAGAAAAGGAGGATTGAGACAGAGCAGAG  464
321222   834  ...............G........G.........-....  797
621924   32   .......................GG....G..         1
458575   273  ..............G..T...A.GA.........A....  235


Lambda      K        H
   0.634    0.408    0.912 

Gapped
Lambda      K        H
   0.625    0.410    0.780 

Effective search space used: 1179604933832


  Database: GCA_046269705.1_ASM4626970v1_genomic.fna
    Posted date:  Apr 27, 2025  5:44 PM
  Number of letters in database: 1,399,062,315
  Number of sequences in database:  656,849



Matrix: blastn matrix 2 -3
Gap Penalties: Existence: 5, Extension: 2
