BLASTN 2.9.0+


Reference: Stephen F. Altschul, Thomas L. Madden, Alejandro A.
Schaffer, Jinghui Zhang, Zheng Zhang, Webb Miller, and David J.
Lipman (1997), "Gapped BLAST and PSI-BLAST: a new generation of
protein database search programs", Nucleic Acids Res. 25:3389-3402.



Database: GCA_046270465.1_ASM4627046v1_genomic.fna
           787,824 sequences; 1,438,234,060 total letters



Query= Homo_sapiens_XM_054326836.1-GPR82

Length=1011
                                                                      Score        E
Sequences producing significant alignments:                          (Bits)     Value

JBJNRT010170471.1 Fowlea asperrima isolate RAP0430 170471, whole ...  46.4       0.015



Query_1  118  TTTTTAACAAAAATAGGTaaaaaaaCATCA  147
170470   717  .............C.A..............  688


Lambda      K        H
   0.634    0.408    0.912 

Gapped
Lambda      K        H
   0.625    0.410    0.780 

Effective search space used: 1383350194468


  Database: GCA_046270465.1_ASM4627046v1_genomic.fna
    Posted date:  Apr 27, 2025  2:46 PM
  Number of letters in database: 1,438,234,060
  Number of sequences in database:  787,824



Matrix: blastn matrix 2 -3
Gap Penalties: Existence: 5, Extension: 2
