BLASTN 2.9.0+


Reference: Stephen F. Altschul, Thomas L. Madden, Alejandro A.
Schaffer, Jinghui Zhang, Zheng Zhang, Webb Miller, and David J.
Lipman (1997), "Gapped BLAST and PSI-BLAST: a new generation of
protein database search programs", Nucleic Acids Res. 25:3389-3402.



Database: GCA_029204185.1_lerEdw1.0_genomic.fna
           40,606 sequences; 1,740,840,159 total letters



Query= Homo_sapiens_XM_054326836.1-GPR82

Length=1011


***** No hits found *****



Lambda      K        H
   0.634    0.408    0.912 

Gapped
Lambda      K        H
   0.625    0.410    0.780 

Effective search space used: 1703010410893


  Database: GCA_029204185.1_lerEdw1.0_genomic.fna
    Posted date:  Apr 27, 2025  9:32 AM
  Number of letters in database: 1,740,840,159
  Number of sequences in database:  40,606



Matrix: blastn matrix 2 -3
Gap Penalties: Existence: 5, Extension: 2
