BLASTN 2.9.0+


Reference: Stephen F. Altschul, Thomas L. Madden, Alejandro A.
Schaffer, Jinghui Zhang, Zheng Zhang, Webb Miller, and David J.
Lipman (1997), "Gapped BLAST and PSI-BLAST: a new generation of
protein database search programs", Nucleic Acids Res. 25:3389-3402.



Database: GCA_046269825.1_ASM4626982v1_genomic.fna
           486,504 sequences; 1,339,194,119 total letters



Query= Homo_sapiens_XM_054326836.1-GPR82

Length=1011
                                                                      Score        E
Sequences producing significant alignments:                          (Bits)     Value

JBJJOM010054772.1 Hypnale hypnale isolate RS-139 54772, whole gen...  45.5       0.050



Query_1  738   TGTGAAAAGACATCTTTTGGTCATCCAGATTCTACTA  774
54771    1018  ..G..........T..G..............T..G..  1054


Lambda      K        H
   0.634    0.408    0.912 

Gapped
Lambda      K        H
   0.625    0.410    0.780 

Effective search space used: 1295829845189


  Database: GCA_046269825.1_ASM4626982v1_genomic.fna
    Posted date:  Apr 27, 2025  11:36 AM
  Number of letters in database: 1,339,194,119
  Number of sequences in database:  486,504



Matrix: blastn matrix 2 -3
Gap Penalties: Existence: 5, Extension: 2
