BLASTN 2.9.0+


Reference: Stephen F. Altschul, Thomas L. Madden, Alejandro A.
Schaffer, Jinghui Zhang, Zheng Zhang, Webb Miller, and David J.
Lipman (1997), "Gapped BLAST and PSI-BLAST: a new generation of
protein database search programs", Nucleic Acids Res. 25:3389-3402.



Database: GCA_032468015.1_ASM3246801v1_genomic.fna
           710,676 sequences; 1,477,391,700 total letters



Query= Homo_sapiens_XM_054326836.1-GPR82

Length=1011
                                                                      Score        E
Sequences producing significant alignments:                          (Bits)     Value

JANHFR010001958.1 Mimophis mahfalensis voucher FMNH:259984 1958, ...  47.3       0.016



Query_1  699     CTGTACGTCCATTATGGAGAAAGATTTGACTTACAGTTC  737
1957     119444  ......T.....GT.................A.......  119405
                        \                               
                        |                               
                        C


Lambda      K        H
   0.634    0.408    0.912 

Gapped
Lambda      K        H
   0.625    0.410    0.780 

Effective search space used: 1424102416572


  Database: GCA_032468015.1_ASM3246801v1_genomic.fna
    Posted date:  Apr 27, 2025  5:28 PM
  Number of letters in database: 1,477,391,700
  Number of sequences in database:  710,676



Matrix: blastn matrix 2 -3
Gap Penalties: Existence: 5, Extension: 2
