BLASTN 2.9.0+


Reference: Stephen F. Altschul, Thomas L. Madden, Alejandro A.
Schaffer, Jinghui Zhang, Zheng Zhang, Webb Miller, and David J.
Lipman (1997), "Gapped BLAST and PSI-BLAST: a new generation of
protein database search programs", Nucleic Acids Res. 25:3389-3402.



Database: GCA_046270045.1_ASM4627004v1_genomic.fna
           901,793 sequences; 2,169,435,905 total letters



Query= Homo_sapiens_XM_054326836.1-GPR82

Length=1011
                                                                      Score        E
Sequences producing significant alignments:                          (Bits)     Value

JBJNIN010000040.1 Basiliscus vittatus isolate UPRMGRS_1288_TJC_66...  47.3       0.023



Query_1  304        AGTATGTTTGTCAGTCTCTTAATTTTAAGTTGGATTGC  341
39       133824936  ..G...C........T.T.................A..  133824973


Lambda      K        H
   0.634    0.408    0.912 

Gapped
Lambda      K        H
   0.625    0.410    0.780 

Effective search space used: 2092603847808


  Database: GCA_046270045.1_ASM4627004v1_genomic.fna
    Posted date:  Apr 27, 2025  4:40 AM
  Number of letters in database: 2,169,435,905
  Number of sequences in database:  901,793



Matrix: blastn matrix 2 -3
Gap Penalties: Existence: 5, Extension: 2
