BLASTN 2.9.0+


Reference: Stephen F. Altschul, Thomas L. Madden, Alejandro A.
Schaffer, Jinghui Zhang, Zheng Zhang, Webb Miller, and David J.
Lipman (1997), "Gapped BLAST and PSI-BLAST: a new generation of
protein database search programs", Nucleic Acids Res. 25:3389-3402.



Database: GCA_027559625.1_ASM2755962v1_genomic.fna
           110,412 sequences; 1,380,678,911 total letters



Query= Homo_sapiens_XM_054346013.1-UTS2B

Length=399
                                                                      Score        E
Sequences producing significant alignments:                          (Bits)     Value

JANHOE010005172.1 Morelia viridis voucher IRGN:N6CF72GX22 5172, w...  45.5       0.019



Query_1  110     AAATATTTCCAGATAAAAAATATACAA  136
5171     334101  .....G.....................  334075


Lambda      K        H
   0.634    0.408    0.912 

Gapped
Lambda      K        H
   0.625    0.410    0.780 

Effective search space used: 506830259152


  Database: GCA_027559625.1_ASM2755962v1_genomic.fna
    Posted date:  Apr 27, 2025  10:29 AM
  Number of letters in database: 1,380,678,911
  Number of sequences in database:  110,412



Matrix: blastn matrix 2 -3
Gap Penalties: Existence: 5, Extension: 2
