BLASTN 2.9.0+


Reference: Stephen F. Altschul, Thomas L. Madden, Alejandro A.
Schaffer, Jinghui Zhang, Zheng Zhang, Webb Miller, and David J.
Lipman (1997), "Gapped BLAST and PSI-BLAST: a new generation of
protein database search programs", Nucleic Acids Res. 25:3389-3402.



Database: GCA_025802295.1_ASM2580229v1_genomic.fna
           103,289 sequences; 1,470,439,028 total letters



Query= Homo_sapiens_XM_054346013.1-UTS2B

Length=399
                                                                      Score        E
Sequences producing significant alignments:                          (Bits)     Value

JAOYMU010000292.1 Psammodynastes pulverulentus voucher FMNH:27362...  45.5       0.021



Query_1  106       AATGAAATATTTCCAGATAAAAAATATACAAA  137
291      23317728  ............G......G...C........  23317697


Lambda      K        H
   0.634    0.408    0.912 

Gapped
Lambda      K        H
   0.625    0.410    0.780 

Effective search space used: 539943241392


  Database: GCA_025802295.1_ASM2580229v1_genomic.fna
    Posted date:  Apr 27, 2025  2:55 PM
  Number of letters in database: 1,470,439,028
  Number of sequences in database:  103,289



Matrix: blastn matrix 2 -3
Gap Penalties: Existence: 5, Extension: 2
