BLASTN 2.9.0+


Reference: Stephen F. Altschul, Thomas L. Madden, Alejandro A.
Schaffer, Jinghui Zhang, Zheng Zhang, Webb Miller, and David J.
Lipman (1997), "Gapped BLAST and PSI-BLAST: a new generation of
protein database search programs", Nucleic Acids Res. 25:3389-3402.



Database: GCA_046270785.1_ASM4627078v1_genomic.fna
           598,741 sequences; 2,078,730,204 total letters



Query= Homo_sapiens_XM_054346013.1-UTS2B

Length=399


***** No hits found *****



Lambda      K        H
   0.634    0.408    0.912 

Gapped
Lambda      K        H
   0.625    0.410    0.780 

Effective search space used: 758142277744


  Database: GCA_046270785.1_ASM4627078v1_genomic.fna
    Posted date:  Apr 27, 2025  6:16 PM
  Number of letters in database: 2,078,730,204
  Number of sequences in database:  598,741



Matrix: blastn matrix 2 -3
Gap Penalties: Existence: 5, Extension: 2
