BLASTN 2.9.0+


Reference: Stephen F. Altschul, Thomas L. Madden, Alejandro A.
Schaffer, Jinghui Zhang, Zheng Zhang, Webb Miller, and David J.
Lipman (1997), "Gapped BLAST and PSI-BLAST: a new generation of
protein database search programs", Nucleic Acids Res. 25:3389-3402.



Database: GCA_042257475.1_ASM4225747v1_genomic.fna
           37 sequences; 1,733,398,839 total letters



Query= Homo_sapiens_XM_054346013.1-UTS2B

Length=399
                                                                      Score        E
Sequences producing significant alignments:                          (Bits)     Value

CM090381.1 Asaccus caudivolvulus isolate BBC_2024a chromosome 1, ...  44.6       0.024



Query_1  105        AAATGAAATATTTCCAGATAAAAAATATACAAAT  138
0        210480489  ....A......A.A..A.................  210480522


Lambda      K        H
   0.634    0.408    0.912 

Gapped
Lambda      K        H
   0.625    0.410    0.780 

Effective search space used: 637890350656


  Database: GCA_042257475.1_ASM4225747v1_genomic.fna
    Posted date:  Apr 27, 2025  3:13 AM
  Number of letters in database: 1,733,398,839
  Number of sequences in database:  37



Matrix: blastn matrix 2 -3
Gap Penalties: Existence: 5, Extension: 2
