BLASTN 2.9.0+


Reference: Stephen F. Altschul, Thomas L. Madden, Alejandro A.
Schaffer, Jinghui Zhang, Zheng Zhang, Webb Miller, and David J.
Lipman (1997), "Gapped BLAST and PSI-BLAST: a new generation of
protein database search programs", Nucleic Acids Res. 25:3389-3402.



Database: GCA_039707465.1_ASM3970746v1_genomic.fna
           405 sequences; 1,924,646,879 total letters



Query= Homo_sapiens_XM_054346013.1-UTS2B

Length=399
                                                                      Score        E
Sequences producing significant alignments:                          (Bits)     Value

CM077643.1 Rhabdophis nuchalis isolate MD-2024a chromosome 1, who...  44.6       0.027



Query_1  88        CCATATCTTACCCAAGGAAATGAAATATT  116
0        41199236  ....T.....T..................  41199264


Lambda      K        H
   0.634    0.408    0.912 

Gapped
Lambda      K        H
   0.625    0.410    0.780 

Effective search space used: 708265431232


  Database: GCA_039707465.1_ASM3970746v1_genomic.fna
    Posted date:  Apr 27, 2025  2:30 AM
  Number of letters in database: 1,924,646,879
  Number of sequences in database:  405



Matrix: blastn matrix 2 -3
Gap Penalties: Existence: 5, Extension: 2
