BLASTN 2.9.0+


Reference: Stephen F. Altschul, Thomas L. Madden, Alejandro A.
Schaffer, Jinghui Zhang, Zheng Zhang, Webb Miller, and David J.
Lipman (1997), "Gapped BLAST and PSI-BLAST: a new generation of
protein database search programs", Nucleic Acids Res. 25:3389-3402.



Database: GCA_046271025.1_ASM4627102v1_genomic.fna
           1,518,858 sequences; 1,652,346,441 total letters



Query= Homo_sapiens_XM_054346013.1-UTS2B

Length=399
                                                                      Score        E
Sequences producing significant alignments:                          (Bits)     Value

JBJPGZ011372893.1 Geophis sartorii isolate UPRMGRS_1308_TJC_682 1...  45.5       0.023



Query_1  107  ATGAAATATTTCCAGATAAAAAATATACAAAT  138
1372892  194  ..T..............T.....C........  225


Lambda      K        H
   0.634    0.408    0.912 

Gapped
Lambda      K        H
   0.625    0.410    0.780 

Effective search space used: 590736358224


  Database: GCA_046271025.1_ASM4627102v1_genomic.fna
    Posted date:  Apr 27, 2025  8:07 PM
  Number of letters in database: 1,652,346,441
  Number of sequences in database:  1,518,858



Matrix: blastn matrix 2 -3
Gap Penalties: Existence: 5, Extension: 2
