BLASTN 2.9.0+


Reference: Stephen F. Altschul, Thomas L. Madden, Alejandro A.
Schaffer, Jinghui Zhang, Zheng Zhang, Webb Miller, and David J.
Lipman (1997), "Gapped BLAST and PSI-BLAST: a new generation of
protein database search programs", Nucleic Acids Res. 25:3389-3402.



Database: GCA_046270985.1_ASM4627098v1_genomic.fna
           531,175 sequences; 1,360,322,881 total letters



Query= Homo_sapiens_XM_054346013.1-UTS2B

Length=399
                                                                      Score        E
Sequences producing significant alignments:                          (Bits)     Value

JBJPHK010201091.1 Dendrelaphis caudolineolatus isolate RS-W 20109...  46.4       0.005



Query_1  103   GGAAATGAAATATTTCCAGATAAAAAATATACAAATCG  140
201090   6759  .....A....-...........T...............  6722
                               \                     
                               |                     
                               T


Lambda      K        H
   0.634    0.408    0.912 

Gapped
Lambda      K        H
   0.625    0.410    0.780 

Effective search space used: 494539175808


  Database: GCA_046270985.1_ASM4627098v1_genomic.fna
    Posted date:  Apr 27, 2025  3:17 PM
  Number of letters in database: 1,360,322,881
  Number of sequences in database:  531,175



Matrix: blastn matrix 2 -3
Gap Penalties: Existence: 5, Extension: 2
