BLASTN 2.9.0+


Reference: Stephen F. Altschul, Thomas L. Madden, Alejandro A.
Schaffer, Jinghui Zhang, Zheng Zhang, Webb Miller, and David J.
Lipman (1997), "Gapped BLAST and PSI-BLAST: a new generation of
protein database search programs", Nucleic Acids Res. 25:3389-3402.



Database: GCF_035149785.1_rCanAsp1.hap2_genomic.fna
           149 sequences; 1,530,810,380 total letters



Query= Homo_sapiens_XM_054346013.1-UTS2B

Length=399
                                                                      Score        E
Sequences producing significant alignments:                          (Bits)     Value

NC_086155.1 Candoia aspera isolate rCanAsp1 chromosome 3, rCanAsp...  45.5       0.022



Query_1  101        AAGGAAATGAAATATTTCCAGATAAAAAATATACAAA  137
2        163830294  ...A....A.....A......G..T............  163830258


Lambda      K        H
   0.634    0.408    0.912 

Gapped
Lambda      K        H
   0.625    0.410    0.780 

Effective search space used: 563336520048


  Database: GCF_035149785.1_rCanAsp1.hap2_genomic.fna
    Posted date:  Apr 27, 2025  1:22 AM
  Number of letters in database: 1,530,810,380
  Number of sequences in database:  149



Matrix: blastn matrix 2 -3
Gap Penalties: Existence: 5, Extension: 2
