BLASTN 2.9.0+


Reference: Stephen F. Altschul, Thomas L. Madden, Alejandro A.
Schaffer, Jinghui Zhang, Zheng Zhang, Webb Miller, and David J.
Lipman (1997), "Gapped BLAST and PSI-BLAST: a new generation of
protein database search programs", Nucleic Acids Res. 25:3389-3402.



Database: GCF_023053635.1_rElgMul1.1.pri_genomic.fna
           34 sequences; 1,790,500,004 total letters



Query= Homo_sapiens_NM_018962.3-RIPPLY3

Length=573
                                                                      Score        E
Sequences producing significant alignments:                          (Bits)     Value

NC_086181.1 Elgaria multicarinata webbii isolate HBS135686 ecotyp...  46.4       0.011



Query_1  49        TGTCACTGCCCCGGGGACGCTCCCT  73
10       31688235  .........................  31688259


Lambda      K        H
   0.634    0.408    0.912 

Gapped
Lambda      K        H
   0.625    0.410    0.780 

Effective search space used: 968659913556


  Database: GCF_023053635.1_rElgMul1.1.pri_genomic.fna
    Posted date:  Apr 27, 2025  12:23 AM
  Number of letters in database: 1,790,500,004
  Number of sequences in database:  34



Matrix: blastn matrix 2 -3
Gap Penalties: Existence: 5, Extension: 2
