BLASTN 2.9.0+


Reference: Stephen F. Altschul, Thomas L. Madden, Alejandro A.
Schaffer, Jinghui Zhang, Zheng Zhang, Webb Miller, and David J.
Lipman (1997), "Gapped BLAST and PSI-BLAST: a new generation of
protein database search programs", Nucleic Acids Res. 25:3389-3402.



Database: GCA_046244955.1_ASM4624495v1_genomic.fna
           990,320 sequences; 1,680,662,002 total letters



Query= Homo_sapiens_XM_054365033.1-ZNF438

Length=2520
                                                                      Score        E
Sequences producing significant alignments:                          (Bits)     Value

JBJKBH010284256.1 Imantodes tenuissimus isolate UPRMGRS_1913_TJC_...  47.3       0.045



Query_1  1126  ACCAAACTTGATCTTAACCACAAAACAAAACTGAA  1160
284255   6086  ..........T.....G.............-....  6119


Lambda      K        H
   0.634    0.408    0.912 

Gapped
Lambda      K        H
   0.625    0.410    0.780 

Effective search space used: 4094419929292


  Database: GCA_046244955.1_ASM4624495v1_genomic.fna
    Posted date:  Apr 27, 2025  5:12 PM
  Number of letters in database: 1,680,662,002
  Number of sequences in database:  990,320



Matrix: blastn matrix 2 -3
Gap Penalties: Existence: 5, Extension: 2
