BLASTN 2.9.0+


Reference: Stephen F. Altschul, Thomas L. Madden, Alejandro A.
Schaffer, Jinghui Zhang, Zheng Zhang, Webb Miller, and David J.
Lipman (1997), "Gapped BLAST and PSI-BLAST: a new generation of
protein database search programs", Nucleic Acids Res. 25:3389-3402.



Database: GCA_043090425.1_ASM4309042v1_genomic.fna
           476,822 sequences; 1,786,175,575 total letters



Query= Homo_sapiens_NM_001306135.2-DLEU7

Length=666
                                                                      Score        E
Sequences producing significant alignments:                          (Bits)     Value

JBHLFC010476257.1 Chamaeleo dilepis isolate UPRM_GenResCol_1049_T...  44.6       0.043



Query_1  66    GCTGCTGCAGCAGGAGTGGGGCTGGGGGGACGGTCCAGT  104
476256   5004  ....G.........T.G..A...........A..T....  4966


Lambda      K        H
   0.634    0.408    0.912 

Gapped
Lambda      K        H
   0.625    0.410    0.780 

Effective search space used: 1122761549814


  Database: GCA_043090425.1_ASM4309042v1_genomic.fna
    Posted date:  Apr 27, 2025  7:37 AM
  Number of letters in database: 1,786,175,575
  Number of sequences in database:  476,822



Matrix: blastn matrix 2 -3
Gap Penalties: Existence: 5, Extension: 2
