BLASTN 2.9.0+


Reference: Stephen F. Altschul, Thomas L. Madden, Alejandro A.
Schaffer, Jinghui Zhang, Zheng Zhang, Webb Miller, and David J.
Lipman (1997), "Gapped BLAST and PSI-BLAST: a new generation of
protein database search programs", Nucleic Acids Res. 25:3389-3402.



Database: GCF_900067755.1_pvi1.1_genomic.fna
           13,749 sequences; 1,716,675,060 total letters



Query= Homo_sapiens_XM_054326836.1-GPR82

Length=1011
                                                                      Score        E
Sequences producing significant alignments:                          (Bits)     Value

NW_018150749.1 Pogona vitticeps unplaced genomic scaffold, pvi1.1...  48.2       0.005



Query_1  779      TTTGCTTCCTTCCTTATAGTATTTTTAAACCCATTTTT  816
55       1688439  ...C...........-............C....G....  1688403


Lambda      K        H
   0.634    0.408    0.912 

Gapped
Lambda      K        H
   0.625    0.410    0.780 

Effective search space used: 1680194155068


  Database: GCF_900067755.1_pvi1.1_genomic.fna
    Posted date:  Apr 27, 2025  4:08 AM
  Number of letters in database: 1,716,675,060
  Number of sequences in database:  13,749



Matrix: blastn matrix 2 -3
Gap Penalties: Existence: 5, Extension: 2
