BLASTN 2.9.0+


Reference: Stephen F. Altschul, Thomas L. Madden, Alejandro A.
Schaffer, Jinghui Zhang, Zheng Zhang, Webb Miller, and David J.
Lipman (1997), "Gapped BLAST and PSI-BLAST: a new generation of
protein database search programs", Nucleic Acids Res. 25:3389-3402.



Database: GCA_046269985.1_ASM4626998v1_genomic.fna
           658,100 sequences; 1,427,840,168 total letters



Query= Homo_sapiens_XM_054346013.1-UTS2B

Length=399
                                                                      Score        E
Sequences producing significant alignments:                          (Bits)     Value

JBJJOH010042968.1 Ninia sebae isolate UPRMGRS_1453_TJC_827 42968,...  45.5       0.020
JBJJOH010016145.1 Ninia sebae isolate UPRMGRS_1453_TJC_827 16145,...  45.5       0.020



Query_1  107   ATGAAATATTTCCAGATAAAAAATATACAAAT  138
42967    204   ..T...........A..T..............  173
16144    3209  ..T...........A..T..............  3240


Lambda      K        H
   0.634    0.408    0.912 

Gapped
Lambda      K        H
   0.625    0.410    0.780 

Effective search space used: 517937577024


  Database: GCA_046269985.1_ASM4626998v1_genomic.fna
    Posted date:  Apr 27, 2025  5:17 PM
  Number of letters in database: 1,427,840,168
  Number of sequences in database:  658,100



Matrix: blastn matrix 2 -3
Gap Penalties: Existence: 5, Extension: 2
