BLASTN 2.9.0+


Reference: Stephen F. Altschul, Thomas L. Madden, Alejandro A.
Schaffer, Jinghui Zhang, Zheng Zhang, Webb Miller, and David J.
Lipman (1997), "Gapped BLAST and PSI-BLAST: a new generation of
protein database search programs", Nucleic Acids Res. 25:3389-3402.



Database: GCF_900518735.1_EBS10Xv2-PRI_genomic.fna
           28,550 sequences; 1,590,035,073 total letters



Query= Homo_sapiens_NM_012108.4-STAP1

Length=888


***** No hits found *****



Lambda      K        H
   0.634    0.408    0.912 

Gapped
Lambda      K        H
   0.625    0.410    0.780 

Effective search space used: 1360287980888


  Database: GCF_900518735.1_EBS10Xv2-PRI_genomic.fna
    Posted date:  Apr 27, 2025  7:18 AM
  Number of letters in database: 1,590,035,073
  Number of sequences in database:  28,550



Matrix: blastn matrix 2 -3
Gap Penalties: Existence: 5, Extension: 2
