  13.64633611233   1 0
  20.0301659125189 1 0
  49.2607563100692 0 1
  52.4788391777509 1 0
  52.5382911087564 1 0
  59.8101619207147 1 0
  66.0422479075329 1 0
  67.8296424968461 0 1
  70.266015014765  0 1
  71.1688342453746 0 1
  71.6909685509848 0 1
  74.8757821126242 0 1
  75.2327144631826 0 1
  75.6664853101197 1 0
  77.4212368728121 1 0
  77.5578842037969 0 1
  78.3315891762595 0 1
  78.4539664374058 0 1
  79.2934249263984 0 1
  79.3571363520891 0 1
  79.397822681075  0 1
  79.4320738614322 0 1
  79.6237686534905 0 1
  79.7686496694995 0 1
  82.3152941176471 0 1
  82.3578915155688 0 1
  82.9327130180064 0 1
  83.3081444164568 1 0
  83.6782268765915 0 1
  83.8218151540383 0 1
  85.2190793122573 0 1
  85.7561507530839 0 1
  85.8388602309015 0 1
  86.0340150250417 0 1
  86.1098331172362 0 1
  86.3457850031966 0 1
  86.4363728727457 0 1
  86.65653880238   0 1
  86.7165622931623 0 1
  87.0905463672051 0 1
  87.2946890777785 0 1
  87.597707139135  0 1
  87.7283765688477 0 1
  88.0260884107252 0 1
  88.3897982489532 0 1
  88.6341495096447 0 1
  89.9094980406792 0 1
  89.949925861105  0 1
  89.9530660278818 0 1
  93.7189743589744 0 1
  93.9796972856505 0 1
  94.6400801052711 0 1
  95.0263061807077 0 1
  96.0655887701534 0 1
  96.8423762059876 0 1
  96.9888499935174 0 1
  97.0461521133106 0 1
  97.1104282315623 0 1
  97.1849045606877 0 1
  97.3773123276677 0 1
  97.3869410168208 0 1
  97.3890843241157 0 1
  97.4522387616246 0 1
  97.4550253923622 0 1
  97.4591996259661 0 1
  97.4641253955405 0 1
  97.5075554348195 0 1
  97.5713271823989 0 1
  97.5932326216623 0 1
  97.6011372386424 0 1
  97.6813861307385 0 1
  97.7255882224709 0 1
  97.7374750787832 0 1
  97.7903682719547 0 1
  97.8128092264647 0 1
  97.8445856780985 0 1
  97.8518779549526 0 1
  97.8671872706456 0 1
  97.8862151619119 0 1
  97.8958253453705 0 1
  97.9383531758399 0 1
  97.9417334800014 0 1
  98.0099141579011 0 1
  98.0131626560521 0 1
  98.0161655697492 0 1
  98.0470853115364 0 1
  98.0540770139506 0 1
  98.0630847429772 0 1
  98.0865261885035 0 1
  98.1125789775991 0 1
  98.114336336129  0 1
  98.1207755455247 0 1
  98.1281140431814 0 1
  98.1596344215265 0 1
  98.1669114969804 0 1
  98.2172185802322 0 1
  98.3289548519893 0 1
  98.3445163588861 0 1
  98.3555127531664 0 1
  98.4783590361116 0 1
  98.804780876494  0 1
  99.865955362083  0 1
  99.8970104076526 0 1
  99.9250656731765 0 1
