BLASTN 2.9.0+


Reference: Stephen F. Altschul, Thomas L. Madden, Alejandro A.
Schaffer, Jinghui Zhang, Zheng Zhang, Webb Miller, and David J.
Lipman (1997), "Gapped BLAST and PSI-BLAST: a new generation of
protein database search programs", Nucleic Acids Res. 25:3389-3402.



Database: GCA_022410635.1_HLtreOri1_genomic.fna
           5,432 sequences; 1,563,094,034 total letters



Query= Homo_sapiens_NM_014485.3-HPGDS

Length=600
                                                                      Score        E
Sequences producing significant alignments:                          (Bits)     Value

JAJVDF010000129.1 Tretioscincus oriximinensis isolate 926409 scaf...  52.7       2e-04



Query_1  285     GGATGATTTCATGTCATGTTTTCCTTGGGCAGAGAA  320
128      945402  .....T....T...........G.............  945367


Lambda      K        H
   0.634    0.408    0.912 

Gapped
Lambda      K        H
   0.625    0.410    0.780 

Effective search space used: 887738679280


  Database: GCA_022410635.1_HLtreOri1_genomic.fna
    Posted date:  Apr 27, 2025  9:21 AM
  Number of letters in database: 1,563,094,034
  Number of sequences in database:  5,432



Matrix: blastn matrix 2 -3
Gap Penalties: Existence: 5, Extension: 2
