BLASTN 2.9.0+


Reference: Stephen F. Altschul, Thomas L. Madden, Alejandro A.
Schaffer, Jinghui Zhang, Zheng Zhang, Webb Miller, and David J.
Lipman (1997), "Gapped BLAST and PSI-BLAST: a new generation of
protein database search programs", Nucleic Acids Res. 25:3389-3402.



Database: GCA_022410635.1_HLtreOri1_genomic.fna
           5,432 sequences; 1,563,094,034 total letters



Query= Homo_sapiens_XM_054365033.1-ZNF438

Length=2520
                                                                      Score        E
Sequences producing significant alignments:                          (Bits)     Value

JAJVDF010000006.1 Tretioscincus oriximinensis isolate 926409 scaf...  50.0       0.004



Query_1  956      TCAAATCAGATGCTAACATTGCAGGTTTTTCT  987
5        2423575  ........A...............T.......  2423606


Lambda      K        H
   0.634    0.408    0.912 

Gapped
Lambda      K        H
   0.625    0.410    0.780 

Effective search space used: 3886969052886


  Database: GCA_022410635.1_HLtreOri1_genomic.fna
    Posted date:  Apr 27, 2025  9:21 AM
  Number of letters in database: 1,563,094,034
  Number of sequences in database:  5,432



Matrix: blastn matrix 2 -3
Gap Penalties: Existence: 5, Extension: 2
