BLASTN 2.9.0+


Reference: Stephen F. Altschul, Thomas L. Madden, Alejandro A.
Schaffer, Jinghui Zhang, Zheng Zhang, Webb Miller, and David J.
Lipman (1997), "Gapped BLAST and PSI-BLAST: a new generation of
protein database search programs", Nucleic Acids Res. 25:3389-3402.



Database: GCA_046270205.1_ASM4627020v1_genomic.fna
           580,550 sequences; 1,455,726,019 total letters



Query= Homo_sapiens_NM_001306135.2-DLEU7

Length=666
                                                                      Score        E
Sequences producing significant alignments:                          (Bits)     Value

JBJPGO010187182.1 Boiga trigonata isolate RAP0478 187182, whole g...  46.4       0.010



Query_1  509   AAGGACAGCAGTTTGACAGAGACTTGAATGCTGCC  543
187181   1802  ..............TC..C..G.............  1768


Lambda      K        H
   0.634    0.408    0.912 

Gapped
Lambda      K        H
   0.625    0.410    0.780 

Effective search space used: 911152097646


  Database: GCA_046270205.1_ASM4627020v1_genomic.fna
    Posted date:  Apr 27, 2025  12:27 PM
  Number of letters in database: 1,455,726,019
  Number of sequences in database:  580,550



Matrix: blastn matrix 2 -3
Gap Penalties: Existence: 5, Extension: 2
