BLASTN 2.9.0+


Reference: Stephen F. Altschul, Thomas L. Madden, Alejandro A.
Schaffer, Jinghui Zhang, Zheng Zhang, Webb Miller, and David J.
Lipman (1997), "Gapped BLAST and PSI-BLAST: a new generation of
protein database search programs", Nucleic Acids Res. 25:3389-3402.



Database: GCA_965112155.1_rPodLio1.hap1.1_genomic.fna
           290 sequences; 1,574,020,868 total letters



Query= Homo_sapiens_XM_054366876.1-ELOVL3

Length=813
                                                                      Score        E
Sequences producing significant alignments:                          (Bits)     Value

OZ218108.1 Podarcis liolepis genome assembly, chromosome: 11          45.5       0.047



Query_1  518       TGAACTTTGGTGTTCATGCCATCATGTACACCTACTA  554
11       41213568  ......G..T...G....TG.................  41213604


Lambda      K        H
   0.634    0.408    0.912 

Gapped
Lambda      K        H
   0.625    0.410    0.780 

Effective search space used: 1229303050228


  Database: GCA_965112155.1_rPodLio1.hap1.1_genomic.fna
    Posted date:  Apr 27, 2025  3:32 AM
  Number of letters in database: 1,574,020,868
  Number of sequences in database:  290



Matrix: blastn matrix 2 -3
Gap Penalties: Existence: 5, Extension: 2
