BLASTN 2.9.0+


Reference: Stephen F. Altschul, Thomas L. Madden, Alejandro A.
Schaffer, Jinghui Zhang, Zheng Zhang, Webb Miller, and David J.
Lipman (1997), "Gapped BLAST and PSI-BLAST: a new generation of
protein database search programs", Nucleic Acids Res. 25:3389-3402.



Database: GCA_014337955.1_AspMar1.0_genomic.fna
           3,826 sequences; 1,639,530,780 total letters



Query= Homo_sapiens_XM_054366207.1-OLAH

Length=957
                                                                      Score        E
Sequences producing significant alignments:                          (Bits)     Value

MTQE01003379.1 Aspidoscelis marmoratus isolate SIMRID8450 Scpiz6a...  50.9       0.001



Query_1  586       AAAGATGATGAATTGTCAGAAGAACAAATAAGTCA  620
1791     49889009  .........A......A............C.....  49889043


Lambda      K        H
   0.634    0.408    0.912 

Gapped
Lambda      K        H
   0.625    0.410    0.780 

Effective search space used: 1516452721900


  Database: GCA_014337955.1_AspMar1.0_genomic.fna
    Posted date:  Apr 27, 2025  7:30 AM
  Number of letters in database: 1,639,530,780
  Number of sequences in database:  3,826



Matrix: blastn matrix 2 -3
Gap Penalties: Existence: 5, Extension: 2
