BLASTN 2.9.0+


Reference: Stephen F. Altschul, Thomas L. Madden, Alejandro A.
Schaffer, Jinghui Zhang, Zheng Zhang, Webb Miller, and David J.
Lipman (1997), "Gapped BLAST and PSI-BLAST: a new generation of
protein database search programs", Nucleic Acids Res. 25:3389-3402.



Database: GCA_947247035.1_rVipUrs1.1_genomic.fna
           384 sequences; 1,625,023,540 total letters



Query= Homo_sapiens_NM_006762.3-LAPTM5

Length=789
                                                                      Score        E
Sequences producing significant alignments:                          (Bits)     Value

OX365969.1 Vipera ursinii genome assembly, chromosome: 5              44.6       0.047



Query_1  566       TCATCTTTTCCATCGCCTTCATCACTGTCCTTATCTTC  603
9        42286127  ..C...........TT.............--.......  42286162


Lambda      K        H
   0.634    0.408    0.912 

Gapped
Lambda      K        H
   0.625    0.410    0.780 

Effective search space used: 1230133517764


  Database: GCA_947247035.1_rVipUrs1.1_genomic.fna
    Posted date:  Apr 27, 2025  2:14 AM
  Number of letters in database: 1,625,023,540
  Number of sequences in database:  384



Matrix: blastn matrix 2 -3
Gap Penalties: Existence: 5, Extension: 2
