BLASTN 2.9.0+


Reference: Stephen F. Altschul, Thomas L. Madden, Alejandro A.
Schaffer, Jinghui Zhang, Zheng Zhang, Webb Miller, and David J.
Lipman (1997), "Gapped BLAST and PSI-BLAST: a new generation of
protein database search programs", Nucleic Acids Res. 25:3389-3402.



Database: GCA_046270885.1_ASM4627088v1_genomic.fna
           567,513 sequences; 1,504,169,967 total letters



Query= Homo_sapiens_XM_054345083.1-HHLA2

Length=1278
                                                                      Score        E
Sequences producing significant alignments:                          (Bits)     Value

JBJPHE010000028.1 Corallus caninus isolate UPRMGRS_1134_TJC_1056 ...  47.3       0.020



Query_1  1054     CCCTCTGCGATTTTGGCAGCTTTTCTGCTGATT  1086
27       7480618  ........T........T............G..  7480586


Lambda      K        H
   0.634    0.408    0.912 

Gapped
Lambda      K        H
   0.625    0.410    0.780 

Effective search space used: 1849375337310


  Database: GCA_046270885.1_ASM4627088v1_genomic.fna
    Posted date:  Apr 27, 2025  10:54 AM
  Number of letters in database: 1,504,169,967
  Number of sequences in database:  567,513



Matrix: blastn matrix 2 -3
Gap Penalties: Existence: 5, Extension: 2
