BLASTN 2.9.0+


Reference: Stephen F. Altschul, Thomas L. Madden, Alejandro A.
Schaffer, Jinghui Zhang, Zheng Zhang, Webb Miller, and David J.
Lipman (1997), "Gapped BLAST and PSI-BLAST: a new generation of
protein database search programs", Nucleic Acids Res. 25:3389-3402.



Database: GCA_043091265.1_ASM4309126v1_genomic.fna
           881,955 sequences; 1,577,774,038 total letters



Query= Homo_sapiens_XM_054379673.1-IL34

Length=729
                                                                      Score        E
Sequences producing significant alignments:                          (Bits)     Value

JBHNVX010359935.1 Crotaphopeltis hotamboeia isolate UPRMGRS_765_T...  47.3       0.012



Query_1  643   CCGCCCCCGTGGTCCCCCAGCTCCCCGCCTCACTC  677
359934   5462  ..........C.C......................  5426
                            \                     
                            |                     
                           TC


Lambda      K        H
   0.634    0.408    0.912 

Gapped
Lambda      K        H
   0.625    0.410    0.780 

Effective search space used: 1080037380166


  Database: GCA_043091265.1_ASM4309126v1_genomic.fna
    Posted date:  Apr 27, 2025  1:59 PM
  Number of letters in database: 1,577,774,038
  Number of sequences in database:  881,955



Matrix: blastn matrix 2 -3
Gap Penalties: Existence: 5, Extension: 2
