BLASTN 2.9.0+


Reference: Stephen F. Altschul, Thomas L. Madden, Alejandro A.
Schaffer, Jinghui Zhang, Zheng Zhang, Webb Miller, and David J.
Lipman (1997), "Gapped BLAST and PSI-BLAST: a new generation of
protein database search programs", Nucleic Acids Res. 25:3389-3402.



Database: GCA_003402635.1_HabAm_1.0_genomic.fna
           84,502 sequences; 1,413,200,976 total letters



Query= Homo_sapiens_XM_054379673.1-IL34

Length=729


***** No hits found *****



Lambda      K        H
   0.634    0.408    0.912 

Gapped
Lambda      K        H
   0.625    0.410    0.780 

Effective search space used: 983116347664


  Database: GCA_003402635.1_HabAm_1.0_genomic.fna
    Posted date:  Apr 27, 2025  7:21 AM
  Number of letters in database: 1,413,200,976
  Number of sequences in database:  84,502



Matrix: blastn matrix 2 -3
Gap Penalties: Existence: 5, Extension: 2
