BLASTN 2.9.0+


Reference: Stephen F. Altschul, Thomas L. Madden, Alejandro A.
Schaffer, Jinghui Zhang, Zheng Zhang, Webb Miller, and David J.
Lipman (1997), "Gapped BLAST and PSI-BLAST: a new generation of
protein database search programs", Nucleic Acids Res. 25:3389-3402.



Database: GCA_947686815.1_rPodLil1.2_genomic.fna
           2,149 sequences; 1,460,103,102 total letters



Query= Homo_sapiens_XM_054379673.1-IL34

Length=729


***** No hits found *****



Lambda      K        H
   0.634    0.408    0.912 

Gapped
Lambda      K        H
   0.625    0.410    0.780 

Effective search space used: 1017643930798


  Database: GCA_947686815.1_rPodLil1.2_genomic.fna
    Posted date:  Apr 27, 2025  3:50 AM
  Number of letters in database: 1,460,103,102
  Number of sequences in database:  2,149



Matrix: blastn matrix 2 -3
Gap Penalties: Existence: 5, Extension: 2
