BLASTN 2.9.0+


Reference: Stephen F. Altschul, Thomas L. Madden, Alejandro A.
Schaffer, Jinghui Zhang, Zheng Zhang, Webb Miller, and David J.
Lipman (1997), "Gapped BLAST and PSI-BLAST: a new generation of
protein database search programs", Nucleic Acids Res. 25:3389-3402.



Database: GCA_019473425.1_HCya_v2_genomic.fna
           1,163 sequences; 1,980,712,740 total letters



Query= Homo_sapiens_XM_054364927.1-TMEM273

Length=570


***** No hits found *****



Lambda      K        H
   0.634    0.408    0.912 

Gapped
Lambda      K        H
   0.625    0.410    0.780 

Effective search space used: 1065603431912


  Database: GCA_019473425.1_HCya_v2_genomic.fna
    Posted date:  Apr 27, 2025  1:35 AM
  Number of letters in database: 1,980,712,740
  Number of sequences in database:  1,163



Matrix: blastn matrix 2 -3
Gap Penalties: Existence: 5, Extension: 2
