BLASTN 2.9.0+


Reference: Stephen F. Altschul, Thomas L. Madden, Alejandro A.
Schaffer, Jinghui Zhang, Zheng Zhang, Webb Miller, and David J.
Lipman (1997), "Gapped BLAST and PSI-BLAST: a new generation of
protein database search programs", Nucleic Acids Res. 25:3389-3402.



Database: GCA_044758705.1_ASM4475870v1_genomic.fna
           767,392 sequences; 1,682,758,474 total letters



Query= Homo_sapiens_XM_054364927.1-TMEM273

Length=570
                                                                      Score        E
Sequences producing significant alignments:                          (Bits)     Value

JBINKI010580531.1 Anilius scytale isolate UPRMGRS_1197_TJC_1122 5...  46.4       0.010



Query_1  500   TATATTTCAGAACAAAGTGCTGTGTTGTCATAATTT  535
580530   5799  ............G...........C......T....  5835
                         \                         
                         |                         
                         G


Lambda      K        H
   0.634    0.408    0.912 

Gapped
Lambda      K        H
   0.625    0.410    0.780 

Effective search space used: 892112638340


  Database: GCA_044758705.1_ASM4475870v1_genomic.fna
    Posted date:  Apr 27, 2025  7:43 AM
  Number of letters in database: 1,682,758,474
  Number of sequences in database:  767,392



Matrix: blastn matrix 2 -3
Gap Penalties: Existence: 5, Extension: 2
