BLASTN 2.9.0+


Reference: Stephen F. Altschul, Thomas L. Madden, Alejandro A.
Schaffer, Jinghui Zhang, Zheng Zhang, Webb Miller, and David J.
Lipman (1997), "Gapped BLAST and PSI-BLAST: a new generation of
protein database search programs", Nucleic Acids Res. 25:3389-3402.



Database: GCA_031001705.1_ASM3100170v1_genomic.fna
           67,984 sequences; 1,468,689,395 total letters



Query= Homo_sapiens_NM_002351.5-SH2D1A

Length=387


***** No hits found *****



Lambda      K        H
   0.634    0.408    0.912 

Gapped
Lambda      K        H
   0.625    0.410    0.780 

Effective search space used: 522103153196


  Database: GCA_031001705.1_ASM3100170v1_genomic.fna
    Posted date:  Apr 27, 2025  9:49 AM
  Number of letters in database: 1,468,689,395
  Number of sequences in database:  67,984



Matrix: blastn matrix 2 -3
Gap Penalties: Existence: 5, Extension: 2
