BLASTN 2.9.0+


Reference: Stephen F. Altschul, Thomas L. Madden, Alejandro A.
Schaffer, Jinghui Zhang, Zheng Zhang, Webb Miller, and David J.
Lipman (1997), "Gapped BLAST and PSI-BLAST: a new generation of
protein database search programs", Nucleic Acids Res. 25:3389-3402.



Database: GCF_037176765.1_rAnoSag1.mat_genomic.fna
           29 sequences; 1,950,830,970 total letters



Query= Homo_sapiens_NM_018962.3-RIPPLY3

Length=573


***** No hits found *****



Lambda      K        H
   0.634    0.408    0.912 

Gapped
Lambda      K        H
   0.625    0.410    0.780 

Effective search space used: 1055399052722


  Database: GCF_037176765.1_rAnoSag1.mat_genomic.fna
    Posted date:  Apr 26, 2025  11:43 PM
  Number of letters in database: 1,950,830,970
  Number of sequences in database:  29



Matrix: blastn matrix 2 -3
Gap Penalties: Existence: 5, Extension: 2
