BLASTN 2.9.0+


Reference: Stephen F. Altschul, Thomas L. Madden, Alejandro A.
Schaffer, Jinghui Zhang, Zheng Zhang, Webb Miller, and David J.
Lipman (1997), "Gapped BLAST and PSI-BLAST: a new generation of
protein database search programs", Nucleic Acids Res. 25:3389-3402.



Database: GCA_047292475.1_ASM4729247v1_genomic.fna
           297,277 sequences; 1,315,687,591 total letters



Query= Homo_sapiens_NM_018962.3-RIPPLY3

Length=573
                                                                      Score        E
Sequences producing significant alignments:                          (Bits)     Value

JBKKFL010245743.1 Crotalus mitchellii isolate K8CGM633SY 245743, ...  46.4       0.008



Query_1  372    AGAGCCAGAGGAAGGACCCCCACCCCTCCA  401
245742   15364  ...T...........G..............  15393


Lambda      K        H
   0.634    0.408    0.912 

Gapped
Lambda      K        H
   0.625    0.410    0.780 

Effective search space used: 708107826168


  Database: GCA_047292475.1_ASM4729247v1_genomic.fna
    Posted date:  Apr 27, 2025  12:01 PM
  Number of letters in database: 1,315,687,591
  Number of sequences in database:  297,277



Matrix: blastn matrix 2 -3
Gap Penalties: Existence: 5, Extension: 2
