BLASTN 2.9.0+


Reference: Stephen F. Altschul, Thomas L. Madden, Alejandro A.
Schaffer, Jinghui Zhang, Zheng Zhang, Webb Miller, and David J.
Lipman (1997), "Gapped BLAST and PSI-BLAST: a new generation of
protein database search programs", Nucleic Acids Res. 25:3389-3402.



Database: GCA_047292475.1_ASM4729247v1_genomic.fna
           297,277 sequences; 1,315,687,591 total letters



Query= Homo_sapiens_NM_012108.4-STAP1

Length=888
                                                                      Score        E
Sequences producing significant alignments:                          (Bits)     Value

JBKKFL010015648.1 Crotalus mitchellii isolate K8CGM633SY 15648, w...  45.5       0.043
JBKKFL010124518.1 Crotalus mitchellii isolate K8CGM633SY 124518, ...  44.6       0.043



Query_1  426   AGAGAGAGAAAAGAAAAGGAGGATTGAGACAGAGCAGAG  464
15647    1110  ............A.....A.A........G....-....  1073
124517   7434  ..............G.G.....GG.....G....A....  7396


Lambda      K        H
   0.634    0.408    0.912 

Gapped
Lambda      K        H
   0.625    0.410    0.780 

Effective search space used: 1118085566312


  Database: GCA_047292475.1_ASM4729247v1_genomic.fna
    Posted date:  Apr 27, 2025  12:01 PM
  Number of letters in database: 1,315,687,591
  Number of sequences in database:  297,277



Matrix: blastn matrix 2 -3
Gap Penalties: Existence: 5, Extension: 2
