BLASTN 2.9.0+


Reference: Stephen F. Altschul, Thomas L. Madden, Alejandro A.
Schaffer, Jinghui Zhang, Zheng Zhang, Webb Miller, and David J.
Lipman (1997), "Gapped BLAST and PSI-BLAST: a new generation of
protein database search programs", Nucleic Acids Res. 25:3389-3402.



Database: GCA_026541955.2_ASM2654195v2_genomic.fna
           539,791 sequences; 1,433,213,430 total letters



Query= Homo_sapiens_NM_001330219.3-HSD17B1

Length=990
                                                                      Score        E
Sequences producing significant alignments:                          (Bits)     Value

JANKYG020538394.1 Simalia boeleni voucher IRGN:PZUCYBPU2B 538394,...  46.4       0.015



Query_1  16   GTGCTCATCACCGGCTGTTCCTCGGGCATCGGCCT  50
538393   240  ..C..............C..G...........G..  274


Lambda      K        H
   0.634    0.408    0.912 

Gapped
Lambda      K        H
   0.625    0.410    0.780 

Effective search space used: 1356470633044


  Database: GCA_026541955.2_ASM2654195v2_genomic.fna
    Posted date:  Apr 27, 2025  8:47 PM
  Number of letters in database: 1,433,213,430
  Number of sequences in database:  539,791



Matrix: blastn matrix 2 -3
Gap Penalties: Existence: 5, Extension: 2
