BLASTN 2.9.0+


Reference: Stephen F. Altschul, Thomas L. Madden, Alejandro A.
Schaffer, Jinghui Zhang, Zheng Zhang, Webb Miller, and David J.
Lipman (1997), "Gapped BLAST and PSI-BLAST: a new generation of
protein database search programs", Nucleic Acids Res. 25:3389-3402.



Database: GCA_043090945.1_ASM4309094v1_genomic.fna
           378,652 sequences; 1,906,508,306 total letters



Query= Homo_sapiens_XM_054326836.1-GPR82

Length=1011
                                                                      Score        E
Sequences producing significant alignments:                          (Bits)     Value

JBHLFM010000035.1 Sceloporus chrysostictus isolate UPRM_GenResCol...  47.3       0.020



Query_1  304        AGTATGTTTGTCAGTCTCTTAATTTTAAGTTGGATTGC  341
34       117852881  ..G...C........T.T.................A..  117852918


Lambda      K        H
   0.634    0.408    0.912 

Gapped
Lambda      K        H
   0.625    0.410    0.780 

Effective search space used: 1852344508620


  Database: GCA_043090945.1_ASM4309094v1_genomic.fna
    Posted date:  Apr 27, 2025  10:22 AM
  Number of letters in database: 1,906,508,306
  Number of sequences in database:  378,652



Matrix: blastn matrix 2 -3
Gap Penalties: Existence: 5, Extension: 2
