BLASTN 2.9.0+


Reference: Stephen F. Altschul, Thomas L. Madden, Alejandro A.
Schaffer, Jinghui Zhang, Zheng Zhang, Webb Miller, and David J.
Lipman (1997), "Gapped BLAST and PSI-BLAST: a new generation of
protein database search programs", Nucleic Acids Res. 25:3389-3402.



Database: GCF_027172205.1_rPodRaf1.pri_genomic.fna
           27 sequences; 1,513,131,503 total letters



Query= Homo_sapiens_NM_015274.3-MAN2B2

Length=3030
                                                                      Score        E
Sequences producing significant alignments:                          (Bits)     Value

NC_070615.1 Podarcis raffonei isolate rPodRaf1 chromosome 14, rPo...  46.4       0.050



Query_1  1250      TCCAGCACCATGATGCCATCACTGGGACTG  1279
13       27967132  ..........C..............C....  27967103


Lambda      K        H
   0.634    0.408    0.912 

Gapped
Lambda      K        H
   0.625    0.410    0.780 

Effective search space used: 4533339232660


  Database: GCF_027172205.1_rPodRaf1.pri_genomic.fna
    Posted date:  Apr 27, 2025  12:34 AM
  Number of letters in database: 1,513,131,503
  Number of sequences in database:  27



Matrix: blastn matrix 2 -3
Gap Penalties: Existence: 5, Extension: 2
