BLASTN 2.9.0+


Reference: Stephen F. Altschul, Thomas L. Madden, Alejandro A.
Schaffer, Jinghui Zhang, Zheng Zhang, Webb Miller, and David J.
Lipman (1997), "Gapped BLAST and PSI-BLAST: a new generation of
protein database search programs", Nucleic Acids Res. 25:3389-3402.



Database: GCA_034509955.1_ASU_Unig_1_genomic.fna
           327 sequences; 1,870,054,407 total letters



Query= Homo_sapiens_XM_054346456.1-IL5RA

Length=1320
                                                                      Score        E
Sequences producing significant alignments:                          (Bits)     Value

JAOEGL010000002.1 Urosaurus nigricauda isolate ASU_Uro_nig_1 scaf...  46.4       0.026



Query_1  953        AGGCAGGGCTCTGGAGTGAGTGGAGCCAACC  983
1        295705512  ........T......................  295705543
                                           \       
                                           |       
                                           T


Lambda      K        H
   0.634    0.408    0.912 

Gapped
Lambda      K        H
   0.625    0.410    0.780 

Effective search space used: 2406746133792


  Database: GCA_034509955.1_ASU_Unig_1_genomic.fna
    Posted date:  Apr 27, 2025  5:28 AM
  Number of letters in database: 1,870,054,407
  Number of sequences in database:  327



Matrix: blastn matrix 2 -3
Gap Penalties: Existence: 5, Extension: 2
