BLASTN 2.9.0+


Reference: Stephen F. Altschul, Thomas L. Madden, Alejandro A.
Schaffer, Jinghui Zhang, Zheng Zhang, Webb Miller, and David J.
Lipman (1997), "Gapped BLAST and PSI-BLAST: a new generation of
protein database search programs", Nucleic Acids Res. 25:3389-3402.



Database: GCF_035594765.1_rAnoCar3.1.pri_genomic.fna
           211 sequences; 1,850,740,401 total letters



Query= Homo_sapiens_XM_054327033.1-IL13RA2

Length=1143


***** No hits found *****



Lambda      K        H
   0.634    0.408    0.912 

Gapped
Lambda      K        H
   0.625    0.410    0.780 

Effective search space used: 2054314116180


  Database: GCF_035594765.1_rAnoCar3.1.pri_genomic.fna
    Posted date:  Apr 26, 2025  11:39 PM
  Number of letters in database: 1,850,740,401
  Number of sequences in database:  211



Matrix: blastn matrix 2 -3
Gap Penalties: Existence: 5, Extension: 2
