BLASTN 2.9.0+


Reference: Stephen F. Altschul, Thomas L. Madden, Alejandro A.
Schaffer, Jinghui Zhang, Zheng Zhang, Webb Miller, and David J.
Lipman (1997), "Gapped BLAST and PSI-BLAST: a new generation of
protein database search programs", Nucleic Acids Res. 25:3389-3402.



Database: GCA_046270025.1_ASM4627002v1_genomic.fna
           713,129 sequences; 1,495,603,661 total letters



Query= Homo_sapiens_XM_054324329.1-CYYR1

Length=723
                                                                      Score        E
Sequences producing significant alignments:                          (Bits)     Value

JBJJOR010329430.1 Amphiesma stolatum isolate RS-G 329430, whole g...  45.5       0.039
JBJJOR010312977.1 Amphiesma stolatum isolate RS-G 312977, whole g...  45.5       0.039



Query_1  12   GCCTGGGTGGCCAAGGACGCCGGAGTGGCCGC  43
329429   267  ............C...C.....A.........  298
312976   206  ............C...C.....A.........  175


Lambda      K        H
   0.634    0.408    0.912 

Gapped
Lambda      K        H
   0.625    0.410    0.780 

Effective search space used: 1017693421303


  Database: GCA_046270025.1_ASM4627002v1_genomic.fna
    Posted date:  Apr 27, 2025  2:33 PM
  Number of letters in database: 1,495,603,661
  Number of sequences in database:  713,129



Matrix: blastn matrix 2 -3
Gap Penalties: Existence: 5, Extension: 2
