BLASTN 2.9.0+


Reference: Stephen F. Altschul, Thomas L. Madden, Alejandro A.
Schaffer, Jinghui Zhang, Zheng Zhang, Webb Miller, and David J.
Lipman (1997), "Gapped BLAST and PSI-BLAST: a new generation of
protein database search programs", Nucleic Acids Res. 25:3389-3402.



Database: GCA_046270025.1_ASM4627002v1_genomic.fna
           713,129 sequences; 1,495,603,661 total letters



Query= Homo_sapiens_NM_006762.3-LAPTM5

Length=789


***** No hits found *****



Lambda      K        H
   0.634    0.408    0.912 

Gapped
Lambda      K        H
   0.625    0.410    0.780 

Effective search space used: 1114897134481


  Database: GCA_046270025.1_ASM4627002v1_genomic.fna
    Posted date:  Apr 27, 2025  2:33 PM
  Number of letters in database: 1,495,603,661
  Number of sequences in database:  713,129



Matrix: blastn matrix 2 -3
Gap Penalties: Existence: 5, Extension: 2
