BLASTN 2.9.0+


Reference: Stephen F. Altschul, Thomas L. Madden, Alejandro A.
Schaffer, Jinghui Zhang, Zheng Zhang, Webb Miller, and David J.
Lipman (1997), "Gapped BLAST and PSI-BLAST: a new generation of
protein database search programs", Nucleic Acids Res. 25:3389-3402.



Database: GCA_964234825.1_rPodMel1.hap2.1_genomic.fna
           200 sequences; 1,437,044,901 total letters



Query= Homo_sapiens_XM_054374439.1-INTS6

Length=2664
                                                                      Score        E
Sequences producing significant alignments:                          (Bits)     Value

OZ174247.1 Podarcis melisellensis genome assembly, chromosome: 2      47.3       0.042



Query_1  287       TTGATTTATTAAATTTAAATAGATTAGTAACTGGCATA  324
1        45888555  ......G..............A.....C..G.C.....  45888592


Lambda      K        H
   0.634    0.408    0.912 

Gapped
Lambda      K        H
   0.625    0.410    0.780 

Effective search space used: 3780847769931


  Database: GCA_964234825.1_rPodMel1.hap2.1_genomic.fna
    Posted date:  Apr 27, 2025  3:21 AM
  Number of letters in database: 1,437,044,901
  Number of sequences in database:  200



Matrix: blastn matrix 2 -3
Gap Penalties: Existence: 5, Extension: 2
