BLASTN 2.9.0+


Reference: Stephen F. Altschul, Thomas L. Madden, Alejandro A.
Schaffer, Jinghui Zhang, Zheng Zhang, Webb Miller, and David J.
Lipman (1997), "Gapped BLAST and PSI-BLAST: a new generation of
protein database search programs", Nucleic Acids Res. 25:3389-3402.



Database: GCA_046269805.1_ASM4626980v1_genomic.fna
           442,709 sequences; 1,361,440,344 total letters



Query= Homo_sapiens_XM_054366876.1-ELOVL3

Length=813
                                                                      Score        E
Sequences producing significant alignments:                          (Bits)     Value

JBJJOL010400772.1 Hydrophis schistosus isolate RAP0487 400772, wh...  44.6       0.040



Query_1  195   GCCTCTCATCCTCTGGTCCTTCTGCCTTGCA  225
400771   3504  ...........G...........-.......  3533


Lambda      K        H
   0.634    0.408    0.912 

Gapped
Lambda      K        H
   0.625    0.410    0.780 

Effective search space used: 1052220725336


  Database: GCA_046269805.1_ASM4626980v1_genomic.fna
    Posted date:  Apr 27, 2025  12:06 PM
  Number of letters in database: 1,361,440,344
  Number of sequences in database:  442,709



Matrix: blastn matrix 2 -3
Gap Penalties: Existence: 5, Extension: 2
