BLASTN 2.9.0+


Reference: Stephen F. Altschul, Thomas L. Madden, Alejandro A.
Schaffer, Jinghui Zhang, Zheng Zhang, Webb Miller, and David J.
Lipman (1997), "Gapped BLAST and PSI-BLAST: a new generation of
protein database search programs", Nucleic Acids Res. 25:3389-3402.



Database: GCF_009769535.1_rThaEle1.pri_genomic.fna
           365 sequences; 1,672,190,305 total letters



Query= Homo_sapiens_XM_054365033.1-ZNF438

Length=2520
                                                                      Score        E
Sequences producing significant alignments:                          (Bits)     Value

NC_045541.1 Thamnophis elegans isolate rThaEle1 chromosome 1, rTh...  46.4       0.046



Query_1  1084      GTGTCACAGCAGAGTGCCTGTGAAAGTGCCTTTTGTCC  1121
0        20969476  ........A....C...........-............  20969513
                                       \                 
                                       |                 
                                       C


Lambda      K        H
   0.634    0.408    0.912 

Gapped
Lambda      K        H
   0.625    0.410    0.780 

Effective search space used: 4157034246970


  Database: GCF_009769535.1_rThaEle1.pri_genomic.fna
    Posted date:  Apr 27, 2025  12:09 AM
  Number of letters in database: 1,672,190,305
  Number of sequences in database:  365



Matrix: blastn matrix 2 -3
Gap Penalties: Existence: 5, Extension: 2
