BLASTN 2.9.0+


Reference: Stephen F. Altschul, Thomas L. Madden, Alejandro A.
Schaffer, Jinghui Zhang, Zheng Zhang, Webb Miller, and David J.
Lipman (1997), "Gapped BLAST and PSI-BLAST: a new generation of
protein database search programs", Nucleic Acids Res. 25:3389-3402.



Database: GCA_046269745.1_ASM4626974v1_genomic.fna
           389,167 sequences; 1,354,614,273 total letters



Query= Homo_sapiens_XM_054365033.1-ZNF438

Length=2520
                                                                      Score        E
Sequences producing significant alignments:                          (Bits)     Value

JBJJOG010100439.1 Dasypeltis abyssina isolate TJC1354 100439, who...  46.4       0.037



Query_1  501   TCCTCAGATGTCCCCTTCCCCACCTCACCACCCTG  535
100438   1091  ................C.......C....C..A..  1125


Lambda      K        H
   0.634    0.408    0.912 

Gapped
Lambda      K        H
   0.625    0.410    0.780 

Effective search space used: 3336986372094


  Database: GCA_046269745.1_ASM4626974v1_genomic.fna
    Posted date:  Apr 27, 2025  12:38 PM
  Number of letters in database: 1,354,614,273
  Number of sequences in database:  389,167



Matrix: blastn matrix 2 -3
Gap Penalties: Existence: 5, Extension: 2
