BLASTN 2.9.0+


Reference: Stephen F. Altschul, Thomas L. Madden, Alejandro A.
Schaffer, Jinghui Zhang, Zheng Zhang, Webb Miller, and David J.
Lipman (1997), "Gapped BLAST and PSI-BLAST: a new generation of
protein database search programs", Nucleic Acids Res. 25:3389-3402.



Database: GCA_026167975.1_rPhrBla1.0.hap2_genomic.fna
           52 sequences; 1,968,358,621 total letters



Query= Homo_sapiens_XM_054365033.1-ZNF438

Length=2520
                                                                      Score        E
Sequences producing significant alignments:                          (Bits)     Value

JANUYF010000004.1 Phrynosoma blainvillii voucher MVZ:Herp:300828 ...  48.2       0.015



Query_1  1162       AGTGGAGCAGCAAAGAGAAAAGGAAGAAAACGGAAGGT  1199
33       134133862  .........AG...................-...G...  134133826


Lambda      K        H
   0.634    0.408    0.912 

Gapped
Lambda      K        H
   0.625    0.410    0.780 

Effective search space used: 4893335136558


  Database: GCA_026167975.1_rPhrBla1.0.hap2_genomic.fna
    Posted date:  Apr 27, 2025  6:57 AM
  Number of letters in database: 1,968,358,621
  Number of sequences in database:  52



Matrix: blastn matrix 2 -3
Gap Penalties: Existence: 5, Extension: 2
