BLASTN 2.9.0+


Reference: Stephen F. Altschul, Thomas L. Madden, Alejandro A.
Schaffer, Jinghui Zhang, Zheng Zhang, Webb Miller, and David J.
Lipman (1997), "Gapped BLAST and PSI-BLAST: a new generation of
protein database search programs", Nucleic Acids Res. 25:3389-3402.



Database: GCA_032467975.1_ASM3246797v1_genomic.fna
           317,626 sequences; 1,232,530,381 total letters



Query= Homo_sapiens_XM_054365033.1-ZNF438

Length=2520
                                                                      Score        E
Sequences producing significant alignments:                          (Bits)     Value

JANHFS010010749.1 Trimeresurus albolabris voucher FMNH:255254 107...  47.3       0.033



Query_1  1160    ACAGTGGAGCAGCAAAGAGAAAAGGAAGAAAACGGAAGG  1198
10748    106923  ......C.................C.T.....T......  106884
                             \                          
                             |                          
                             A


Lambda      K        H
   0.634    0.408    0.912 

Gapped
Lambda      K        H
   0.625    0.410    0.780 

Effective search space used: 3039235174101


  Database: GCA_032467975.1_ASM3246797v1_genomic.fna
    Posted date:  Apr 27, 2025  6:43 AM
  Number of letters in database: 1,232,530,381
  Number of sequences in database:  317,626



Matrix: blastn matrix 2 -3
Gap Penalties: Existence: 5, Extension: 2
