BLASTN 2.9.0+


Reference: Stephen F. Altschul, Thomas L. Madden, Alejandro A.
Schaffer, Jinghui Zhang, Zheng Zhang, Webb Miller, and David J.
Lipman (1997), "Gapped BLAST and PSI-BLAST: a new generation of
protein database search programs", Nucleic Acids Res. 25:3389-3402.



Database: GCA_043110025.1_ASM4311002v1_genomic.fna
           596,518 sequences; 1,558,578,040 total letters



Query= Homo_sapiens_XM_054365033.1-ZNF438

Length=2520
                                                                      Score        E
Sequences producing significant alignments:                          (Bits)     Value

JBHOMR010051265.1 Atractaspis microlepidota isolate UPRMGRS_935_T...  48.2       0.012



Query_1  1125  CACCAAACTTGATCTTAACCACAAAACAAAA  1155
51264    1048  ...........C.....G.............  1018


Lambda      K        H
   0.634    0.408    0.912 

Gapped
Lambda      K        H
   0.625    0.410    0.780 

Effective search space used: 3827226756702


  Database: GCA_043110025.1_ASM4311002v1_genomic.fna
    Posted date:  Apr 27, 2025  1:55 PM
  Number of letters in database: 1,558,578,040
  Number of sequences in database:  596,518



Matrix: blastn matrix 2 -3
Gap Penalties: Existence: 5, Extension: 2
