BLASTN 2.9.0+


Reference: Stephen F. Altschul, Thomas L. Madden, Alejandro A.
Schaffer, Jinghui Zhang, Zheng Zhang, Webb Miller, and David J.
Lipman (1997), "Gapped BLAST and PSI-BLAST: a new generation of
protein database search programs", Nucleic Acids Res. 25:3389-3402.



Database: GCA_044758745.1_ASM4475874v1_genomic.fna
           1,448,590 sequences; 1,676,993,831 total letters



Query= Homo_sapiens_XM_054365033.1-ZNF438

Length=2520


***** No hits found *****



Lambda      K        H
   0.634    0.408    0.912 

Gapped
Lambda      K        H
   0.625    0.410    0.780 

Effective search space used: 4046566042706


  Database: GCA_044758745.1_ASM4475874v1_genomic.fna
    Posted date:  Apr 27, 2025  7:15 PM
  Number of letters in database: 1,676,993,831
  Number of sequences in database:  1,448,590



Matrix: blastn matrix 2 -3
Gap Penalties: Existence: 5, Extension: 2
