BLASTN 2.9.0+


Reference: Stephen F. Altschul, Thomas L. Madden, Alejandro A.
Schaffer, Jinghui Zhang, Zheng Zhang, Webb Miller, and David J.
Lipman (1997), "Gapped BLAST and PSI-BLAST: a new generation of
protein database search programs", Nucleic Acids Res. 25:3389-3402.



Database: GCA_040207535.1_USC_Ccil_1.0_genomic.fna
           151 sequences; 1,652,967,480 total letters



Query= Homo_sapiens_NM_018402.2-IL26

Length=516
                                                                      Score        E
Sequences producing significant alignments:                          (Bits)     Value

JBBPXQ010000013.1 Correlophus ciliatus isolate MAA-2024a Scaffold...  50.9       7e-04



Query_1  437       ACAAAGGAATCTACAAAGCCATCAGTGAAC  466
43       10207544  .................A............  10207573


Lambda      K        H
   0.634    0.408    0.912 

Gapped
Lambda      K        H
   0.625    0.410    0.780 

Effective search space used: 801686957515


  Database: GCA_040207535.1_USC_Ccil_1.0_genomic.fna
    Posted date:  Apr 27, 2025  5:08 AM
  Number of letters in database: 1,652,967,480
  Number of sequences in database:  151



Matrix: blastn matrix 2 -3
Gap Penalties: Existence: 5, Extension: 2
