BLASTN 2.9.0+


Reference: Stephen F. Altschul, Thomas L. Madden, Alejandro A.
Schaffer, Jinghui Zhang, Zheng Zhang, Webb Miller, and David J.
Lipman (1997), "Gapped BLAST and PSI-BLAST: a new generation of
protein database search programs", Nucleic Acids Res. 25:3389-3402.



Database: GCA_046270445.1_ASM4627044v1_genomic.fna
           593,573 sequences; 1,483,696,973 total letters



Query= Homo_sapiens_NM_018402.2-IL26

Length=516
                                                                      Score        E
Sequences producing significant alignments:                          (Bits)     Value

JBJNRV010548034.1 Fowlea piscator isolate RAP0482 548034, whole g...  45.5       0.027



Query_1  5    TGGTGAATTTCATTTTGAGGTGTGGGTTGCTG  36
548033   117  .................G.....A.....T..  148


Lambda      K        H
   0.634    0.408    0.912 

Gapped
Lambda      K        H
   0.625    0.410    0.780 

Effective search space used: 710668661850


  Database: GCA_046270445.1_ASM4627044v1_genomic.fna
    Posted date:  Apr 27, 2025  6:37 AM
  Number of letters in database: 1,483,696,973
  Number of sequences in database:  593,573



Matrix: blastn matrix 2 -3
Gap Penalties: Existence: 5, Extension: 2
