BLASTN 2.9.0+


Reference: Stephen F. Altschul, Thomas L. Madden, Alejandro A.
Schaffer, Jinghui Zhang, Zheng Zhang, Webb Miller, and David J.
Lipman (1997), "Gapped BLAST and PSI-BLAST: a new generation of
protein database search programs", Nucleic Acids Res. 25:3389-3402.



Database: GCA_029204185.1_lerEdw1.0_genomic.fna
           40,606 sequences; 1,740,840,159 total letters



Query= Homo_sapiens_NM_018402.2-IL26

Length=516
                                                                      Score        E
Sequences producing significant alignments:                          (Bits)     Value

JAJKFI010000031.1 Lerista edwardsae isolate Ler83 scaffold_31, wh...  45.5       0.032



Query_1  397      TCCATTACCAGGATGAAAAGAATATTTTA  425
30       3979252  .............................  3979282
                                      \        
                                      |        
                                     CA


Lambda      K        H
   0.634    0.408    0.912 

Gapped
Lambda      K        H
   0.625    0.410    0.780 

Effective search space used: 841937731228


  Database: GCA_029204185.1_lerEdw1.0_genomic.fna
    Posted date:  Apr 27, 2025  9:32 AM
  Number of letters in database: 1,740,840,159
  Number of sequences in database:  40,606



Matrix: blastn matrix 2 -3
Gap Penalties: Existence: 5, Extension: 2
