BLASTN 2.9.0+


Reference: Stephen F. Altschul, Thomas L. Madden, Alejandro A.
Schaffer, Jinghui Zhang, Zheng Zhang, Webb Miller, and David J.
Lipman (1997), "Gapped BLAST and PSI-BLAST: a new generation of
protein database search programs", Nucleic Acids Res. 25:3389-3402.



Database: GCA_026541955.2_ASM2654195v2_genomic.fna
           539,791 sequences; 1,433,213,430 total letters



Query= Homo_sapiens_NM_018402.2-IL26

Length=516


***** No hits found *****



Lambda      K        H
   0.634    0.408    0.912 

Gapped
Lambda      K        H
   0.625    0.410    0.780 

Effective search space used: 686992755865


  Database: GCA_026541955.2_ASM2654195v2_genomic.fna
    Posted date:  Apr 27, 2025  8:47 PM
  Number of letters in database: 1,433,213,430
  Number of sequences in database:  539,791



Matrix: blastn matrix 2 -3
Gap Penalties: Existence: 5, Extension: 2
