BLASTN 2.9.0+


Reference: Stephen F. Altschul, Thomas L. Madden, Alejandro A.
Schaffer, Jinghui Zhang, Zheng Zhang, Webb Miller, and David J.
Lipman (1997), "Gapped BLAST and PSI-BLAST: a new generation of
protein database search programs", Nucleic Acids Res. 25:3389-3402.



Database: GCA_043111265.1_ASM4311126v1_genomic.fna
           1,188,762 sequences; 1,866,327,970 total letters



Query= Homo_sapiens_NM_018402.2-IL26

Length=516
                                                                      Score        E
Sequences producing significant alignments:                          (Bits)     Value

JBHUPM010281068.1 Trioceros affinis isolate UPRMGRS_989_TJC_516 2...  46.4       0.010



Query_1  469   GATATTCTTCTTTCCTGGATTAAAAAATTATT  500
281067   2419  ..........C.....................  2386
                                     \         
                                     |         
                                    TC


Lambda      K        H
   0.634    0.408    0.912 

Gapped
Lambda      K        H
   0.625    0.410    0.780 

Effective search space used: 884891191624


  Database: GCA_043111265.1_ASM4311126v1_genomic.fna
    Posted date:  Apr 27, 2025  6:55 PM
  Number of letters in database: 1,866,327,970
  Number of sequences in database:  1,188,762



Matrix: blastn matrix 2 -3
Gap Penalties: Existence: 5, Extension: 2
