BLASTN 2.9.0+


Reference: Stephen F. Altschul, Thomas L. Madden, Alejandro A.
Schaffer, Jinghui Zhang, Zheng Zhang, Webb Miller, and David J.
Lipman (1997), "Gapped BLAST and PSI-BLAST: a new generation of
protein database search programs", Nucleic Acids Res. 25:3389-3402.



Database: GCA_043643385.1_ASM4364338v1_genomic.fna
           487 sequences; 1,803,551,824 total letters



Query= Homo_sapiens_XM_054339503.1-SH2D2A

Length=1218


***** No hits found *****



Lambda      K        H
   0.634    0.408    0.912 

Gapped
Lambda      K        H
   0.625    0.410    0.780 

Effective search space used: 2137189867305


  Database: GCA_043643385.1_ASM4364338v1_genomic.fna
    Posted date:  Apr 27, 2025  1:49 AM
  Number of letters in database: 1,803,551,824
  Number of sequences in database:  487



Matrix: blastn matrix 2 -3
Gap Penalties: Existence: 5, Extension: 2
