BLASTN 2.9.0+


Reference: Stephen F. Altschul, Thomas L. Madden, Alejandro A.
Schaffer, Jinghui Zhang, Zheng Zhang, Webb Miller, and David J.
Lipman (1997), "Gapped BLAST and PSI-BLAST: a new generation of
protein database search programs", Nucleic Acids Res. 25:3389-3402.



Database: GCA_047748235.1_ASM4774823v1_genomic.fna
           1,026,645 sequences; 1,027,577,988 total letters



Query= Homo_sapiens_XM_054327033.1-IL13RA2

Length=1143
                                                                      Score        E
Sequences producing significant alignments:                          (Bits)     Value

JBLLKN010509350.1 Tupinambis teguixin isolate PX4254QE63 509350, ...  45.5       0.042



Query_1  749  GTTCATGTGAAATTAAGCTGAAATGGA  775
509349   308  ............G..............  334


Lambda      K        H
   0.634    0.408    0.912 

Gapped
Lambda      K        H
   0.625    0.410    0.780 

Effective search space used: 1105139861628


  Database: GCA_047748235.1_ASM4774823v1_genomic.fna
    Posted date:  Apr 27, 2025  8:38 PM
  Number of letters in database: 1,027,577,988
  Number of sequences in database:  1,026,645



Matrix: blastn matrix 2 -3
Gap Penalties: Existence: 5, Extension: 2
