BLASTN 2.9.0+


Reference: Stephen F. Altschul, Thomas L. Madden, Alejandro A.
Schaffer, Jinghui Zhang, Zheng Zhang, Webb Miller, and David J.
Lipman (1997), "Gapped BLAST and PSI-BLAST: a new generation of
protein database search programs", Nucleic Acids Res. 25:3389-3402.



Database: GCA_964252035.1_rPodErh1.hap1.1_genomic.fna
           326 sequences; 1,495,994,634 total letters



Query= Homo_sapiens_NM_018402.2-IL26

Length=516


***** No hits found *****



Lambda      K        H
   0.634    0.408    0.912 

Gapped
Lambda      K        H
   0.625    0.410    0.780 

Effective search space used: 725552496080


  Database: GCA_964252035.1_rPodErh1.hap1.1_genomic.fna
    Posted date:  Apr 27, 2025  1:58 AM
  Number of letters in database: 1,495,994,634
  Number of sequences in database:  326



Matrix: blastn matrix 2 -3
Gap Penalties: Existence: 5, Extension: 2
