BLASTN 2.9.0+


Reference: Stephen F. Altschul, Thomas L. Madden, Alejandro A.
Schaffer, Jinghui Zhang, Zheng Zhang, Webb Miller, and David J.
Lipman (1997), "Gapped BLAST and PSI-BLAST: a new generation of
protein database search programs", Nucleic Acids Res. 25:3389-3402.



Database: GCA_043090985.1_ASM4309098v1_genomic.fna
           583,104 sequences; 1,711,849,805 total letters



Query= Homo_sapiens_NM_002351.5-SH2D1A

Length=387
                                                                      Score        E
Sequences producing significant alignments:                          (Bits)     Value

JBHLFK010013405.1 Acanthocercus cyanogaster isolate UPRMGRS_1025_...  44.6       0.023



Query_1  209   CTGGGGTACATAAAAGATATTTCCGGAAA  237
13404    3338  ......................AT.....  3310


Lambda      K        H
   0.634    0.408    0.912 

Gapped
Lambda      K        H
   0.625    0.410    0.780 

Effective search space used: 602983394836


  Database: GCA_043090985.1_ASM4309098v1_genomic.fna
    Posted date:  Apr 27, 2025  9:59 AM
  Number of letters in database: 1,711,849,805
  Number of sequences in database:  583,104



Matrix: blastn matrix 2 -3
Gap Penalties: Existence: 5, Extension: 2
