BLASTN 2.9.0+


Reference: Stephen F. Altschul, Thomas L. Madden, Alejandro A.
Schaffer, Jinghui Zhang, Zheng Zhang, Webb Miller, and David J.
Lipman (1997), "Gapped BLAST and PSI-BLAST: a new generation of
protein database search programs", Nucleic Acids Res. 25:3389-3402.



Database: GCF_035046505.1_rTilSci1.hap2_genomic.fna
           350 sequences; 1,623,332,312 total letters



Query= Homo_sapiens_NM_002351.5-SH2D1A

Length=387
                                                                      Score        E
Sequences producing significant alignments:                          (Bits)     Value

NC_089822.1 Tiliqua scincoides isolate rTilSci1 chromosome 2, rTi...  44.6       0.022



Query_1  242        AAAATCTCATTTCAGCATTTCAGAAGCCAGA  272
1        242419512  ..................A.-..........  242419483


Lambda      K        H
   0.634    0.408    0.912 

Gapped
Lambda      K        H
   0.625    0.410    0.780 

Effective search space used: 577902440472


  Database: GCF_035046505.1_rTilSci1.hap2_genomic.fna
    Posted date:  Apr 27, 2025  12:37 AM
  Number of letters in database: 1,623,332,312
  Number of sequences in database:  350



Matrix: blastn matrix 2 -3
Gap Penalties: Existence: 5, Extension: 2
