BLASTN 2.9.0+


Reference: Stephen F. Altschul, Thomas L. Madden, Alejandro A.
Schaffer, Jinghui Zhang, Zheng Zhang, Webb Miller, and David J.
Lipman (1997), "Gapped BLAST and PSI-BLAST: a new generation of
protein database search programs", Nucleic Acids Res. 25:3389-3402.



Database: GCA_033807725.1_HELE_1.0_genomic.fna
           3,120 sequences; 2,010,336,133 total letters



Query= Homo_sapiens_NM_012108.4-STAP1

Length=888
                                                                      Score        E
Sequences producing significant alignments:                          (Bits)     Value

JAUPSR010000098.1 Hydrophis elegans isolate KLS1121 contig_98, wh...  46.4       0.019
JAUPSR010000019.1 Hydrophis elegans isolate KLS1121 contig_19, wh...  46.4       0.019



Query_1  478       AAAGAGAAGGAACCAACTGAAGATTATGTGG  508
97       3384306    ....................T.....A...  3384277
18       21351422  .............A.......T........   21351393


Lambda      K        H
   0.634    0.408    0.912 

Gapped
Lambda      K        H
   0.625    0.410    0.780 

Effective search space used: 1720762266808


  Database: GCA_033807725.1_HELE_1.0_genomic.fna
    Posted date:  Apr 27, 2025  9:02 AM
  Number of letters in database: 2,010,336,133
  Number of sequences in database:  3,120



Matrix: blastn matrix 2 -3
Gap Penalties: Existence: 5, Extension: 2
