BLASTN 2.9.0+


Reference: Stephen F. Altschul, Thomas L. Madden, Alejandro A.
Schaffer, Jinghui Zhang, Zheng Zhang, Webb Miller, and David J.
Lipman (1997), "Gapped BLAST and PSI-BLAST: a new generation of
protein database search programs", Nucleic Acids Res. 25:3389-3402.



Database: GCA_032468235.1_ASM3246823v1_genomic.fna
           370,324 sequences; 1,267,882,189 total letters



Query= Homo_sapiens_XM_054366876.1-ELOVL3

Length=813
                                                                      Score        E
Sequences producing significant alignments:                          (Bits)     Value

JANHJO010002914.1 Pseudoxyrhopus heterurus voucher FMNH:259987 29...  45.5       0.038



Query_1  604     ATCACCAGCCTGCAGATCTTGCAGATG  630
2913     412166  ...........T...............  412192


Lambda      K        H
   0.634    0.408    0.912 

Gapped
Lambda      K        H
   0.625    0.410    0.780 

Effective search space used: 980960852201


  Database: GCA_032468235.1_ASM3246823v1_genomic.fna
    Posted date:  Apr 27, 2025  4:10 PM
  Number of letters in database: 1,267,882,189
  Number of sequences in database:  370,324



Matrix: blastn matrix 2 -3
Gap Penalties: Existence: 5, Extension: 2
