BLASTN 2.9.0+


Reference: Stephen F. Altschul, Thomas L. Madden, Alejandro A.
Schaffer, Jinghui Zhang, Zheng Zhang, Webb Miller, and David J.
Lipman (1997), "Gapped BLAST and PSI-BLAST: a new generation of
protein database search programs", Nucleic Acids Res. 25:3389-3402.



Database: GCA_029215795.1_rAnnSte1.0.hap2_genomic.fna
           91 sequences; 1,891,076,299 total letters



Query= Homo_sapiens_NM_002351.5-SH2D1A

Length=387
                                                                      Score        E
Sequences producing significant alignments:                          (Bits)     Value

JARDYH010000009.1 Anniella stebbinsi isolate HBS135921 SCAF_9, wh...  46.4       0.007
JARDYH010000008.1 Anniella stebbinsi isolate HBS135921 SCAF_8, wh...  44.6       0.026
JARDYH010000004.1 Anniella stebbinsi isolate HBS135921 SCAF_4, wh...  44.6       0.026
JARDYH010000003.1 Anniella stebbinsi isolate HBS135921 SCAF_3, wh...  44.6       0.026
JARDYH010000002.1 Anniella stebbinsi isolate HBS135921 SCAF_2, wh...  44.6       0.026
JARDYH010000001.1 Anniella stebbinsi isolate HBS135921 SCAF_1, wh...  44.6       0.026



Query_1  173        AGACAGAAACAGGTTCTTGGAGTGCTGAGA  202
8        23002958   ...G.................A........  23002929
8        30618402    ..G.................A........  30618430
7        31042154    ..G.................A........  31042182
7        91558905    ..G.................A........  91558877
3        218392203   ..G.................A........  218392175
3        231625932   ..G.................A........  231625904
2        166998819   ..G.................A........  166998847
2        244738249   ..G.................A........  244738221
1        131247006   ..G.................A........  131246978
1        344203788   ..G.................A........  344203816
0        379854898   ..G.................A........  379854926
0        399122059   ..G.................A........  399122031


Lambda      K        H
   0.634    0.408    0.912 

Gapped
Lambda      K        H
   0.625    0.410    0.780 

Effective search space used: 673222158168


  Database: GCA_029215795.1_rAnnSte1.0.hap2_genomic.fna
    Posted date:  Apr 27, 2025  6:52 AM
  Number of letters in database: 1,891,076,299
  Number of sequences in database:  91



Matrix: blastn matrix 2 -3
Gap Penalties: Existence: 5, Extension: 2
