BLASTN 2.9.0+


Reference: Stephen F. Altschul, Thomas L. Madden, Alejandro A.
Schaffer, Jinghui Zhang, Zheng Zhang, Webb Miller, and David J.
Lipman (1997), "Gapped BLAST and PSI-BLAST: a new generation of
protein database search programs", Nucleic Acids Res. 25:3389-3402.



Database: GCA_047748255.1_ASM4774825v1_genomic.fna
           254,891 sequences; 1,330,534,060 total letters



Query= Homo_sapiens_NM_006762.3-LAPTM5

Length=789
                                                                      Score        E
Sequences producing significant alignments:                          (Bits)     Value

JBLLKU010231254.1 Crotalus enyo isolate JXCM8J6AK9 231254, whole ...  44.6       0.038



Query_1  566    TCATCTTTTCCATCGCCTTCATCACTGTCCTTATCTTC  603
231253   33392  ..C...........TT.............--.......  33427


Lambda      K        H
   0.634    0.408    0.912 

Gapped
Lambda      K        H
   0.625    0.410    0.780 

Effective search space used: 1001039803836


  Database: GCA_047748255.1_ASM4774825v1_genomic.fna
    Posted date:  Apr 27, 2025  11:12 AM
  Number of letters in database: 1,330,534,060
  Number of sequences in database:  254,891



Matrix: blastn matrix 2 -3
Gap Penalties: Existence: 5, Extension: 2
