BLASTN 2.9.0+


Reference: Stephen F. Altschul, Thomas L. Madden, Alejandro A.
Schaffer, Jinghui Zhang, Zheng Zhang, Webb Miller, and David J.
Lipman (1997), "Gapped BLAST and PSI-BLAST: a new generation of
protein database search programs", Nucleic Acids Res. 25:3389-3402.



Database: GCA_964273705.1_rNatHel1.hap1.1_genomic.fna
           487 sequences; 1,777,516,490 total letters



Query= Homo_sapiens_XM_054379673.1-IL34

Length=729
                                                                      Score        E
Sequences producing significant alignments:                          (Bits)     Value

OZ187417.1 Natrix helvetica genome assembly, chromosome: 14           51.8       3e-04



Query_1  688      GTGAGGCCGGTCAGGGCACAGGGCGAGGGCCTCTTGCCC  726
13       9288358  ..........GA.......................A...  9288397
                                           \             
                                           |             
                                           C


Lambda      K        H
   0.634    0.408    0.912 

Gapped
Lambda      K        H
   0.625    0.410    0.780 

Effective search space used: 1238918131482


  Database: GCA_964273705.1_rNatHel1.hap1.1_genomic.fna
    Posted date:  Apr 27, 2025  3:44 AM
  Number of letters in database: 1,777,516,490
  Number of sequences in database:  487



Matrix: blastn matrix 2 -3
Gap Penalties: Existence: 5, Extension: 2
