BLASTN 2.9.0+


Reference: Stephen F. Altschul, Thomas L. Madden, Alejandro A.
Schaffer, Jinghui Zhang, Zheng Zhang, Webb Miller, and David J.
Lipman (1997), "Gapped BLAST and PSI-BLAST: a new generation of
protein database search programs", Nucleic Acids Res. 25:3389-3402.



Database: GCA_030440675.1_ASM3044067v1_genomic.fna
           11 sequences; 1,609,777,135 total letters



Query= Homo_sapiens_NM_018962.3-RIPPLY3

Length=573
                                                                      Score        E
Sequences producing significant alignments:                          (Bits)     Value

CP126890.1 Furcifer pardalis isolate Fpa_1 chromosome 1               46.4       0.010



Query_1  365       AAGCTGAAGAGCCAGAGGAAGGACCCCCAC  394
0        99414463  .....................AT.......  99414492


Lambda      K        H
   0.634    0.408    0.912 

Gapped
Lambda      K        H
   0.625    0.410    0.780 

Effective search space used: 870889239603


  Database: GCA_030440675.1_ASM3044067v1_genomic.fna
    Posted date:  Apr 26, 2025  11:33 PM
  Number of letters in database: 1,609,777,135
  Number of sequences in database:  11



Matrix: blastn matrix 2 -3
Gap Penalties: Existence: 5, Extension: 2
