BLASTN 2.9.0+


Reference: Stephen F. Altschul, Thomas L. Madden, Alejandro A.
Schaffer, Jinghui Zhang, Zheng Zhang, Webb Miller, and David J.
Lipman (1997), "Gapped BLAST and PSI-BLAST: a new generation of
protein database search programs", Nucleic Acids Res. 25:3389-3402.



Database: GCA_046270945.1_ASM4627094v1_genomic.fna
           629,873 sequences; 1,714,708,839 total letters



Query= Homo_sapiens_XM_054327033.1-IL13RA2

Length=1143
                                                                      Score        E
Sequences producing significant alignments:                          (Bits)     Value

JBJPHF010000001.1 Acanthocercus atricollis isolate UPRMGRS_1740_T...  48.2       0.006



Query_1  402       AATTCCAGAAACTAAAGTTCAGGATATGGATTGCGT  437
0        55707963  ....TG.................G.........T..  55707998


Lambda      K        H
   0.634    0.408    0.912 

Gapped
Lambda      K        H
   0.625    0.410    0.780 

Effective search space used: 1880254563300


  Database: GCA_046270945.1_ASM4627094v1_genomic.fna
    Posted date:  Apr 27, 2025  10:32 AM
  Number of letters in database: 1,714,708,839
  Number of sequences in database:  629,873



Matrix: blastn matrix 2 -3
Gap Penalties: Existence: 5, Extension: 2
