BLASTN 2.9.0+


Reference: Stephen F. Altschul, Thomas L. Madden, Alejandro A.
Schaffer, Jinghui Zhang, Zheng Zhang, Webb Miller, and David J.
Lipman (1997), "Gapped BLAST and PSI-BLAST: a new generation of
protein database search programs", Nucleic Acids Res. 25:3389-3402.



Database: GCA_047292395.1_ASM4729239v1_genomic.fna
           733,816 sequences; 2,688,161,150 total letters



Query= Homo_sapiens_NM_024309.4-TNIP2

Length=1290
                                                                      Score        E
Sequences producing significant alignments:                          (Bits)     Value

JBLADH010503593.1 Cachryx defensor isolate UPRMGRS_1544_TJC_957 5...  46.4       0.037



Query_1  788  GGCTCAACAGACAGTTGGAAGAGAAAATAAATGACTG  824
503592   627  ...A...-.T.................A.........  592


Lambda      K        H
   0.634    0.408    0.912 

Gapped
Lambda      K        H
   0.625    0.410    0.780 

Effective search space used: 3348579144054


  Database: GCA_047292395.1_ASM4729239v1_genomic.fna
    Posted date:  Apr 27, 2025  7:10 PM
  Number of letters in database: 2,688,161,150
  Number of sequences in database:  733,816



Matrix: blastn matrix 2 -3
Gap Penalties: Existence: 5, Extension: 2
