BLASTN 2.9.0+


Reference: Stephen F. Altschul, Thomas L. Madden, Alejandro A.
Schaffer, Jinghui Zhang, Zheng Zhang, Webb Miller, and David J.
Lipman (1997), "Gapped BLAST and PSI-BLAST: a new generation of
protein database search programs", Nucleic Acids Res. 25:3389-3402.



Database: GCA_047292495.1_ASM4729249v1_genomic.fna
           685,492 sequences; 1,525,133,817 total letters



Query= Homo_sapiens_XM_054346456.1-IL5RA

Length=1320
                                                                      Score        E
Sequences producing significant alignments:                          (Bits)     Value

JBKIKE010491230.1 Coniophanes schmidti isolate UPRM_GenResCol_126...  47.3       0.021



Query_1  116  AAGTTACTGGTTTGGCTCAAGTTCTTTTACAAT  148
491229   883  .....T.......TT..................  915


Lambda      K        H
   0.634    0.408    0.912 

Gapped
Lambda      K        H
   0.625    0.410    0.780 

Effective search space used: 1933733691747


  Database: GCA_047292495.1_ASM4729249v1_genomic.fna
    Posted date:  Apr 27, 2025  6:48 PM
  Number of letters in database: 1,525,133,817
  Number of sequences in database:  685,492



Matrix: blastn matrix 2 -3
Gap Penalties: Existence: 5, Extension: 2
