BLASTN 2.9.0+


Reference: Stephen F. Altschul, Thomas L. Madden, Alejandro A.
Schaffer, Jinghui Zhang, Zheng Zhang, Webb Miller, and David J.
Lipman (1997), "Gapped BLAST and PSI-BLAST: a new generation of
protein database search programs", Nucleic Acids Res. 25:3389-3402.



Database: GCA_014337955.1_AspMar1.0_genomic.fna
           3,826 sequences; 1,639,530,780 total letters



Query= Homo_sapiens_XM_054346456.1-IL5RA

Length=1320
                                                                      Score        E
Sequences producing significant alignments:                          (Bits)     Value

MTQE01001339.1 Aspidoscelis marmoratus isolate SIMRID8450 Scpiz6a...  46.4       0.023



Query_1  772      TGGGAGAAACCAGTGTCTGCTTTTCCAATCCATTGCT  808
3671     5907292  ......G...-.T................T.......  5907257


Lambda      K        H
   0.634    0.408    0.912 

Gapped
Lambda      K        H
   0.625    0.410    0.780 

Effective search space used: 2109913619814


  Database: GCA_014337955.1_AspMar1.0_genomic.fna
    Posted date:  Apr 27, 2025  7:30 AM
  Number of letters in database: 1,639,530,780
  Number of sequences in database:  3,826



Matrix: blastn matrix 2 -3
Gap Penalties: Existence: 5, Extension: 2
