BLASTN 2.9.0+


Reference: Stephen F. Altschul, Thomas L. Madden, Alejandro A.
Schaffer, Jinghui Zhang, Zheng Zhang, Webb Miller, and David J.
Lipman (1997), "Gapped BLAST and PSI-BLAST: a new generation of
protein database search programs", Nucleic Acids Res. 25:3389-3402.



Database: GCA_041731335.1_ASM4173133v1_genomic.fna
           1,377,332 sequences; 2,422,479,999 total letters



Query= Homo_sapiens_XM_054346456.1-IL5RA

Length=1320
                                                                      Score        E
Sequences producing significant alignments:                          (Bits)     Value

JBGSAX010142513.1 Gonatodes alexandermendesi strain UPRM_GenResCo...  46.4       0.034



Query_1  815  ATGAAGTAAAAATACACAATACAAGGAATGGATAT  849
142512   94   .....A.......T....T.............A..  128


Lambda      K        H
   0.634    0.408    0.912 

Gapped
Lambda      K        H
   0.625    0.410    0.780 

Effective search space used: 3059235091341


  Database: GCA_041731335.1_ASM4173133v1_genomic.fna
    Posted date:  Apr 27, 2025  7:30 PM
  Number of letters in database: 2,422,479,999
  Number of sequences in database:  1,377,332



Matrix: blastn matrix 2 -3
Gap Penalties: Existence: 5, Extension: 2
