BLASTN 2.9.0+


Reference: Stephen F. Altschul, Thomas L. Madden, Alejandro A.
Schaffer, Jinghui Zhang, Zheng Zhang, Webb Miller, and David J.
Lipman (1997), "Gapped BLAST and PSI-BLAST: a new generation of
protein database search programs", Nucleic Acids Res. 25:3389-3402.



Database: GCA_046118535.1_ASM4611853v1_genomic.fna
           1,555,755 sequences; 1,765,969,052 total letters



Query= Homo_sapiens_XM_054346456.1-IL5RA

Length=1320


***** No hits found *****



Lambda      K        H
   0.634    0.408    0.912 

Gapped
Lambda      K        H
   0.625    0.410    0.780 

Effective search space used: 2206727699319


  Database: GCA_046118535.1_ASM4611853v1_genomic.fna
    Posted date:  Apr 27, 2025  3:52 PM
  Number of letters in database: 1,765,969,052
  Number of sequences in database:  1,555,755



Matrix: blastn matrix 2 -3
Gap Penalties: Existence: 5, Extension: 2
