BLASTN 2.9.0+


Reference: Stephen F. Altschul, Thomas L. Madden, Alejandro A.
Schaffer, Jinghui Zhang, Zheng Zhang, Webb Miller, and David J.
Lipman (1997), "Gapped BLAST and PSI-BLAST: a new generation of
protein database search programs", Nucleic Acids Res. 25:3389-3402.



Database: GCA_003457575.1_DSBC_Tbai_1.0_genomic.fna
           20,729 sequences; 1,747,678,728 total letters



Query= Homo_sapiens_XM_054366876.1-ELOVL3

Length=813
                                                                      Score        E
Sequences producing significant alignments:                          (Bits)     Value

QLTV01002015.1 Thermophis baileyi isolate 1-13 scaffold607, whole...  46.4       0.015



Query_1  207     CTGGTCCTTCTGCCTTGCAATCTTCAGTAT  236
2014     880349  ................T....G........  880378


Lambda      K        H
   0.634    0.408    0.912 

Gapped
Lambda      K        H
   0.625    0.410    0.780 

Effective search space used: 1364419027400


  Database: GCA_003457575.1_DSBC_Tbai_1.0_genomic.fna
    Posted date:  Apr 27, 2025  9:41 AM
  Number of letters in database: 1,747,678,728
  Number of sequences in database:  20,729



Matrix: blastn matrix 2 -3
Gap Penalties: Existence: 5, Extension: 2
