BLASTN 2.9.0+


Reference: Stephen F. Altschul, Thomas L. Madden, Alejandro A.
Schaffer, Jinghui Zhang, Zheng Zhang, Webb Miller, and David J.
Lipman (1997), "Gapped BLAST and PSI-BLAST: a new generation of
protein database search programs", Nucleic Acids Res. 25:3389-3402.



Database: GCA_046766435.1_ASM4676643v1_genomic.fna
           290,412 sequences; 1,383,736,546 total letters



Query= Homo_sapiens_XM_054324329.1-CYYR1

Length=723
                                                                      Score        E
Sequences producing significant alignments:                          (Bits)     Value

JBKIYP010013722.1 Boiga barnesii isolate RAP0499 13722, whole gen...  45.5       0.036



Query_1  12    GCCTGGGTGGCCAAGGACGCCGGAGTGGCCGC  43
13721    3515  ............C...C.....A.........  3484


Lambda      K        H
   0.634    0.408    0.912 

Gapped
Lambda      K        H
   0.625    0.410    0.780 

Effective search space used: 949740363142


  Database: GCA_046766435.1_ASM4676643v1_genomic.fna
    Posted date:  Apr 27, 2025  11:57 AM
  Number of letters in database: 1,383,736,546
  Number of sequences in database:  290,412



Matrix: blastn matrix 2 -3
Gap Penalties: Existence: 5, Extension: 2
