BLASTN 2.9.0+


Reference: Stephen F. Altschul, Thomas L. Madden, Alejandro A.
Schaffer, Jinghui Zhang, Zheng Zhang, Webb Miller, and David J.
Lipman (1997), "Gapped BLAST and PSI-BLAST: a new generation of
protein database search programs", Nucleic Acids Res. 25:3389-3402.



Database: GCF_001527695.2_P.Mucros_1.0_genomic.fna
           52,280 sequences; 1,673,876,332 total letters



Query= Homo_sapiens_NM_012108.4-STAP1

Length=888
                                                                      Score        E
Sequences producing significant alignments:                          (Bits)     Value

NW_015389466.1 Protobothrops mucrosquamatus isolate PMUCROS unpla...  46.4       0.016



Query_1  425     TAGAGAGAGAAAAGAAAAGGAGGATTGAGACAGA  458
3389     109359  ..............................A...  109322
                                   \               
                                   |               
                                CAAC


Lambda      K        H
   0.634    0.408    0.912 

Gapped
Lambda      K        H
   0.625    0.410    0.780 

Effective search space used: 1431406086432


  Database: GCF_001527695.2_P.Mucros_1.0_genomic.fna
    Posted date:  Apr 27, 2025  4:33 AM
  Number of letters in database: 1,673,876,332
  Number of sequences in database:  52,280



Matrix: blastn matrix 2 -3
Gap Penalties: Existence: 5, Extension: 2
