BLASTN 2.9.0+


Reference: Stephen F. Altschul, Thomas L. Madden, Alejandro A.
Schaffer, Jinghui Zhang, Zheng Zhang, Webb Miller, and David J.
Lipman (1997), "Gapped BLAST and PSI-BLAST: a new generation of
protein database search programs", Nucleic Acids Res. 25:3389-3402.



Database: GCA_023053685.1_rDiaPun1.0.p_genomic.fna
           444 sequences; 1,783,023,707 total letters



Query= Homo_sapiens_XM_054327033.1-IL13RA2

Length=1143
                                                                      Score        E
Sequences producing significant alignments:                          (Bits)     Value

JALIGW010000009.1 Diadophis punctatus similis isolate HBS135679 S...  49.1       0.006



Query_1  614      CAGACTATAAAGATTTCTATATTTGTGTTAATGG  647
432      1931990  ...T...G.G........................  1932023


Lambda      K        H
   0.634    0.408    0.912 

Gapped
Lambda      K        H
   0.625    0.410    0.780 

Effective search space used: 1979140051050


  Database: GCA_023053685.1_rDiaPun1.0.p_genomic.fna
    Posted date:  Apr 27, 2025  4:56 AM
  Number of letters in database: 1,783,023,707
  Number of sequences in database:  444



Matrix: blastn matrix 2 -3
Gap Penalties: Existence: 5, Extension: 2
