BLASTN 2.9.0+


Reference: Stephen F. Altschul, Thomas L. Madden, Alejandro A.
Schaffer, Jinghui Zhang, Zheng Zhang, Webb Miller, and David J.
Lipman (1997), "Gapped BLAST and PSI-BLAST: a new generation of
protein database search programs", Nucleic Acids Res. 25:3389-3402.



Database: GCA_043656835.1_ASM4365683v1_genomic.fna
           791,101 sequences; 1,537,575,310 total letters



Query= Homo_sapiens_NM_018962.3-RIPPLY3

Length=573


***** No hits found *****



Lambda      K        H
   0.634    0.408    0.912 

Gapped
Lambda      K        H
   0.625    0.410    0.780 

Effective search space used: 820073739018


  Database: GCA_043656835.1_ASM4365683v1_genomic.fna
    Posted date:  Apr 27, 2025  5:04 PM
  Number of letters in database: 1,537,575,310
  Number of sequences in database:  791,101



Matrix: blastn matrix 2 -3
Gap Penalties: Existence: 5, Extension: 2
