BLASTN 2.9.0+


Reference: Stephen F. Altschul, Thomas L. Madden, Alejandro A.
Schaffer, Jinghui Zhang, Zheng Zhang, Webb Miller, and David J.
Lipman (1997), "Gapped BLAST and PSI-BLAST: a new generation of
protein database search programs", Nucleic Acids Res. 25:3389-3402.



Database: GCA_022410635.1_HLtreOri1_genomic.fna
           5,432 sequences; 1,563,094,034 total letters



Query= Homo_sapiens_NM_018962.3-RIPPLY3

Length=573
                                                                      Score        E
Sequences producing significant alignments:                          (Bits)     Value

JAJVDF010000387.1 Tretioscincus oriximinensis isolate 926409 scaf...  44.6       0.032



Query_1  438      TGGCCCAGGGGGAAAGGGCAGAGACCAGGGCATC  471
386      1129380  ............T........G.CT.........  1129413


Lambda      K        H
   0.634    0.408    0.912 

Gapped
Lambda      K        H
   0.625    0.410    0.780 

Effective search space used: 845539833610


  Database: GCA_022410635.1_HLtreOri1_genomic.fna
    Posted date:  Apr 27, 2025  9:21 AM
  Number of letters in database: 1,563,094,034
  Number of sequences in database:  5,432



Matrix: blastn matrix 2 -3
Gap Penalties: Existence: 5, Extension: 2
