BLASTN 2.9.0+


Reference: Stephen F. Altschul, Thomas L. Madden, Alejandro A.
Schaffer, Jinghui Zhang, Zheng Zhang, Webb Miller, and David J.
Lipman (1997), "Gapped BLAST and PSI-BLAST: a new generation of
protein database search programs", Nucleic Acids Res. 25:3389-3402.



Database: GCA_043110945.1_ASM4311094v1_genomic.fna
           923,407 sequences; 1,805,721,784 total letters



Query= Homo_sapiens_NM_018962.3-RIPPLY3

Length=573
                                                                      Score        E
Sequences producing significant alignments:                          (Bits)     Value

JBHRFO010575206.1 Trioceros harennae isolate UPRMGRS_1010_TJC_537...  46.4       0.011



Query_1  365   AAGCTGAAGAGCCAGAGGAAGGACCCCCAC  394
575205   4335  .....................AT.......  4364


Lambda      K        H
   0.634    0.408    0.912 

Gapped
Lambda      K        H
   0.625    0.410    0.780 

Effective search space used: 960909463160


  Database: GCA_043110945.1_ASM4311094v1_genomic.fna
    Posted date:  Apr 27, 2025  5:52 PM
  Number of letters in database: 1,805,721,784
  Number of sequences in database:  923,407



Matrix: blastn matrix 2 -3
Gap Penalties: Existence: 5, Extension: 2
