BLASTN 2.9.0+


Reference: Stephen F. Altschul, Thomas L. Madden, Alejandro A.
Schaffer, Jinghui Zhang, Zheng Zhang, Webb Miller, and David J.
Lipman (1997), "Gapped BLAST and PSI-BLAST: a new generation of
protein database search programs", Nucleic Acids Res. 25:3389-3402.



Database: GCA_032467975.1_ASM3246797v1_genomic.fna
           317,626 sequences; 1,232,530,381 total letters



Query= Homo_sapiens_NM_018962.3-RIPPLY3

Length=573
                                                                      Score        E
Sequences producing significant alignments:                          (Bits)     Value

JANHFS010003869.1 Trimeresurus albolabris voucher FMNH:255254 386...  46.4       0.007



Query_1  372    AGAGCCAGAGGAAGGACCCCCACCCCTCCA  401
3868     20944  ...T...........G..............  20973


Lambda      K        H
   0.634    0.408    0.912 

Gapped
Lambda      K        H
   0.625    0.410    0.780 

Effective search space used: 662694714450


  Database: GCA_032467975.1_ASM3246797v1_genomic.fna
    Posted date:  Apr 27, 2025  6:43 AM
  Number of letters in database: 1,232,530,381
  Number of sequences in database:  317,626



Matrix: blastn matrix 2 -3
Gap Penalties: Existence: 5, Extension: 2
