BLASTN 2.9.0+


Reference: Stephen F. Altschul, Thomas L. Madden, Alejandro A.
Schaffer, Jinghui Zhang, Zheng Zhang, Webb Miller, and David J.
Lipman (1997), "Gapped BLAST and PSI-BLAST: a new generation of
protein database search programs", Nucleic Acids Res. 25:3389-3402.



Database: GCA_039797435.1_Cadamanteus_3dDNAHiC_1.2_genomic.fna
           27 sequences; 1,696,190,989 total letters



Query= Homo_sapiens_XM_054366207.1-OLAH

Length=957
                                                                      Score        E
Sequences producing significant alignments:                          (Bits)     Value

CM077920.1 Crotalus adamanteus isolate DRR0105 chromosome 3, whol...  48.2       0.005



Query_1  33         GAATGAAAACATTTTCAACTGCTTATACAAA  63
2        191509763  ................T.G............  191509733


Lambda      K        H
   0.634    0.408    0.912 

Gapped
Lambda      K        H
   0.625    0.410    0.780 

Effective search space used: 1568975865625


  Database: GCA_039797435.1_Cadamanteus_3dDNAHiC_1.2_genomic.fna
    Posted date:  Apr 27, 2025  1:08 AM
  Number of letters in database: 1,696,190,989
  Number of sequences in database:  27



Matrix: blastn matrix 2 -3
Gap Penalties: Existence: 5, Extension: 2
