BLASTN 2.9.0+


Reference: Stephen F. Altschul, Thomas L. Madden, Alejandro A.
Schaffer, Jinghui Zhang, Zheng Zhang, Webb Miller, and David J.
Lipman (1997), "Gapped BLAST and PSI-BLAST: a new generation of
protein database search programs", Nucleic Acids Res. 25:3389-3402.



Database: GCA_044335585.1_ASM4433558v1_genomic.fna
           1,007,321 sequences; 1,603,931,177 total letters



Query= Homo_sapiens_NM_006762.3-LAPTM5

Length=789
                                                                      Score        E
Sequences producing significant alignments:                          (Bits)     Value

JBIELF010000020.1 Imantodes gemmistratus isolate UPRMGRS_1462_TJC...  44.6       0.046



Query_1  566       TCATCTTTTCCATCGCCTTCATCACTGTCCTTATCTTC  603
19       25881377  ..C...........TT.............--.......  25881342


Lambda      K        H
   0.634    0.408    0.912 

Gapped
Lambda      K        H
   0.625    0.410    0.780 

Effective search space used: 1189774557085


  Database: GCA_044335585.1_ASM4433558v1_genomic.fna
    Posted date:  Apr 27, 2025  4:20 PM
  Number of letters in database: 1,603,931,177
  Number of sequences in database:  1,007,321



Matrix: blastn matrix 2 -3
Gap Penalties: Existence: 5, Extension: 2
