BLASTN 2.9.0+


Reference: Stephen F. Altschul, Thomas L. Madden, Alejandro A.
Schaffer, Jinghui Zhang, Zheng Zhang, Webb Miller, and David J.
Lipman (1997), "Gapped BLAST and PSI-BLAST: a new generation of
protein database search programs", Nucleic Acids Res. 25:3389-3402.



Database: GCA_041295975.1_ASM4129597v1_genomic.fna
           593,264 sequences; 1,937,125,715 total letters



Query= Homo_sapiens_NM_014485.3-HPGDS

Length=600
                                                                      Score        E
Sequences producing significant alignments:                          (Bits)     Value

JBGGHT010000001.1 Laemanctus serratus isolate UPRM_GenResCol_1286...  47.3       0.012



Query_1  292       TTCATGTCATGTTTTCCTTGGGCAGAGAAAAAGCAAGAT  330
0        10398490  ........-...G.......--.................  10398525


Lambda      K        H
   0.634    0.408    0.912 

Gapped
Lambda      K        H
   0.625    0.410    0.780 

Effective search space used: 1089504239656


  Database: GCA_041295975.1_ASM4129597v1_genomic.fna
    Posted date:  Apr 27, 2025  1:11 PM
  Number of letters in database: 1,937,125,715
  Number of sequences in database:  593,264



Matrix: blastn matrix 2 -3
Gap Penalties: Existence: 5, Extension: 2
