BLASTN 2.9.0+


Reference: Stephen F. Altschul, Thomas L. Madden, Alejandro A.
Schaffer, Jinghui Zhang, Zheng Zhang, Webb Miller, and David J.
Lipman (1997), "Gapped BLAST and PSI-BLAST: a new generation of
protein database search programs", Nucleic Acids Res. 25:3389-3402.



Database: GCA_041107755.1_ASM4110775v1_genomic.fna
           290,614 sequences; 1,672,404,947 total letters



Query= Homo_sapiens_XM_054324329.1-CYYR1

Length=723


***** No hits found *****



Lambda      K        H
   0.634    0.408    0.912 

Gapped
Lambda      K        H
   0.625    0.410    0.780 

Effective search space used: 1149205761609


  Database: GCA_041107755.1_ASM4110775v1_genomic.fna
    Posted date:  Apr 27, 2025  1:43 PM
  Number of letters in database: 1,672,404,947
  Number of sequences in database:  290,614



Matrix: blastn matrix 2 -3
Gap Penalties: Existence: 5, Extension: 2
