BLASTN 2.9.0+


Reference: Stephen F. Altschul, Thomas L. Madden, Alejandro A.
Schaffer, Jinghui Zhang, Zheng Zhang, Webb Miller, and David J.
Lipman (1997), "Gapped BLAST and PSI-BLAST: a new generation of
protein database search programs", Nucleic Acids Res. 25:3389-3402.



Database: GCA_035047345.1_BraVen1.1_genomic.fna
           113 sequences; 2,373,187,502 total letters



Query= Homo_sapiens_NM_014485.3-HPGDS

Length=600
                                                                      Score        E
Sequences producing significant alignments:                          (Bits)     Value

JAWDJE010000014.1 Bradypodion ventrale isolate JTBG20232 scaffold...  49.1       0.004



Query_1  222     CACAGATTTGGCTGGAAACACAGAAATGG  250
21       246296  ....C........................  246268


Lambda      K        H
   0.634    0.408    0.912 

Gapped
Lambda      K        H
   0.625    0.410    0.780 

Effective search space used: 1347968447248


  Database: GCA_035047345.1_BraVen1.1_genomic.fna
    Posted date:  Apr 27, 2025  8:47 AM
  Number of letters in database: 2,373,187,502
  Number of sequences in database:  113



Matrix: blastn matrix 2 -3
Gap Penalties: Existence: 5, Extension: 2
