BLASTN 2.9.0+


Reference: Stephen F. Altschul, Thomas L. Madden, Alejandro A.
Schaffer, Jinghui Zhang, Zheng Zhang, Webb Miller, and David J.
Lipman (1997), "Gapped BLAST and PSI-BLAST: a new generation of
protein database search programs", Nucleic Acids Res. 25:3389-3402.



Database: GCA_023333645.1_rSceOcc1.0.p_genomic.fna
           608 sequences; 2,856,356,971 total letters



Query= Homo_sapiens_NM_012108.4-STAP1

Length=888
                                                                      Score        E
Sequences producing significant alignments:                          (Bits)     Value

JALMGF010000001.1 Sceloporus occidentalis isolate IW3139 SCAF_1, ...  46.4       0.027



Query_1  386        CACTCCTACCTGGGCAAGTAATTAAACTGCA  416
0        302652169  ......................G........  302652138
                                       \           
                                       |           
                                       A


Lambda      K        H
   0.634    0.408    0.912 

Gapped
Lambda      K        H
   0.625    0.410    0.780 

Effective search space used: 2442168055485


  Database: GCA_023333645.1_rSceOcc1.0.p_genomic.fna
    Posted date:  Apr 27, 2025  4:24 AM
  Number of letters in database: 2,856,356,971
  Number of sequences in database:  608



Matrix: blastn matrix 2 -3
Gap Penalties: Existence: 5, Extension: 2
