BLASTN 2.9.0+


Reference: Stephen F. Altschul, Thomas L. Madden, Alejandro A.
Schaffer, Jinghui Zhang, Zheng Zhang, Webb Miller, and David J.
Lipman (1997), "Gapped BLAST and PSI-BLAST: a new generation of
protein database search programs", Nucleic Acids Res. 25:3389-3402.



Database: GCA_023333645.1_rSceOcc1.0.p_genomic.fna
           608 sequences; 2,856,356,971 total letters



Query= Homo_sapiens_NM_080819.5-GPR78

Length=1092
                                                                      Score        E
Sequences producing significant alignments:                          (Bits)     Value

JALMGF010000002.1 Sceloporus occidentalis isolate IW3139 SCAF_2, ...  50.0       0.003
JALMGF010000001.1 Sceloporus occidentalis isolate IW3139 SCAF_1, ...  50.0       0.003
JALMGF010000114.1 Sceloporus occidentalis isolate IW3139 SCAF_114...  48.2       0.010
JALMGF010000057.1 Sceloporus occidentalis isolate IW3139 SCAF_57,...  48.2       0.010
JALMGF010000021.1 Sceloporus occidentalis isolate IW3139 SCAF_21,...  48.2       0.010
JALMGF010000003.1 Sceloporus occidentalis isolate IW3139 SCAF_3, ...  48.2       0.010
JALMGF010000006.1 Sceloporus occidentalis isolate IW3139 SCAF_6, ...  46.4       0.033



Query_1  691        CAGCAGAAGCGGCGCCGCCACCGCGCCACCAG  722
1        30830250   ...........C...............T....  30830281
0        119836820  ...........C...............T....  119836851
0        309248205  ...........C...............C...   309248175
0        19774950     .........C...............T....  19774979
0        41286295     .........C...............T....  41286266
113      2274652    ...........C...............C...   2274622
56       1669326    ...........C...............C...   1669356
20       10675256   ...........C...............C...   10675226
20       14566930   ...........C...............C...   14566900
2        8240251    ...........C...............C...   8240221
5        54650860     .........C...............T....  54650831


Lambda      K        H
   0.634    0.408    0.912 

Gapped
Lambda      K        H
   0.625    0.410    0.780 

Effective search space used: 3024860784513


  Database: GCA_023333645.1_rSceOcc1.0.p_genomic.fna
    Posted date:  Apr 27, 2025  4:24 AM
  Number of letters in database: 2,856,356,971
  Number of sequences in database:  608



Matrix: blastn matrix 2 -3
Gap Penalties: Existence: 5, Extension: 2
