BLASTN 2.9.0+


Reference: Stephen F. Altschul, Thomas L. Madden, Alejandro A.
Schaffer, Jinghui Zhang, Zheng Zhang, Webb Miller, and David J.
Lipman (1997), "Gapped BLAST and PSI-BLAST: a new generation of
protein database search programs", Nucleic Acids Res. 25:3389-3402.



Database: GCA_046269945.1_ASM4626994v1_genomic.fna
           1,023,038 sequences; 1,565,020,913 total letters



Query= Homo_sapiens_XM_054366876.1-ELOVL3

Length=813


***** No hits found *****



Lambda      K        H
   0.634    0.408    0.912 

Gapped
Lambda      K        H
   0.625    0.410    0.780 

Effective search space used: 1196713567357


  Database: GCA_046269945.1_ASM4626994v1_genomic.fna
    Posted date:  Apr 27, 2025  2:23 PM
  Number of letters in database: 1,565,020,913
  Number of sequences in database:  1,023,038



Matrix: blastn matrix 2 -3
Gap Penalties: Existence: 5, Extension: 2
