BLASTN 2.9.0+


Reference: Stephen F. Altschul, Thomas L. Madden, Alejandro A.
Schaffer, Jinghui Zhang, Zheng Zhang, Webb Miller, and David J.
Lipman (1997), "Gapped BLAST and PSI-BLAST: a new generation of
protein database search programs", Nucleic Acids Res. 25:3389-3402.



Database: GCA_043090225.1_ASM4309022v1_genomic.fna
           468,140 sequences; 2,058,309,103 total letters



Query= Homo_sapiens_NM_080819.5-GPR78

Length=1092
                                                                      Score        E
Sequences producing significant alignments:                          (Bits)     Value

JBHLEY010000057.1 Anolis rodriguezii isolate UPRMGRS_1235_TJC_608...  47.3       0.024



Query_1  155       ACCTGCTGCTGGCGGCGCTGGACATGCCCTTCACGCTG  192
56       99084952  ..G.....G............TG.........T.....  99084989


Lambda      K        H
   0.634    0.408    0.912 

Gapped
Lambda      K        H
   0.625    0.410    0.780 

Effective search space used: 2163389251497


  Database: GCA_043090225.1_ASM4309022v1_genomic.fna
    Posted date:  Apr 27, 2025  6:43 PM
  Number of letters in database: 2,058,309,103
  Number of sequences in database:  468,140



Matrix: blastn matrix 2 -3
Gap Penalties: Existence: 5, Extension: 2
