BLASTN 2.9.0+


Reference: Stephen F. Altschul, Thomas L. Madden, Alejandro A.
Schaffer, Jinghui Zhang, Zheng Zhang, Webb Miller, and David J.
Lipman (1997), "Gapped BLAST and PSI-BLAST: a new generation of
protein database search programs", Nucleic Acids Res. 25:3389-3402.



Database: GCA_029375565.1_UGM_Ggeck_1_genomic.fna
           4,208 sequences; 2,741,107,181 total letters



Query= Homo_sapiens_NM_015274.3-MAN2B2

Length=3030
                                                                      Score        E
Sequences producing significant alignments:                          (Bits)     Value

JAPDNY010000013.1 Gekko gecko isolate LN22022_2 scaffold_13, whol...  48.2       0.026



Query_1  2507     AGAGGAGCGCACTGGCGCTGCAGCACAGGCCCG  2539
334      1431697  .......-..G......................  1431728


Lambda      K        H
   0.634    0.408    0.912 

Gapped
Lambda      K        H
   0.625    0.410    0.780 

Effective search space used: 8211928470564


  Database: GCA_029375565.1_UGM_Ggeck_1_genomic.fna
    Posted date:  Apr 27, 2025  5:41 AM
  Number of letters in database: 2,741,107,181
  Number of sequences in database:  4,208



Matrix: blastn matrix 2 -3
Gap Penalties: Existence: 5, Extension: 2
