BLASTN 2.9.0+


Reference: Stephen F. Altschul, Thomas L. Madden, Alejandro A.
Schaffer, Jinghui Zhang, Zheng Zhang, Webb Miller, and David J.
Lipman (1997), "Gapped BLAST and PSI-BLAST: a new generation of
protein database search programs", Nucleic Acids Res. 25:3389-3402.



Database: GCA_047748115.1_ASM4774811v1_genomic.fna
           337,364 sequences; 1,335,091,190 total letters



Query= Homo_sapiens_NM_015274.3-MAN2B2

Length=3030
                                                                      Score        E
Sequences producing significant alignments:                          (Bits)     Value

JBLLKR010090003.1 Crotalus aquilus isolate ZJI623N7X7 90003, whol...  47.3       0.044



Query_1  16   TGGCTGCCGCTGCTGGCACCGCTCCTGTTGCTG  48
90002    860  ...............C......AG.........  892


Lambda      K        H
   0.634    0.408    0.912 

Gapped
Lambda      K        H
   0.625    0.410    0.780 

Effective search space used: 3967902659466


  Database: GCA_047748115.1_ASM4774811v1_genomic.fna
    Posted date:  Apr 27, 2025  1:16 PM
  Number of letters in database: 1,335,091,190
  Number of sequences in database:  337,364



Matrix: blastn matrix 2 -3
Gap Penalties: Existence: 5, Extension: 2
