BLASTN 2.9.0+


Reference: Stephen F. Altschul, Thomas L. Madden, Alejandro A.
Schaffer, Jinghui Zhang, Zheng Zhang, Webb Miller, and David J.
Lipman (1997), "Gapped BLAST and PSI-BLAST: a new generation of
protein database search programs", Nucleic Acids Res. 25:3389-3402.



Database: GCA_047292355.1_ASM4729235v1_genomic.fna
           389,111 sequences; 1,306,416,805 total letters



Query= Homo_sapiens_NM_015274.3-MAN2B2

Length=3030
                                                                      Score        E
Sequences producing significant alignments:                          (Bits)     Value

JBKKFQ010379634.1 Agkistrodon piscivorus isolate UPRMGRS_576_TJC_...  47.3       0.043



Query_1  16    TGGCTGCCGCTGCTGGCACCGCTCCTGTTGCTG  48
379633   3538  ...............C......CG.........  3570


Lambda      K        H
   0.634    0.408    0.912 

Gapped
Lambda      K        H
   0.625    0.410    0.780 

Effective search space used: 3876847697574


  Database: GCA_047292355.1_ASM4729235v1_genomic.fna
    Posted date:  Apr 27, 2025  7:57 AM
  Number of letters in database: 1,306,416,805
  Number of sequences in database:  389,111



Matrix: blastn matrix 2 -3
Gap Penalties: Existence: 5, Extension: 2
