BLASTN 2.9.0+


Reference: Stephen F. Altschul, Thomas L. Madden, Alejandro A.
Schaffer, Jinghui Zhang, Zheng Zhang, Webb Miller, and David J.
Lipman (1997), "Gapped BLAST and PSI-BLAST: a new generation of
protein database search programs", Nucleic Acids Res. 25:3389-3402.



Database: GCA_030761175.1_rMasLat1.0.hap2_genomic.fna
           120 sequences; 1,504,000,112 total letters



Query= Homo_sapiens_XM_054379673.1-IL34

Length=729
                                                                      Score        E
Sequences producing significant alignments:                          (Bits)     Value

JAUDYJ010000007.1 Masticophis lateralis isolate HBS 135920 SCAF_7...  44.6       0.040



Query_1  357       GCAGGAGGTGGAGACGCTGCTGCTGAATGT  386
87       31157188  ..............T...............  31157218
                               \                 
                               |                 
                               A


Lambda      K        H
   0.634    0.408    0.912 

Gapped
Lambda      K        H
   0.625    0.410    0.780 

Effective search space used: 1048285401584


  Database: GCA_030761175.1_rMasLat1.0.hap2_genomic.fna
    Posted date:  Apr 27, 2025  5:12 AM
  Number of letters in database: 1,504,000,112
  Number of sequences in database:  120



Matrix: blastn matrix 2 -3
Gap Penalties: Existence: 5, Extension: 2
