BLASTN 2.9.0+


Reference: Stephen F. Altschul, Thomas L. Madden, Alejandro A.
Schaffer, Jinghui Zhang, Zheng Zhang, Webb Miller, and David J.
Lipman (1997), "Gapped BLAST and PSI-BLAST: a new generation of
protein database search programs", Nucleic Acids Res. 25:3389-3402.



Database: GCA_043090665.1_ASM4309066v1_genomic.fna
           493,781 sequences; 2,033,670,527 total letters



Query= Homo_sapiens_NM_080819.5-GPR78

Length=1092
                                                                      Score        E
Sequences producing significant alignments:                          (Bits)     Value

JBHLFJ010000060.1 Anolis tropidonotus isolate UPRMGRS_1289_TJC_66...  47.3       0.023



Query_1  155        ACCTGCTGCTGGCGGCGCTGGACATGCCCTTCACGCTG  192
59       101447234  ..G.....G............TG.........T.....  101447271


Lambda      K        H
   0.634    0.408    0.912 

Gapped
Lambda      K        H
   0.625    0.410    0.780 

Effective search space used: 2136400923486


  Database: GCA_043090665.1_ASM4309066v1_genomic.fna
    Posted date:  Apr 27, 2025  3:23 PM
  Number of letters in database: 2,033,670,527
  Number of sequences in database:  493,781



Matrix: blastn matrix 2 -3
Gap Penalties: Existence: 5, Extension: 2
