BLASTN 2.9.0+


Reference: Stephen F. Altschul, Thomas L. Madden, Alejandro A.
Schaffer, Jinghui Zhang, Zheng Zhang, Webb Miller, and David J.
Lipman (1997), "Gapped BLAST and PSI-BLAST: a new generation of
protein database search programs", Nucleic Acids Res. 25:3389-3402.



Database: GCA_046766475.1_ASM4676647v1_genomic.fna
           329,086 sequences; 1,484,728,958 total letters



Query= Homo_sapiens_XM_054379673.1-IL34

Length=729
                                                                      Score        E
Sequences producing significant alignments:                          (Bits)     Value

JBKOJP010311260.1 Rhinophis saffragamus isolate RS-140 311260, wh...  44.6       0.039



Query_1  279   GTGGGTCTTGGTGAGCCTCAGTGCCACTG  307
311259   1620  ....................AA.......  1592


Lambda      K        H
   0.634    0.408    0.912 

Gapped
Lambda      K        H
   0.625    0.410    0.780 

Effective search space used: 1027516149582


  Database: GCA_046766475.1_ASM4676647v1_genomic.fna
    Posted date:  Apr 27, 2025  12:19 PM
  Number of letters in database: 1,484,728,958
  Number of sequences in database:  329,086



Matrix: blastn matrix 2 -3
Gap Penalties: Existence: 5, Extension: 2
