BLASTN 2.9.0+


Reference: Stephen F. Altschul, Thomas L. Madden, Alejandro A.
Schaffer, Jinghui Zhang, Zheng Zhang, Webb Miller, and David J.
Lipman (1997), "Gapped BLAST and PSI-BLAST: a new generation of
protein database search programs", Nucleic Acids Res. 25:3389-3402.



Database: GCA_039707465.1_ASM3970746v1_genomic.fna
           405 sequences; 1,924,646,879 total letters



Query= Homo_sapiens_XM_054324329.1-CYYR1

Length=723
                                                                      Score        E
Sequences producing significant alignments:                          (Bits)     Value

CM077647.1 Rhabdophis nuchalis isolate MD-2024a chromosome 5, who...  46.4       0.015
CM077645.1 Rhabdophis nuchalis isolate MD-2024a chromosome 3, who...  46.4       0.015



Query_1  12         GCCTGGGTGGCCAAGGACGCCGGAGTGGCCGCCTTC  47
4        90862561   ............C...C.....T.............  90862525
                                                    \   
                                                    |   
                                                    A
2        114630841  ...C........C...C...................  114630877
                                                    \   
                                                    |   
                                                    G


Lambda      K        H
   0.634    0.408    0.912 

Gapped
Lambda      K        H
   0.625    0.410    0.780 

Effective search space used: 1329922038029


  Database: GCA_039707465.1_ASM3970746v1_genomic.fna
    Posted date:  Apr 27, 2025  2:30 AM
  Number of letters in database: 1,924,646,879
  Number of sequences in database:  405



Matrix: blastn matrix 2 -3
Gap Penalties: Existence: 5, Extension: 2
