BLASTN 2.9.0+


Reference: Stephen F. Altschul, Thomas L. Madden, Alejandro A.
Schaffer, Jinghui Zhang, Zheng Zhang, Webb Miller, and David J.
Lipman (1997), "Gapped BLAST and PSI-BLAST: a new generation of
protein database search programs", Nucleic Acids Res. 25:3389-3402.



Database: GCA_046270205.1_ASM4627020v1_genomic.fna
           580,550 sequences; 1,455,726,019 total letters



Query= Homo_sapiens_XM_054324329.1-CYYR1

Length=723
                                                                      Score        E
Sequences producing significant alignments:                          (Bits)     Value

JBJPGO010547637.1 Boiga trigonata isolate RAP0478 547637, whole g...  45.5       0.038
JBJPGO010000031.1 Boiga trigonata isolate RAP0478 31, whole genom...  45.5       0.038



Query_1  12        GCCTGGGTGGCCAAGGACGCCGGAGTGGCCGC  43
547636   5674      ............C...C.....A.........  5643
30       17751563  ............C...C.....A.........  17751594


Lambda      K        H
   0.634    0.408    0.912 

Gapped
Lambda      K        H
   0.625    0.410    0.780 

Effective search space used: 993069557529


  Database: GCA_046270205.1_ASM4627020v1_genomic.fna
    Posted date:  Apr 27, 2025  12:27 PM
  Number of letters in database: 1,455,726,019
  Number of sequences in database:  580,550



Matrix: blastn matrix 2 -3
Gap Penalties: Existence: 5, Extension: 2
