BLASTN 2.9.0+


Reference: Stephen F. Altschul, Thomas L. Madden, Alejandro A.
Schaffer, Jinghui Zhang, Zheng Zhang, Webb Miller, and David J.
Lipman (1997), "Gapped BLAST and PSI-BLAST: a new generation of
protein database search programs", Nucleic Acids Res. 25:3389-3402.



Database: GCA_046270085.1_ASM4627008v1_genomic.fna
           697,355 sequences; 1,550,021,801 total letters



Query= Homo_sapiens_XM_054324329.1-CYYR1

Length=723
                                                                      Score        E
Sequences producing significant alignments:                          (Bits)     Value

JBJJOK010589099.1 Bungarus caeruleus isolate RAP0514 589099, whol...  44.6       0.041
JBJJOK010199243.1 Bungarus caeruleus isolate RAP0514 199243, whol...  44.6       0.041
JBJJOK010071325.1 Bungarus caeruleus isolate RAP0514 71325, whole...  44.6       0.041



Query_1  10   GAGCCTGGGTGGCCAAGGACGCCGGAGTGGCCGC  43
589098   59   ..............C...C.....A...T.....  92
199242   578  ..............C...C.....A...T.....  545
71324    896  ..............C...C.....A...T.....  863


Lambda      K        H
   0.634    0.408    0.912 

Gapped
Lambda      K        H
   0.625    0.410    0.780 

Effective search space used: 1055645150731


  Database: GCA_046270085.1_ASM4627008v1_genomic.fna
    Posted date:  Apr 27, 2025  12:22 PM
  Number of letters in database: 1,550,021,801
  Number of sequences in database:  697,355



Matrix: blastn matrix 2 -3
Gap Penalties: Existence: 5, Extension: 2
