BLASTN 2.9.0+


Reference: Stephen F. Altschul, Thomas L. Madden, Alejandro A.
Schaffer, Jinghui Zhang, Zheng Zhang, Webb Miller, and David J.
Lipman (1997), "Gapped BLAST and PSI-BLAST: a new generation of
protein database search programs", Nucleic Acids Res. 25:3389-3402.



Database: GCA_044758865.1_ASM4475886v1_genomic.fna
           840,290 sequences; 1,869,327,878 total letters



Query= Homo_sapiens_XM_054324329.1-CYYR1

Length=723
                                                                      Score        E
Sequences producing significant alignments:                          (Bits)     Value

JBINKN010000019.1 Sphaerodactylus glaucus isolate UPRMGRS_1514_TJ...  44.6       0.049



Query_1  509      CAATTGCGGGCATTGTTTTTGGAATAGTA  537
18       6167634  ......G.......A..............  6167606


Lambda      K        H
   0.634    0.408    0.912 

Gapped
Lambda      K        H
   0.625    0.410    0.780 

Effective search space used: 1273125071218


  Database: GCA_044758865.1_ASM4475886v1_genomic.fna
    Posted date:  Apr 27, 2025  2:05 PM
  Number of letters in database: 1,869,327,878
  Number of sequences in database:  840,290



Matrix: blastn matrix 2 -3
Gap Penalties: Existence: 5, Extension: 2
