BLASTN 2.9.0+


Reference: Stephen F. Altschul, Thomas L. Madden, Alejandro A.
Schaffer, Jinghui Zhang, Zheng Zhang, Webb Miller, and David J.
Lipman (1997), "Gapped BLAST and PSI-BLAST: a new generation of
protein database search programs", Nucleic Acids Res. 25:3389-3402.



Database: GCA_012654045.1_UNIGE_Pmuc_v1.0_genomic.fna
           21,198 sequences; 1,721,466,642 total letters



Query= Homo_sapiens_XM_054365033.1-ZNF438

Length=2520
                                                                      Score        E
Sequences producing significant alignments:                          (Bits)     Value

WNWU01000063.1 Ptyas mucosa isolate Pmuc001 160, whole genome sho...  48.2       0.013



Query_1  645     ACCACCAGTGACCAACACCCATGGCAGTCTGAACCCT  681
62       348316  ...T........G...........A............  348353
                              \                       
                              |                       
                              G


Lambda      K        H
   0.634    0.408    0.912 

Gapped
Lambda      K        H
   0.625    0.410    0.780 

Effective search space used: 4277774332260


  Database: GCA_012654045.1_UNIGE_Pmuc_v1.0_genomic.fna
    Posted date:  Apr 27, 2025  4:30 AM
  Number of letters in database: 1,721,466,642
  Number of sequences in database:  21,198



Matrix: blastn matrix 2 -3
Gap Penalties: Existence: 5, Extension: 2
