BLASTN 2.9.0+


Reference: Stephen F. Altschul, Thomas L. Madden, Alejandro A.
Schaffer, Jinghui Zhang, Zheng Zhang, Webb Miller, and David J.
Lipman (1997), "Gapped BLAST and PSI-BLAST: a new generation of
protein database search programs", Nucleic Acids Res. 25:3389-3402.



Database: GCA_012654045.1_UNIGE_Pmuc_v1.0_genomic.fna
           21,198 sequences; 1,721,466,642 total letters



Query= Homo_sapiens_XM_054346456.1-IL5RA

Length=1320


***** No hits found *****



Lambda      K        H
   0.634    0.408    0.912 

Gapped
Lambda      K        H
   0.625    0.410    0.780 

Effective search space used: 2214627267996


  Database: GCA_012654045.1_UNIGE_Pmuc_v1.0_genomic.fna
    Posted date:  Apr 27, 2025  4:30 AM
  Number of letters in database: 1,721,466,642
  Number of sequences in database:  21,198



Matrix: blastn matrix 2 -3
Gap Penalties: Existence: 5, Extension: 2
