Heteronotia_binoei
Euleptes_europaea
Sphaerodactylus_townsendi
Eublepharis_macularius
Hemicordylus_capensis
Candoia_aspera
Erythrolamprus_reginae
Thamnophis_elegans
Elgaria_multicarinata
Anolis_sagrei
Anolis_carolinensis
Podarcis_raffonei
Lacerta_agilis
Zootoca_vivipara
Rhineura_floridana
Struthio_camelus
Dromaius_novaehollandiae
Rhea_pennata
Calypte_anna
Rissa_tridactyla
Columba_livia
Aquila_chrysaetos
Corvus_cornix
Falco_rusticolus
Phaenicophaeus_curvirostris
Anas_platyrhynchos
Aythya_fuligula
Anser_cygnoides
Coturnix_japonica
Lagopus_muta
Malaclemys_terrapin
Chrysemys_picta
Emys_orbicularis
Mauremys_reevesii
Gopherus_flavomarginatus
Caretta_caretta
Chelonia_mydas
Dermochelys_coriacea
