BLASTN 2.9.0+


Reference: Stephen F. Altschul, Thomas L. Madden, Alejandro A.
Schaffer, Jinghui Zhang, Zheng Zhang, Webb Miller, and David J.
Lipman (1997), "Gapped BLAST and PSI-BLAST: a new generation of
protein database search programs", Nucleic Acids Res. 25:3389-3402.



Database: GCA_042257475.1_ASM4225747v1_genomic.fna
           37 sequences; 1,733,398,839 total letters



Query= Homo_sapiens_NM_014485.3-HPGDS

Length=600
                                                                      Score        E
Sequences producing significant alignments:                          (Bits)     Value

CM090382.1 Asaccus caudivolvulus isolate BBC_2024a chromosome 2, ...  44.6       0.038



Query_1  252        ACAATGTCATGTTGATGCTATTGTGGACACTCTGG  286
1        112511933  ...C.............A.....G...........  112511898
                                             \         
                                             |         
                                             T


Lambda      K        H
   0.634    0.408    0.912 

Gapped
Lambda      K        H
   0.625    0.410    0.780 

Effective search space used: 984569868040


  Database: GCA_042257475.1_ASM4225747v1_genomic.fna
    Posted date:  Apr 27, 2025  3:13 AM
  Number of letters in database: 1,733,398,839
  Number of sequences in database:  37



Matrix: blastn matrix 2 -3
Gap Penalties: Existence: 5, Extension: 2
