BLASTN 2.9.0+


Reference: Stephen F. Altschul, Thomas L. Madden, Alejandro A.
Schaffer, Jinghui Zhang, Zheng Zhang, Webb Miller, and David J.
Lipman (1997), "Gapped BLAST and PSI-BLAST: a new generation of
protein database search programs", Nucleic Acids Res. 25:3389-3402.



Database: GCA_046524025.1_ASM4652402v1_genomic.fna
           222 sequences; 1,632,742,855 total letters



Query= Homo_sapiens_XM_054327033.1-IL13RA2

Length=1143
                                                                      Score        E
Sequences producing significant alignments:                          (Bits)     Value

CM101935.1 Cerastes gasperettii isolate CG1 chromosome 10, whole ...  46.4       0.020



Query_1  861       AGTTGAAAATGAAACATACACCTTGAAAACAA  892
9        19066199  .........-..C...................  19066169


Lambda      K        H
   0.634    0.408    0.912 

Gapped
Lambda      K        H
   0.625    0.410    0.780 

Effective search space used: 1813969419361


  Database: GCA_046524025.1_ASM4652402v1_genomic.fna
    Posted date:  Apr 27, 2025  2:45 AM
  Number of letters in database: 1,632,742,855
  Number of sequences in database:  222



Matrix: blastn matrix 2 -3
Gap Penalties: Existence: 5, Extension: 2
