BLASTN 2.9.0+


Reference: Stephen F. Altschul, Thomas L. Madden, Alejandro A.
Schaffer, Jinghui Zhang, Zheng Zhang, Webb Miller, and David J.
Lipman (1997), "Gapped BLAST and PSI-BLAST: a new generation of
protein database search programs", Nucleic Acids Res. 25:3389-3402.



Database: GCA_043090505.1_ASM4309050v1_genomic.fna
           788,879 sequences; 1,366,997,453 total letters



Query= Homo_sapiens_NM_024309.4-TNIP2

Length=1290
                                                                      Score        E
Sequences producing significant alignments:                          (Bits)     Value

JBHLEZ010060612.1 Naja haje isolate UPRMGRS_828_TJC_355 60612, wh...  47.3       0.019



Query_1  35    AGGCCCCGCGCGCAGCTGCCGCGCTCTG  62
60611    1796  .....................G......  1769


Lambda      K        H
   0.634    0.408    0.912 

Gapped
Lambda      K        H
   0.625    0.410    0.780 

Effective search space used: 1687925682850


  Database: GCA_043090505.1_ASM4309050v1_genomic.fna
    Posted date:  Apr 27, 2025  6:11 PM
  Number of letters in database: 1,366,997,453
  Number of sequences in database:  788,879



Matrix: blastn matrix 2 -3
Gap Penalties: Existence: 5, Extension: 2
