BLASTN 2.9.0+


Reference: Stephen F. Altschul, Thomas L. Madden, Alejandro A.
Schaffer, Jinghui Zhang, Zheng Zhang, Webb Miller, and David J.
Lipman (1997), "Gapped BLAST and PSI-BLAST: a new generation of
protein database search programs", Nucleic Acids Res. 25:3389-3402.



Database: GCA_042902875.1_ASM4290287v1_genomic.fna
           955,228 sequences; 1,595,859,904 total letters



Query= Homo_sapiens_NM_024309.4-TNIP2

Length=1290
                                                                      Score        E
Sequences producing significant alignments:                          (Bits)     Value

JBHNWF010017019.1 Micrurus diastema isolate UPRMGRS_1379_TJC_753 ...  47.3       0.022



Query_1  35     AGGCCCCGCGCGCAGCTGCCGCGCTCTG  62
17018    23341  .....................G......  23368


Lambda      K        H
   0.634    0.408    0.912 

Gapped
Lambda      K        H
   0.625    0.410    0.780 

Effective search space used: 1966372086660


  Database: GCA_042902875.1_ASM4290287v1_genomic.fna
    Posted date:  Apr 27, 2025  1:49 PM
  Number of letters in database: 1,595,859,904
  Number of sequences in database:  955,228



Matrix: blastn matrix 2 -3
Gap Penalties: Existence: 5, Extension: 2
