BLASTN 2.9.0+


Reference: Stephen F. Altschul, Thomas L. Madden, Alejandro A.
Schaffer, Jinghui Zhang, Zheng Zhang, Webb Miller, and David J.
Lipman (1997), "Gapped BLAST and PSI-BLAST: a new generation of
protein database search programs", Nucleic Acids Res. 25:3389-3402.



Database: GCA_032468135.1_ASM3246813v1_genomic.fna
           431,810 sequences; 1,266,431,896 total letters



Query= Homo_sapiens_NM_024309.4-TNIP2

Length=1290
                                                                      Score        E
Sequences producing significant alignments:                          (Bits)     Value

JANHFP010004545.1 Calamaria suluensis voucher FMNH:273639 4545, w...  47.3       0.017



Query_1  533  CACAAAGGAATGTGGGGGAGAGAAGTCC  560
4544     923  .........................A..  896


Lambda      K        H
   0.634    0.408    0.912 

Gapped
Lambda      K        H
   0.625    0.410    0.780 

Effective search space used: 1575788381808


  Database: GCA_032468135.1_ASM3246813v1_genomic.fna
    Posted date:  Apr 27, 2025  5:22 PM
  Number of letters in database: 1,266,431,896
  Number of sequences in database:  431,810



Matrix: blastn matrix 2 -3
Gap Penalties: Existence: 5, Extension: 2
