BLASTN 2.9.0+


Reference: Stephen F. Altschul, Thomas L. Madden, Alejandro A.
Schaffer, Jinghui Zhang, Zheng Zhang, Webb Miller, and David J.
Lipman (1997), "Gapped BLAST and PSI-BLAST: a new generation of
protein database search programs", Nucleic Acids Res. 25:3389-3402.



Database: GCA_043090665.1_ASM4309066v1_genomic.fna
           493,781 sequences; 2,033,670,527 total letters



Query= Homo_sapiens_NM_024309.4-TNIP2

Length=1290


***** No hits found *****



Lambda      K        H
   0.634    0.408    0.912 

Gapped
Lambda      K        H
   0.625    0.410    0.780 

Effective search space used: 2535841322778


  Database: GCA_043090665.1_ASM4309066v1_genomic.fna
    Posted date:  Apr 27, 2025  3:23 PM
  Number of letters in database: 2,033,670,527
  Number of sequences in database:  493,781



Matrix: blastn matrix 2 -3
Gap Penalties: Existence: 5, Extension: 2
