BLASTN 2.9.0+


Reference: Stephen F. Altschul, Thomas L. Madden, Alejandro A.
Schaffer, Jinghui Zhang, Zheng Zhang, Webb Miller, and David J.
Lipman (1997), "Gapped BLAST and PSI-BLAST: a new generation of
protein database search programs", Nucleic Acids Res. 25:3389-3402.



Database: GCA_030847615.1_rGamWis1.0.hap2_genomic.fna
           69 sequences; 2,466,589,883 total letters



Query= Homo_sapiens_NM_024309.4-TNIP2

Length=1290
                                                                      Score        E
Sequences producing significant alignments:                          (Bits)     Value

JAUMIR010000002.1 Gambelia wislizenii isolate HBS 135999 SCAF_2, ...  48.2       0.010



Query_1  788        GGCTCAACAGACAGTTGGAAGAGAAAATAAATGACTGT  825
11       216754718  ..A..........C.-...........C..........  216754682


Lambda      K        H
   0.634    0.408    0.912 

Gapped
Lambda      K        H
   0.625    0.410    0.780 

Effective search space used: 3100500620742


  Database: GCA_030847615.1_rGamWis1.0.hap2_genomic.fna
    Posted date:  Apr 27, 2025  5:02 AM
  Number of letters in database: 2,466,589,883
  Number of sequences in database:  69



Matrix: blastn matrix 2 -3
Gap Penalties: Existence: 5, Extension: 2
