BLASTN 2.9.0+


Reference: Stephen F. Altschul, Thomas L. Madden, Alejandro A.
Schaffer, Jinghui Zhang, Zheng Zhang, Webb Miller, and David J.
Lipman (1997), "Gapped BLAST and PSI-BLAST: a new generation of
protein database search programs", Nucleic Acids Res. 25:3389-3402.



Database: GCF_900518725.1_TS10Xv2-PRI_genomic.fna
           52,414 sequences; 1,665,525,958 total letters



Query= Homo_sapiens_NM_024309.4-TNIP2

Length=1290
                                                                      Score        E
Sequences producing significant alignments:                          (Bits)     Value

NW_020716882.1 Notechis scutatus unplaced genomic scaffold, TS10X...  47.3       0.023



Query_1  35      AGGCCCCGCGCGCAGCTGCCGCGCTCTG  62
271      619128  .....................G......  619155


Lambda      K        H
   0.634    0.408    0.912 

Gapped
Lambda      K        H
   0.625    0.410    0.780 

Effective search space used: 2091391944072


  Database: GCF_900518725.1_TS10Xv2-PRI_genomic.fna
    Posted date:  Apr 27, 2025  6:14 AM
  Number of letters in database: 1,665,525,958
  Number of sequences in database:  52,414



Matrix: blastn matrix 2 -3
Gap Penalties: Existence: 5, Extension: 2
