BLASTN 2.9.0+


Reference: Stephen F. Altschul, Thomas L. Madden, Alejandro A.
Schaffer, Jinghui Zhang, Zheng Zhang, Webb Miller, and David J.
Lipman (1997), "Gapped BLAST and PSI-BLAST: a new generation of
protein database search programs", Nucleic Acids Res. 25:3389-3402.



Database: GCA_000737285.1_CrotMitch1.0_genomic.fna
           473,380 sequences; 1,126,791,715 total letters



Query= Homo_sapiens_XM_054366207.1-OLAH

Length=957
                                                                      Score        E
Sequences producing significant alignments:                          (Bits)     Value

JPMF01090143.1 Crotalus pyrrhus voucher UTA:R-60292 CMI_contig_90...  48.2       0.003



Query_1  33    GAATGAAAACATTTTCAACTGCTTATACAAA  63
90142    7741  ................T.G............  7711


Lambda      K        H
   0.634    0.408    0.912 

Gapped
Lambda      K        H
   0.625    0.410    0.780 

Effective search space used: 1028270288375


  Database: GCA_000737285.1_CrotMitch1.0_genomic.fna
    Posted date:  Apr 27, 2025  4:06 PM
  Number of letters in database: 1,126,791,715
  Number of sequences in database:  473,380



Matrix: blastn matrix 2 -3
Gap Penalties: Existence: 5, Extension: 2
