BLASTN 2.9.0+


Reference: Stephen F. Altschul, Thomas L. Madden, Alejandro A.
Schaffer, Jinghui Zhang, Zheng Zhang, Webb Miller, and David J.
Lipman (1997), "Gapped BLAST and PSI-BLAST: a new generation of
protein database search programs", Nucleic Acids Res. 25:3389-3402.



Database: GCA_046270465.1_ASM4627046v1_genomic.fna
           787,824 sequences; 1,438,234,060 total letters



Query= Homo_sapiens_NM_025113.5-RUBCNL

Length=1989
                                                                      Score        E
Sequences producing significant alignments:                          (Bits)     Value

JBJNRT010645635.1 Fowlea asperrima isolate RAP0430 645635, whole ...  51.8       7e-04



Query_1  1440   CTTCAAGAAGTACTACGTCAGCAATTTCTCCAAA  1473
645634   11491  .................G................  11457
                     \                            
                     |                            
                     G


Lambda      K        H
   0.634    0.408    0.912 

Gapped
Lambda      K        H
   0.625    0.410    0.780 

Effective search space used: 2762333357808


  Database: GCA_046270465.1_ASM4627046v1_genomic.fna
    Posted date:  Apr 27, 2025  2:46 PM
  Number of letters in database: 1,438,234,060
  Number of sequences in database:  787,824



Matrix: blastn matrix 2 -3
Gap Penalties: Existence: 5, Extension: 2
