BLASTN 2.9.0+


Reference: Stephen F. Altschul, Thomas L. Madden, Alejandro A.
Schaffer, Jinghui Zhang, Zheng Zhang, Webb Miller, and David J.
Lipman (1997), "Gapped BLAST and PSI-BLAST: a new generation of
protein database search programs", Nucleic Acids Res. 25:3389-3402.



Database: GCA_032468015.1_ASM3246801v1_genomic.fna
           710,676 sequences; 1,477,391,700 total letters



Query= Homo_sapiens_NM_001306135.2-DLEU7

Length=666
                                                                      Score        E
Sequences producing significant alignments:                          (Bits)     Value

JANHFR010524790.1 Mimophis mahfalensis voucher FMNH:259984 524790...  44.6       0.035
JANHFR010000301.1 Mimophis mahfalensis voucher FMNH:259984 301, w...  44.6       0.035



Query_1  63    GCAGCTGCTGCAGCAGGAGTGGGGCTGGGGG  93
524789   66    ...........T...................  34
                                \             
                                |             
                               GC
300      1754  ...........T...................  1786
                                \             
                                |             
                               GC


Lambda      K        H
   0.634    0.408    0.912 

Gapped
Lambda      K        H
   0.625    0.410    0.780 

Effective search space used: 922248143112


  Database: GCA_032468015.1_ASM3246801v1_genomic.fna
    Posted date:  Apr 27, 2025  5:28 PM
  Number of letters in database: 1,477,391,700
  Number of sequences in database:  710,676



Matrix: blastn matrix 2 -3
Gap Penalties: Existence: 5, Extension: 2
