BLASTN 2.9.0+


Reference: Stephen F. Altschul, Thomas L. Madden, Alejandro A.
Schaffer, Jinghui Zhang, Zheng Zhang, Webb Miller, and David J.
Lipman (1997), "Gapped BLAST and PSI-BLAST: a new generation of
protein database search programs", Nucleic Acids Res. 25:3389-3402.



Database: GCF_028640845.1_ASM2864084v1_genomic.fna
           748 sequences; 1,772,420,080 total letters



Query= Homo_sapiens_NM_012108.4-STAP1

Length=888


***** No hits found *****



Lambda      K        H
   0.634    0.408    0.912 

Gapped
Lambda      K        H
   0.625    0.410    0.780 

Effective search space used: 1517171099264


  Database: GCF_028640845.1_ASM2864084v1_genomic.fna
    Posted date:  Apr 27, 2025  12:41 AM
  Number of letters in database: 1,772,420,080
  Number of sequences in database:  748



Matrix: blastn matrix 2 -3
Gap Penalties: Existence: 5, Extension: 2
