BLASTN 2.9.0+


Reference: Stephen F. Altschul, Thomas L. Madden, Alejandro A.
Schaffer, Jinghui Zhang, Zheng Zhang, Webb Miller, and David J.
Lipman (1997), "Gapped BLAST and PSI-BLAST: a new generation of
protein database search programs", Nucleic Acids Res. 25:3389-3402.



Database: GCA_026541955.2_ASM2654195v2_genomic.fna
           539,791 sequences; 1,433,213,430 total letters



Query= Homo_sapiens_XM_054364927.1-TMEM273

Length=570
                                                                      Score        E
Sequences producing significant alignments:                          (Bits)     Value

JANKYG020459415.1 Simalia boeleni voucher IRGN:PZUCYBPU2B 459415,...  44.6       0.029



Query_1  130  GGTGTCGCCATATCTGCTGGCTTCCTGGCCCTGAAGATC  168
459414   149  ...T.....T...G.A..............T....A...  187


Lambda      K        H
   0.634    0.408    0.912 

Gapped
Lambda      K        H
   0.625    0.410    0.780 

Effective search space used: 763482670951


  Database: GCA_026541955.2_ASM2654195v2_genomic.fna
    Posted date:  Apr 27, 2025  8:47 PM
  Number of letters in database: 1,433,213,430
  Number of sequences in database:  539,791



Matrix: blastn matrix 2 -3
Gap Penalties: Existence: 5, Extension: 2
