BLASTN 2.9.0+


Reference: Stephen F. Altschul, Thomas L. Madden, Alejandro A.
Schaffer, Jinghui Zhang, Zheng Zhang, Webb Miller, and David J.
Lipman (1997), "Gapped BLAST and PSI-BLAST: a new generation of
protein database search programs", Nucleic Acids Res. 25:3389-3402.



Database: GCF_032191835.1_APGP_CSIRO_Hbin_v1_genomic.fna
           661 sequences; 2,633,472,656 total letters



Query= Homo_sapiens_XM_054326836.1-GPR82

Length=1011
                                                                      Score        E
Sequences producing significant alignments:                          (Bits)     Value

NC_083231.1 Heteronotia binoei isolate CCM8104 ecotype False Entr...  47.3       0.028



Query_1  723       TTTGACTTACAGTTCTGTGAAAAGACATCTTTTGGTCA  760
8        94362079  ....CA.............GG....A............  94362042


Lambda      K        H
   0.634    0.408    0.912 

Gapped
Lambda      K        H
   0.625    0.410    0.780 

Effective search space used: 2575514924454


  Database: GCF_032191835.1_APGP_CSIRO_Hbin_v1_genomic.fna
    Posted date:  Apr 27, 2025  1:45 AM
  Number of letters in database: 2,633,472,656
  Number of sequences in database:  661



Matrix: blastn matrix 2 -3
Gap Penalties: Existence: 5, Extension: 2
