BLASTN 2.9.0+


Reference: Stephen F. Altschul, Thomas L. Madden, Alejandro A.
Schaffer, Jinghui Zhang, Zheng Zhang, Webb Miller, and David J.
Lipman (1997), "Gapped BLAST and PSI-BLAST: a new generation of
protein database search programs", Nucleic Acids Res. 25:3389-3402.



Database: GCA_046269705.1_ASM4626970v1_genomic.fna
           656,849 sequences; 1,399,062,315 total letters



Query= Homo_sapiens_NM_014485.3-HPGDS

Length=600
                                                                      Score        E
Sequences producing significant alignments:                          (Bits)     Value

JBJJOC010036426.1 Ninia diademata isolate UPRMGRS_1708_TJC_1208 3...  45.5       0.030



Query_1  42    AGCAGAAATTATTCGTTACATATTTGCTTATTTG  75
36425    2214  .....G............-.........A.....  2246


Lambda      K        H
   0.634    0.408    0.912 

Gapped
Lambda      K        H
   0.625    0.410    0.780 

Effective search space used: 784480297724


  Database: GCA_046269705.1_ASM4626970v1_genomic.fna
    Posted date:  Apr 27, 2025  5:44 PM
  Number of letters in database: 1,399,062,315
  Number of sequences in database:  656,849



Matrix: blastn matrix 2 -3
Gap Penalties: Existence: 5, Extension: 2
