BLASTN 2.9.0+


Reference: Stephen F. Altschul, Thomas L. Madden, Alejandro A.
Schaffer, Jinghui Zhang, Zheng Zhang, Webb Miller, and David J.
Lipman (1997), "Gapped BLAST and PSI-BLAST: a new generation of
protein database search programs", Nucleic Acids Res. 25:3389-3402.



Database: GCA_001625485.2_ASM162548v2_genomic.fna
           5,707 sequences; 1,574,170,127 total letters



Query= Homo_sapiens_NM_014485.3-HPGDS

Length=600
                                                                      Score        E
Sequences producing significant alignments:                          (Bits)     Value

LVCR02005658.1 Crotalus horridus isolate 016-059-111 scaffold_227...  47.3       0.010



Query_1  99      AATAGAACAAGCTGACTGGCCTGAAATCAAATCAA  133
5657     692356  .....T...........-............G....  692323


Lambda      K        H
   0.634    0.408    0.912 

Gapped
Lambda      K        H
   0.625    0.410    0.780 

Effective search space used: 894024901704


  Database: GCA_001625485.2_ASM162548v2_genomic.fna
    Posted date:  Apr 27, 2025  5:50 AM
  Number of letters in database: 1,574,170,127
  Number of sequences in database:  5,707



Matrix: blastn matrix 2 -3
Gap Penalties: Existence: 5, Extension: 2
