BLASTN 2.9.0+


Reference: Stephen F. Altschul, Thomas L. Madden, Alejandro A.
Schaffer, Jinghui Zhang, Zheng Zhang, Webb Miller, and David J.
Lipman (1997), "Gapped BLAST and PSI-BLAST: a new generation of
protein database search programs", Nucleic Acids Res. 25:3389-3402.



Database: GCA_046270885.1_ASM4627088v1_genomic.fna
           567,513 sequences; 1,504,169,967 total letters



Query= Homo_sapiens_NM_014485.3-HPGDS

Length=600
                                                                      Score        E
Sequences producing significant alignments:                          (Bits)     Value

JBJPHE010335331.1 Corallus caninus isolate UPRMGRS_1134_TJC_1056 ...  44.6       0.032



Query_1  332   TGAAAGAGCAGATGTTCAATGAGCTGCTC  360
335330   3960  .............C........C......  3988


Lambda      K        H
   0.634    0.408    0.912 

Gapped
Lambda      K        H
   0.625    0.410    0.780 

Effective search space used: 844053424968


  Database: GCA_046270885.1_ASM4627088v1_genomic.fna
    Posted date:  Apr 27, 2025  10:54 AM
  Number of letters in database: 1,504,169,967
  Number of sequences in database:  567,513



Matrix: blastn matrix 2 -3
Gap Penalties: Existence: 5, Extension: 2
