BLASTN 2.9.0+


Reference: Stephen F. Altschul, Thomas L. Madden, Alejandro A.
Schaffer, Jinghui Zhang, Zheng Zhang, Webb Miller, and David J.
Lipman (1997), "Gapped BLAST and PSI-BLAST: a new generation of
protein database search programs", Nucleic Acids Res. 25:3389-3402.



Database: GCA_041893435.1_ASM4189343v1_genomic.fna
           1,126 sequences; 1,586,194,038 total letters



Query= Homo_sapiens_NM_014485.3-HPGDS

Length=600
                                                                      Score        E
Sequences producing significant alignments:                          (Bits)     Value

JAZBHB010000133.1 Crotalus ruber isolate CLP2635 ptg000134l_1, wh...  47.3       0.010



Query_1  99       AATAGAACAAGCTGACTGGCCTGAAATCAAATCAA  133
132      7137680  .....T...........-............G....  7137647


Lambda      K        H
   0.634    0.408    0.912 

Gapped
Lambda      K        H
   0.625    0.410    0.780 

Effective search space used: 900937747408


  Database: GCA_041893435.1_ASM4189343v1_genomic.fna
    Posted date:  Apr 27, 2025  9:09 AM
  Number of letters in database: 1,586,194,038
  Number of sequences in database:  1,126



Matrix: blastn matrix 2 -3
Gap Penalties: Existence: 5, Extension: 2
