BLASTN 2.9.0+


Reference: Stephen F. Altschul, Thomas L. Madden, Alejandro A.
Schaffer, Jinghui Zhang, Zheng Zhang, Webb Miller, and David J.
Lipman (1997), "Gapped BLAST and PSI-BLAST: a new generation of
protein database search programs", Nucleic Acids Res. 25:3389-3402.



Database: GCA_032468115.1_ASM3246811v1_genomic.fna
           424,630 sequences; 1,424,957,665 total letters



Query= Homo_sapiens_XM_054345083.1-HHLA2

Length=1278


***** No hits found *****



Lambda      K        H
   0.634    0.408    0.912 

Gapped
Lambda      K        H
   0.625    0.410    0.780 

Effective search space used: 1758566403230


  Database: GCA_032468115.1_ASM3246811v1_genomic.fna
    Posted date:  Apr 27, 2025  3:29 PM
  Number of letters in database: 1,424,957,665
  Number of sequences in database:  424,630



Matrix: blastn matrix 2 -3
Gap Penalties: Existence: 5, Extension: 2
