BLASTN 2.9.0+


Reference: Stephen F. Altschul, Thomas L. Madden, Alejandro A.
Schaffer, Jinghui Zhang, Zheng Zhang, Webb Miller, and David J.
Lipman (1997), "Gapped BLAST and PSI-BLAST: a new generation of
protein database search programs", Nucleic Acids Res. 25:3389-3402.



Database: GCA_046269845.1_ASM4626984v1_genomic.fna
           379,962 sequences; 2,030,659,747 total letters



Query= Homo_sapiens_XM_054345083.1-HHLA2

Length=1278
                                                                      Score        E
Sequences producing significant alignments:                          (Bits)     Value

JBJJOQ010000001.1 Anolis lemurinus isolate UPRMGRS_1367_TJC_741 1...  47.3       0.028



Query_1  54         TGGATCTCAAGGCATATTCCCTTTGGCTTTCTT  86
0        284503459  ................A....A........T..  284503427


Lambda      K        H
   0.634    0.408    0.912 

Gapped
Lambda      K        H
   0.625    0.410    0.780 

Effective search space used: 2512560646245


  Database: GCA_046269845.1_ASM4626984v1_genomic.fna
    Posted date:  Apr 27, 2025  3:35 PM
  Number of letters in database: 2,030,659,747
  Number of sequences in database:  379,962



Matrix: blastn matrix 2 -3
Gap Penalties: Existence: 5, Extension: 2
