BLASTN 2.9.0+


Reference: Stephen F. Altschul, Thomas L. Madden, Alejandro A.
Schaffer, Jinghui Zhang, Zheng Zhang, Webb Miller, and David J.
Lipman (1997), "Gapped BLAST and PSI-BLAST: a new generation of
protein database search programs", Nucleic Acids Res. 25:3389-3402.



Database: GCA_046270565.1_ASM4627056v1_genomic.fna
           1,477,168 sequences; 1,720,457,759 total letters



Query= Homo_sapiens_XM_054345083.1-HHLA2

Length=1278
                                                                      Score        E
Sequences producing significant alignments:                          (Bits)     Value

JBJPGT010721303.1 Oligodon taeniolatus isolate RS-136 721303, who...  50.0       0.002



Query_1  744   TTATTTTTCACCAAACCAAGACTTCAAAGTTACTTGG  780
721302   5138  ..........TT......G...A..............  5102


Lambda      K        H
   0.634    0.408    0.912 

Gapped
Lambda      K        H
   0.625    0.410    0.780 

Effective search space used: 2081280462675


  Database: GCA_046270565.1_ASM4627056v1_genomic.fna
    Posted date:  Apr 27, 2025  7:40 PM
  Number of letters in database: 1,720,457,759
  Number of sequences in database:  1,477,168



Matrix: blastn matrix 2 -3
Gap Penalties: Existence: 5, Extension: 2
