BLASTN 2.9.0+


Reference: Stephen F. Altschul, Thomas L. Madden, Alejandro A.
Schaffer, Jinghui Zhang, Zheng Zhang, Webb Miller, and David J.
Lipman (1997), "Gapped BLAST and PSI-BLAST: a new generation of
protein database search programs", Nucleic Acids Res. 25:3389-3402.



Database: GCA_036250565.1_ASM3625056v1_genomic.fna
           459,228 sequences; 1,308,607,799 total letters



Query= Homo_sapiens_XM_054345083.1-HHLA2

Length=1278


***** No hits found *****



Lambda      K        H
   0.634    0.408    0.912 

Gapped
Lambda      K        H
   0.625    0.410    0.780 

Effective search space used: 1612214978738


  Database: GCA_036250565.1_ASM3625056v1_genomic.fna
    Posted date:  Apr 27, 2025  8:07 AM
  Number of letters in database: 1,308,607,799
  Number of sequences in database:  459,228



Matrix: blastn matrix 2 -3
Gap Penalties: Existence: 5, Extension: 2
