BLASTN 2.9.0+


Reference: Stephen F. Altschul, Thomas L. Madden, Alejandro A.
Schaffer, Jinghui Zhang, Zheng Zhang, Webb Miller, and David J.
Lipman (1997), "Gapped BLAST and PSI-BLAST: a new generation of
protein database search programs", Nucleic Acids Res. 25:3389-3402.



Database: GCA_043111055.1_ASM4311105v1_genomic.fna
           1,562,775 sequences; 1,325,141,945 total letters



Query= Homo_sapiens_NM_080819.5-GPR78

Length=1092


***** No hits found *****



Lambda      K        H
   0.634    0.408    0.912 

Gapped
Lambda      K        H
   0.625    0.410    0.780 

Effective search space used: 1351641133700


  Database: GCA_043111055.1_ASM4311105v1_genomic.fna
    Posted date:  Apr 27, 2025  8:26 PM
  Number of letters in database: 1,325,141,945
  Number of sequences in database:  1,562,775



Matrix: blastn matrix 2 -3
Gap Penalties: Existence: 5, Extension: 2
