BLASTN 2.9.0+


Reference: Stephen F. Altschul, Thomas L. Madden, Alejandro A.
Schaffer, Jinghui Zhang, Zheng Zhang, Webb Miller, and David J.
Lipman (1997), "Gapped BLAST and PSI-BLAST: a new generation of
protein database search programs", Nucleic Acids Res. 25:3389-3402.



Database: GCA_047748275.1_ASM4774827v1_genomic.fna
           448,148 sequences; 1,466,880,029 total letters



Query= Homo_sapiens_XM_054324329.1-CYYR1

Length=723
                                                                      Score        E
Sequences producing significant alignments:                          (Bits)     Value

JBLLKT010022708.1 Boiga ceylonensis isolate RAP0515 22708, whole ...  45.5       0.039



Query_1  12    GCCTGGGTGGCCAAGGACGCCGGAGTGGCCGC  43
22707    3437  ............C...C.....A.........  3406


Lambda      K        H
   0.634    0.408    0.912 

Gapped
Lambda      K        H
   0.625    0.410    0.780 

Effective search space used: 1003704651463


  Database: GCA_047748275.1_ASM4774827v1_genomic.fna
    Posted date:  Apr 27, 2025  2:43 PM
  Number of letters in database: 1,466,880,029
  Number of sequences in database:  448,148



Matrix: blastn matrix 2 -3
Gap Penalties: Existence: 5, Extension: 2
