BLASTN 2.9.0+


Reference: Stephen F. Altschul, Thomas L. Madden, Alejandro A.
Schaffer, Jinghui Zhang, Zheng Zhang, Webb Miller, and David J.
Lipman (1997), "Gapped BLAST and PSI-BLAST: a new generation of
protein database search programs", Nucleic Acids Res. 25:3389-3402.



Database: GCA_037055225.1_ASM3705522v1_genomic.fna
           546 sequences; 1,926,171,689 total letters



Query= Homo_sapiens_XM_054327033.1-IL13RA2

Length=1143


***** No hits found *****



Lambda      K        H
   0.634    0.408    0.912 

Gapped
Lambda      K        H
   0.625    0.410    0.780 

Effective search space used: 2138030574810


  Database: GCA_037055225.1_ASM3705522v1_genomic.fna
    Posted date:  Apr 27, 2025  9:04 AM
  Number of letters in database: 1,926,171,689
  Number of sequences in database:  546



Matrix: blastn matrix 2 -3
Gap Penalties: Existence: 5, Extension: 2
