BLASTN 2.9.0+


Reference: Stephen F. Altschul, Thomas L. Madden, Alejandro A.
Schaffer, Jinghui Zhang, Zheng Zhang, Webb Miller, and David J.
Lipman (1997), "Gapped BLAST and PSI-BLAST: a new generation of
protein database search programs", Nucleic Acids Res. 25:3389-3402.



Database: GCA_046269745.1_ASM4626974v1_genomic.fna
           389,167 sequences; 1,354,614,273 total letters



Query= Homo_sapiens_XM_054327033.1-IL13RA2

Length=1143
                                                                      Score        E
Sequences producing significant alignments:                          (Bits)     Value

JBJJOG010338317.1 Dasypeltis abyssina isolate TJC1354 338317, who...  47.3       0.016



Query_1  648   ATCATCAGAGAACAAGCCTATCAGATCC  675
338316   5347  ...............A............  5374


Lambda      K        H
   0.634    0.408    0.912 

Gapped
Lambda      K        H
   0.625    0.410    0.780 

Effective search space used: 1491140792119


  Database: GCA_046269745.1_ASM4626974v1_genomic.fna
    Posted date:  Apr 27, 2025  12:38 PM
  Number of letters in database: 1,354,614,273
  Number of sequences in database:  389,167



Matrix: blastn matrix 2 -3
Gap Penalties: Existence: 5, Extension: 2
