BLASTN 2.9.0+


Reference: Stephen F. Altschul, Thomas L. Madden, Alejandro A.
Schaffer, Jinghui Zhang, Zheng Zhang, Webb Miller, and David J.
Lipman (1997), "Gapped BLAST and PSI-BLAST: a new generation of
protein database search programs", Nucleic Acids Res. 25:3389-3402.



Database: GCA_043656835.1_ASM4365683v1_genomic.fna
           791,101 sequences; 1,537,575,310 total letters



Query= Homo_sapiens_XM_054327033.1-IL13RA2

Length=1143
                                                                      Score        E
Sequences producing significant alignments:                          (Bits)     Value

JBIEKW010161280.1 Philothamnus battersbyi isolate UPRMGRS_723_TJC...  49.1       0.005



Query_1  648  ATCATCAGAGAACAAGCCTATCAGATCCA  676
161279   652  ...............A.............  680


Lambda      K        H
   0.634    0.408    0.912 

Gapped
Lambda      K        H
   0.625    0.410    0.780 

Effective search space used: 1680120946658


  Database: GCA_043656835.1_ASM4365683v1_genomic.fna
    Posted date:  Apr 27, 2025  5:04 PM
  Number of letters in database: 1,537,575,310
  Number of sequences in database:  791,101



Matrix: blastn matrix 2 -3
Gap Penalties: Existence: 5, Extension: 2
