species	ident
Acanthisitta_chloris	65.4
Accipiter_gentilis	69.6
Acinonyx_jubatus	75.4
Acomys_russatus	76.5
Agelaius_phoeniceus	69.6
Ailuropoda_melanoleuca	73.7
Alexandromys_fortis	75.0
Alligator_mississippiensis	70.2
Alligator_sinensis	66.4
Amblyraja_radiata	65.8
Ambystoma_mexicanum	68.4
Ammospiza_caudacuta	69.5
Ammospiza_nelsoni	69.5
Anas_acuta	69.8
Anas_platyrhynchos	70.0
Anomalospiza_imberbis	69.1
Anser_cygnoides	69.9
Antechinus_flavipes	73.8
Antrostomus_carolinensis	65.4
Aotus_nancymaae	50.0
Aphelocoma_coerulescens	69.7
Apodemus_sylvaticus	75.9
Aptenodytes_forsteri	65.8
Apteryx_mantelli	69.2
Apteryx_rowi	69.2
Apus_apus	69.4
Aquila_chrysaetos_chrysaetos	69.7
Artibeus_jamaicensis	58.1
Arvicanthis_niloticus	75.3
Arvicola_amphibius	74.9
Athene_cunicularia	69.7
Aythya_fuligula	70.1
Balaenoptera_acutorostrata	75.3
Balaenoptera_musculus	75.9
Balaenoptera_ricei	76.1
Balearica_regulorum_gibbericeps	65.6
Bison_bison_bison	60.2
Bombina_bombina	68.5
Bos_indicus_x_Bos_taurus	65.1
Bos_javanicus	64.3
Bos_mutus	63.0
Bos_taurus	65.1
Bubalus_bubalis	71.4
Bubalus_kerabau	72.9
Budorcas_taxicolor	72.7
Bufo_bufo	68.3
Bufo_gargarizans	68.2
Calidris_pugnax	69.9
Callithrix_jacchus	83.9
Callorhinus_ursinus	70.5
Caloenas_nicobarica	69.8
Calypte_anna	70.0
Camarhynchus_parvulus	69.4
Camelus_dromedarius	76.2
Camelus_ferus	72.9
Canis_lupus_dingo	73.0
Canis_lupus_familiaris	73.0
Capra_hircus	72.5
Capricornis_sumatraensis	72.2
Caretta_caretta	71.0
Cariama_cristata	65.8
Carlito_syrichta	83.0
Castor_canadensis	41.2
Catharus_ustulatus	69.8
Cavia_porcellus	74.4
Cebus_imitator	88.2
Centrocercus_urophasianus	70.1
Ceratotherium_simum_simum	74.4
Cercocebus_atys	81.8
Cervus_canadensis	68.7
Cervus_elaphus	68.7
Chaetura_pelagica	65.2
Chamaea_fasciata	69.4
Charadrius_vociferus	65.3
Chelonia_mydas	70.8
Chelonoidis_abingdonii	70.7
Chinchilla_lanigera	68.6
Chionomys_nivalis	75.1
Chiroxiphia_lanceolata	60.6
Chlorocebus_sabaeus	85.8
Choloepus_didactylus	63.4
Chroicocephalus_ridibundus	69.8
Chrysemys_picta_bellii	70.3
Chrysochloris_asiatica	52.9
Cinclus_cinclus	68.8
Colius_striatus	69.1
Colobus_angolensis_palliatus	89.0
Columba_livia	69.8
Corapipo_altera	70.1
Corvus_brachyrhynchos	69.6
Corvus_cornix_cornix	69.6
Corvus_hawaiiensis	69.5
Corvus_kubaryi	69.6
Corvus_moneduloides	69.5
Coturnix_japonica	69.5
Cricetulus_griseus	74.7
Crocodylus_porosus	70.7
Cuculus_canorus	69.8
Cyanistes_caeruleus	65.4
Cygnus_atratus	69.9
Cygnus_olor	69.8
Cynocephalus_volans	83.2
Cyrtonyx_montezumae	69.9
Dama_dama	68.8
Dasypus_novemcinctus	69.6
Dendropsophus_ebraccatus	68.5
Dermochelys_coriacea	70.9
Desmodus_rotundus	47.5
Diceros_bicornis_minor	80.6
Dipodomys_merriami	73.1
Dipodomys_ordii	65.5
Dipodomys_spectabilis	73.7
Dromaius_novaehollandiae	69.8
Dromiciops_gliroides	73.4
Dryobates_pubescens	69.7
Echinops_telfairi	66.4
Egretta_garzetta	65.4
Elephantulus_edwardii	53.5
Elephas_maximus_indicus	78.2
Eleutherodactylus_coqui	68.0
Empidonax_traillii	69.7
Emydura_macquarii_macquarii	70.5
Emys_orbicularis	70.6
Enhydra_lutris_kenyoni	73.2
Eptesicus_fuscus	72.3
Equus_asinus	80.1
Equus_caballus	80.1
Equus_przewalskii	80.1
Equus_quagga	68.4
Erinaceus_europaeus	65.7
Eschrichtius_robustus	71.7
Eubalaena_glacialis	76.4
Eumetopias_jubatus	72.5
Eurypyga_helias	65.2
Falco_biarmicus	70.0
Falco_cherrug	70.0
Falco_naumanni	67.0
Falco_peregrinus	70.0
Falco_rusticolus	66.8
Felis_catus	67.4
Ficedula_albicollis	69.5
Fukomys_damarensis	69.2
Fulmarus_glacialis	66.0
Galeopterus_variegatus	82.1
Gallus_gallus	69.6
Gavialis_gangeticus	70.4
Gavia_stellata	65.4
Geospiza_fortis	61.0
Geotrypetes_seraphini	70.6
Gopherus_evgoodei	70.2
Gopherus_flavomarginatus	64.1
Gorilla_gorilla_gorilla	92.9
Gracilinanus_agilis	73.3
Grammomys_surdaster	74.2
Grus_americana	69.7
Gymnogyps_californianus	70.2
Haemorhous_mexicanus	69.3
Haliaeetus_albicilla	69.7
Haliaeetus_leucocephalus	69.8
Halichoerus_grypus	74.4
Harpia_harpyja	69.7
Hippopotamus_amphibius_kiboko	74.7
Hipposideros_armiger	72.6
Hirundo_rustica	69.3
Homo_sapiens	100.0
Hyaena_hyaena	76.6
Hyla_sarda	65.8
Hylobates_moloch	91.2
Hyperolius_riggenbachi	68.1
Indicator_indicator	65.6
Jaculus_jaculus	60.9
Kogia_breviceps	73.2
Lagenorhynchus_albirostris	49.8
Lagenorhynchus_obliquidens	36.4
Lagopus_leucura	70.1
Lagopus_muta	68.9
Lathamus_discolor	68.8
Leopardus_geoffroyi	68.5
Lepidothrix_coronata	70.3
Leptonychotes_weddellii	76.1
Leptosomus_discolor	60.8
Lepus_europaeus	77.4
Lonchura_striata	69.7
Lontra_canadensis	72.6
Loxodonta_africana	75.0
Lutra_lutra	72.6
Lynx_canadensis	50.5
Lynx_rufus	50.6
Macaca_fascicularis	85.2
Macaca_mulatta	85.2
Macaca_nemestrina	63.3
Macaca_thibetana_thibetana	85.3
Malaclemys_terrapin_pileata	70.4
Manacus_candei	70.2
Manacus_vitellinus	66.0
Marmota_flaviventris	78.9
Marmota_marmota_marmota	65.0
Marmota_monax	65.1
Mastomys_coucha	71.2
Mauremys_mutica	70.1
Mauremys_reevesii	70.1
Melanerpes_formicivorus	69.3
Meles_meles	69.6
Melopsittacus_undulatus	68.8
Melospiza_georgiana	69.4
Melospiza_melodia_melodia	69.5
Melozone_crissalis	69.5
Meriones_unguiculatus	74.2
Mesitornis_unicolor	65.6
Mesocricetus_auratus	76.4
Mesoplodon_densirostris	62.8
Microcaecilia_unicolor	70.3
Microcebus_murinus	72.3
Microtus_ochrogaster	75.0
Miniopterus_natalensis	72.2
Mirounga_angustirostris	72.7
Mirounga_leonina	73.0
Molossus_molossus	64.6
Molothrus_aeneus	69.8
Molothrus_ater	69.7
Monodelphis_domestica	73.0
Monodon_monoceros	26.5
Moschus_berezovskii	70.9
Motacilla_alba_alba	69.5
Muntiacus_reevesi	68.6
Mus_caroli	75.9
Mus_musculus	75.7
Mus_pahari	74.9
Mustela_erminea	64.6
Mustela_lutreola	59.3
Mustela_nigripes	62.6
Mustela_putorius_furo	59.2
Myiozetetes_cayanensis	69.7
Myodes_glareolus	77.0
Myotis_brandtii	68.4
Myotis_daubentonii	69.1
Myotis_lucifugus	62.5
Myotis_myotis	73.1
Myotis_yumanensis	74.1
Nanorana_parkeri	68.1
Neofelis_nebulosa	76.0
Neogale_vison	72.5
Neomonachus_schauinslandi	63.2
Neopelma_chrysocephalum	70.4
Neopsephotus_bourkii	66.7
Nestor_notabilis	65.1
Nipponia_nippon	69.9
Nomascus_leucogenys	85.0
Nothoprocta_perdicaria	64.3
Numida_meleagris	69.5
Nyctereutes_procyonoides	73.3
Nyctibius_grandis	69.8
Nycticebus_coucang	75.5
Ochotona_curzoniae	73.6
Ochotona_princeps	73.7
Octodon_degus	75.6
Odobenus_rosmarus_divergens	69.1
Odocoileus_virginianus	72.4
Oenanthe_melanoleuca	69.7
Onychomys_torridus	74.5
Onychostruthus_taczanowskii	69.4
Opisthocomus_hoazin	65.7
Orcinus_orca	39.7
Ornithorhynchus_anatinus	72.2
Orycteropus_afer_afer	58.3
Oryctolagus_cuniculus	78.3
Oryx_dammah	71.5
Otolemur_garnettii	75.6
Ovis_aries	64.3
Ovis_canadensis	71.2
Oxyura_jamaicensis	69.9
Pan_paniscus	80.5
Panthera_leo	76.9
Panthera_onca	77.0
Panthera_tigris	76.9
Pan_troglodytes	94.7
Papio_anubis	85.5
Parus_major	69.4
Passer_domesticus	69.4
Passer_montanus	69.6
Patagioenas_fasciata	69.5
Pelobates_fuscus	67.3
Pelodiscus_sinensis	71.1
Perognathus_longimembris_pacificus	74.6
Peromyscus_californicus_insignis	76.6
Peromyscus_eremicus	76.6
Peromyscus_leucopus	76.4
Peromyscus_maniculatus_bairdii	76.4
Petaurus_breviceps_papuanus	73.9
Pezoporus_flaviventris	67.0
Pezoporus_occidentalis	66.9
Pezoporus_wallicus	66.9
Phacochoerus_africanus	72.7
Phaenicophaeus_curvirostris	69.7
Phaethon_lepturus	66.0
Phalacrocorax_carbo	69.7
Phascolarctos_cinereus	73.5
Phasianus_colchicus	69.9
Phoca_vitulina	71.4
Phodopus_roborovskii	75.9
Phyllostomus_hastatus	53.3
Physeter_macrocephalus	70.2
Piliocolobus_tephrosceles	86.8
Pipistrellus_kuhlii	69.0
Pipra_filicauda	70.0
Pleurodeles_waltl	68.5
Poecile_atricapillus	69.6
Pogoniulus_pusillus	69.3
Pongo_abelii	86.2
Pongo_pygmaeus	98.2
Prinia_subflava	69.3
Prionailurus_bengalensis	76.0
Prionailurus_viverrinus	77.1
Propithecus_coquereli	70.8
Protopterus_annectens	66.6
Psammomys_obesus	74.0
Pseudophryne_corroboree	67.4
Pseudopipra_pipra	70.2
Pseudopodoces_humilis	69.4
Pseudorca_crassidens	23.6
Pterocles_gutturalis	65.7
Pteronotus_mesoamericanus	73.7
Pteropus_alecto	72.2
Pteropus_giganteus	73.3
Pteropus_vampyrus	72.8
Puma_yagouaroundi	68.4
Pygoscelis_adeliae	65.7
Pyrgilauda_ruficollis	69.5
Rana_temporaria	67.4
Ranitomeya_imitator	68.1
Rattus_norvegicus	68.3
Rattus_rattus	70.3
Rhea_pennata	69.7
Rhinatrema_bivittatum	70.1
Rhinolophus_ferrumequinum	76.1
Rhinopithecus_roxellana	60.0
Rissa_tridactyla	69.7
Rousettus_aegyptiacus	77.7
Saccopteryx_bilineata	70.1
Saccopteryx_leptura	69.8
Saimiri_boliviensis	60.3
Sapajus_apella	87.8
Sarcophilus_harrisii	73.4
Sciurus_carolinensis	74.6
Serinus_canaria	69.3
Sorex_araneus	67.4
Sorex_fumeus	70.5
Spea_bombifrons	66.1
Strigops_habroptila	69.5
Struthio_camelus	69.7
Sturnira_hondurensis	58.4
Sturnus_vulgaris	69.9
Suncus_etruscus	56.4
Sus_scrofa	72.7
Sylvia_atricapilla	69.5
Symphalangus_syndactylus	79.1
Tachyglossus_aculeatus	72.5
Taeniopygia_guttata	69.6
Talpa_occidentalis	60.5
Tauraco_erythrolophus	65.9
Terrapene_triunguis	70.4
Theropithecus_gelada	90.8
Tinamus_guttatus	65.2
Trachemys_scripta_elegans	70.6
Trachypithecus_francoisi	89.6
Trichechus_manatus_latirostris	59.5
Trichosurus_vulpecula	73.3
Tupaia_chinensis	79.8
Tursiops_truncatus	28.3
Tympanuchus_pallidicinctus	70.2
Tyto_alba	69.9
Urocitellus_parryii	59.5
Ursus_arctos	70.4
Ursus_maritimus	64.4
Vicugna_pacos	72.6
Vidua_chalybeata	69.6
Vidua_macroura	69.7
Vombatus_ursinus	73.3
Vulpes_lagopus	47.6
Vulpes_vulpes	57.3
Xenopus_tropicalis	66.3
Zalophus_californianus	73.6
Zonotrichia_albicollis	69.5
Zonotrichia_leucophrys_gambelii	69.6
