species	ident
Accipiter_gentilis	40.2
Acinonyx_jubatus	76.7
Acomys_russatus	60.3
Alexandromys_fortis	60.9
Alligator_mississippiensis	41.7
Alligator_sinensis	42.9
Amblyraja_radiata	44.1
Ambystoma_mexicanum	47.8
Amia_calva	39.2
Anas_acuta	40.3
Anas_platyrhynchos	29.8
Anguilla_anguilla	43.1
Anguilla_rostrata	41.9
Anser_cygnoides	41.5
Antrostomus_carolinensis	41.1
Aotus_nancymaae	75.8
Apaloderma_vittatum	41.5
Aphelocoma_coerulescens	33.0
Apodemus_sylvaticus	61.3
Aptenodytes_forsteri	41.4
Apteryx_mantelli	39.8
Apteryx_rowi	40.0
Apus_apus	36.9
Artibeus_jamaicensis	68.7
Arvicanthis_niloticus	61.2
Arvicola_amphibius	60.7
Astyanax_mexicanus	37.3
Athene_cunicularia	41.2
Aythya_fuligula	40.7
Balaenoptera_acutorostrata	43.4
Balaenoptera_musculus	73.2
Balaenoptera_ricei	73.4
Balearica_regulorum_gibbericeps	43.0
Bison_bison_bison	71.5
Bombina_bombina	43.6
Bos_indicus_x_Bos_taurus	71.9
Bos_javanicus	72.3
Bos_mutus	59.0
Bos_taurus	72.1
Brienomyrus_brachyistius	42.7
Bubalus_bubalis	71.9
Bubalus_kerabau	71.6
Budorcas_taxicolor	71.0
Bufo_bufo	47.0
Bufo_gargarizans	44.5
Calidris_pugnax	40.3
Callithrix_jacchus	74.7
Callorhinchus_milii	43.2
Callorhinus_ursinus	75.6
Caloenas_nicobarica	42.0
Calypte_anna	31.0
Camelus_bactrianus	69.9
Camelus_dromedarius	69.6
Camelus_ferus	69.9
Canis_lupus_dingo	73.4
Canis_lupus_familiaris	73.3
Capra_hircus	39.9
Carassius_auratus	36.9
Carassius_carassius	37.7
Carassius_gibelio	36.1
Carcharodon_carcharias	42.8
Caretta_caretta	39.1
Cariama_cristata	42.9
Castor_canadensis	63.0
Catharus_ustulatus	44.0
Cavia_porcellus	46.2
Cebus_imitator	75.0
Centrocercus_urophasianus	40.0
Ceratotherium_simum_simum	78.9
Cercocebus_atys	92.6
Cervus_canadensis	44.8
Cervus_elaphus	44.8
Chaetura_pelagica	42.4
Chanodichthys_erythropterus	33.2
Charadrius_vociferus	42.6
Chelonia_mydas	39.1
Chelonoidis_abingdonii	39.7
Chiloscyllium_plagiosum	42.9
Chinchilla_lanigera	62.4
Chionomys_nivalis	70.0
Chlamydotis_macqueenii	41.7
Chlorocebus_sabaeus	77.0
Choloepus_didactylus	66.3
Chroicocephalus_ridibundus	33.7
Chrysemys_picta_bellii	40.5
Chrysochloris_asiatica	69.8
Cinclus_cinclus	36.8
Colius_striatus	40.6
Colobus_angolensis_palliatus	78.5
Columba_livia	42.0
Condylura_cristata	60.0
Conger_conger	35.0
Corapipo_altera	39.0
Corvus_brachyrhynchos	41.7
Corvus_cornix_cornix	35.5
Corvus_hawaiiensis	35.1
Corvus_moneduloides	35.2
Coturnix_japonica	42.0
Crocodylus_porosus	38.6
Cuculus_canorus	39.7
Cygnus_atratus	41.0
Cynocephalus_volans	80.9
Cyrtonyx_montezumae	40.7
Dama_dama	69.3
Danio_aesculapii	36.6
Danio_rerio	37.7
Dasypus_novemcinctus	36.1
Delphinapterus_leucas	74.2
Delphinus_delphis	73.7
Dendropsophus_ebraccatus	45.0
Denticeps_clupeoides	40.4
Dermochelys_coriacea	39.3
Desmodus_rotundus	72.6
Diceros_bicornis_minor	79.2
Dipodomys_merriami	64.0
Dipodomys_ordii	49.3
Dipodomys_spectabilis	64.0
Dromaius_novaehollandiae	38.5
Dryobates_pubescens	41.5
Echinops_telfairi	65.2
Elephantulus_edwardii	65.8
Elephas_maximus_indicus	65.2
Eleutherodactylus_coqui	49.2
Embiotoca_jacksoni	40.5
Emys_orbicularis	40.3
Enhydra_lutris_kenyoni	64.8
Eptesicus_fuscus	70.8
Equus_asinus	64.3
Equus_caballus	64.6
Equus_przewalskii	64.5
Erinaceus_europaeus	52.8
Erpetoichthys_calabaricus	45.4
Eschrichtius_robustus	73.8
Eubalaena_glacialis	72.8
Eulemur_rufifrons	78.5
Eumetopias_jubatus	75.6
Eurypyga_helias	42.2
Falco_biarmicus	41.5
Falco_cherrug	41.5
Falco_peregrinus	41.5
Felis_catus	53.5
Fukomys_damarensis	34.7
Fulmarus_glacialis	41.5
Gallus_gallus	40.9
Gavialis_gangeticus	42.3
Gavia_stellata	42.5
Geotrypetes_seraphini	50.7
Globicephala_melas	73.9
Gopherus_evgoodei	43.8
Gopherus_flavomarginatus	41.1
Gorilla_gorilla_gorilla	99.5
Grammomys_surdaster	59.8
Grus_americana	42.2
Gymnogyps_californianus	36.8
Haliaeetus_albicilla	29.6
Haliaeetus_leucocephalus	40.0
Halichoerus_grypus	75.9
Hemibagrus_wyckioides	37.9
Hemiscyllium_ocellatum	43.4
Heptranchias_perlo	43.5
Heterodontus_francisci	42.6
Hippopotamus_amphibius_kiboko	73.5
Hipposideros_armiger	58.8
Homo_sapiens	100.0
Hoplias_malabaricus	39.8
Hyaena_hyaena	67.9
Hyla_sarda	42.1
Hypanus_sabinus	42.3
Hyperolius_riggenbachi	47.0
Hypomesus_transpacificus	40.5
Ictalurus_furcatus	36.6
Ictalurus_punctatus	36.0
Indicator_indicator	41.4
Jaculus_jaculus	64.7
Kogia_breviceps	73.1
Labeo_rohita	34.2
Labrus_bergylta	37.6
Lagenorhynchus_albirostris	74.1
Lagenorhynchus_obliquidens	74.1
Lagopus_leucura	40.8
Lagopus_muta	39.6
Lathamus_discolor	28.7
Lemur_catta	78.7
Leopardus_geoffroyi	67.6
Lepisosteus_oculatus	44.5
Leptosomus_discolor	44.2
Lepus_europaeus	72.5
Leucoraja_erinaceus	44.0
Lipotes_vexillifer	73.7
Lontra_canadensis	74.5
Loxodonta_africana	65.6
Lutra_lutra	74.7
Lynx_canadensis	76.9
Lynx_rufus	77.3
Macaca_fascicularis	77.4
Macaca_mulatta	91.9
Macaca_nemestrina	77.4
Macaca_thibetana_thibetana	62.9
Malaclemys_terrapin_pileata	40.8
Mandrillus_leucophaeus	29.4
Manis_javanica	63.6
Manis_pentadactyla	62.9
Marmota_flaviventris	74.5
Marmota_marmota_marmota	74.5
Marmota_monax	74.1
Mastomys_coucha	61.1
Mauremys_mutica	40.9
Mauremys_reevesii	39.9
Megalobrama_amblycephala	32.4
Melanerpes_formicivorus	41.6
Meleagris_gallopavo	30.5
Meles_meles	77.0
Melopsittacus_undulatus	40.6
Meriones_unguiculatus	47.6
Mesitornis_unicolor	40.1
Mesocricetus_auratus	58.8
Mesoplodon_densirostris	73.2
Microcaecilia_unicolor	29.2
Microcebus_murinus	77.0
Micropterus_salmoides	40.2
Microtus_ochrogaster	59.7
Microtus_oregoni	60.0
Miniopterus_natalensis	63.7
Mirounga_angustirostris	76.3
Mirounga_leonina	76.3
Misgurnus_anguillicaudatus	28.6
Mobula_hypostoma	42.4
Molossus_molossus	75.2
Monodon_monoceros	74.2
Moschus_berezovskii	69.6
Muntiacus_reevesi	69.8
Mus_caroli	60.3
Mus_musculus	60.5
Mus_pahari	60.7
Mustela_erminea	64.2
Mustela_lutreola	76.6
Mustela_nigripes	76.3
Mustela_putorius_furo	76.3
Myiozetetes_cayanensis	34.3
Myodes_glareolus	54.4
Myotis_daubentonii	61.2
Myotis_myotis	72.3
Myotis_yumanensis	71.2
Myxocyprinus_asiaticus	31.1
Nannospalax_galili	59.2
Narcine_bancroftii	39.7
Neofelis_nebulosa	54.1
Neogale_vison	63.0
Neomonachus_schauinslandi	76.3
Neopelma_chrysocephalum	40.5
Neophocaena_asiaeorientalis_asiaeorientalis	73.2
Neopsephotus_bourkii	41.0
Nestor_notabilis	41.0
Nipponia_nippon	42.2
Nothoprocta_perdicaria	29.8
Nyctereutes_procyonoides	67.9
Nycticebus_coucang	76.0
Ochotona_curzoniae	57.9
Ochotona_princeps	66.9
Odobenus_rosmarus_divergens	75.4
Oenanthe_melanoleuca	39.6
Oncorhynchus_kisutch	41.2
Oncorhynchus_masou_masou	39.8
Oncorhynchus_mykiss	41.0
Oncorhynchus_nerka	40.7
Oncorhynchus_tshawytscha	41.2
Onychomys_torridus	61.8
Opisthocomus_hoazin	31.3
Orcinus_orca	74.0
Ornithorhynchus_anatinus	50.3
Orycteropus_afer_afer	72.6
Oryctolagus_cuniculus	71.6
Oryx_dammah	71.8
Osmerus_eperlanus	36.0
Otolemur_garnettii	69.3
Ovis_aries	43.3
Ovis_canadensis	39.2
Oxyura_jamaicensis	39.9
Pangasianodon_hypophthalmus	37.3
Pan_paniscus	84.0
Panthera_leo	76.8
Panthera_onca	54.0
Panthera_pardus	54.2
Panthera_uncia	76.8
Pan_troglodytes	84.4
Papio_anubis	92.5
Paramisgurnus_dabryanus	32.9
Paramormyrops_kingsleyae	44.0
Patagioenas_fasciata	29.3
Pelobates_fuscus	46.9
Pelodiscus_sinensis	39.8
Perognathus_longimembris_pacificus	63.3
Peromyscus_californicus_insignis	65.4
Peromyscus_eremicus	72.8
Peromyscus_maniculatus_bairdii	71.6
Pezoporus_flaviventris	28.8
Pezoporus_occidentalis	39.8
Pezoporus_wallicus	29.3
Phacochoerus_africanus	74.3
Phalacrocorax_carbo	43.0
Phoca_vitulina	75.9
Phocoena_phocoena	72.9
Phocoena_sinus	73.0
Phodopus_roborovskii	57.8
Phyllostomus_discolor	69.0
Phyllostomus_hastatus	69.2
Physeter_macrocephalus	74.1
Piliocolobus_tephrosceles	75.1
Pimephales_promelas	34.3
Pipistrellus_kuhlii	66.2
Pleurodeles_waltl	50.2
Poecile_atricapillus	43.3
Pogoniulus_pusillus	40.6
Polyodon_spathula	39.2
Polypterus_senegalus	43.7
Pongo_abelii	96.1
Pongo_pygmaeus	96.0
Prionailurus_bengalensis	60.7
Prionailurus_viverrinus	77.8
Pristis_pectinata	41.6
Propithecus_coquereli	69.3
Psammomys_obesus	59.1
Pseudopodoces_humilis	37.7
Pseudorasbora_parva	30.2
Pseudorca_crassidens	73.8
Pterocles_gutturalis	40.1
Pteronotus_mesoamericanus	62.7
Pteropus_alecto	61.2
Pteropus_giganteus	75.6
Pteropus_vampyrus	75.6
Puma_yagouaroundi	53.4
Puntigrus_tetrazona	33.7
Pygocentrus_nattereri	34.7
Pygoscelis_adeliae	37.6
Rana_temporaria	45.3
Ranitomeya_imitator	41.4
Rattus_norvegicus	59.7
Rattus_rattus	59.7
Rhea_pennata	39.6
Rhinatrema_bivittatum	47.8
Rhincodon_typus	45.1
Rhinichthys_klamathensis_goyatoka	35.8
Rhinolophus_ferrumequinum	74.9
Rhinopithecus_bieti	77.7
Rhinopithecus_roxellana	77.5
Rissa_tridactyla	31.7
Rousettus_aegyptiacus	74.2
Saccopteryx_bilineata	77.4
Saccopteryx_leptura	78.4
Saimiri_boliviensis	73.0
Salmo_trutta	39.4
Sapajus_apella	74.8
Sciurus_carolinensis	68.4
Scleropages_formosus	41.5
Scophthalmus_maximus	46.8
Scyliorhinus_canicula	43.7
Sebastes_umbrosus	42.8
Semicossyphus_pulcher	39.8
Silurus_meridionalis	31.4
Sinocyclocheilus_anshuiensis	32.0
Sinocyclocheilus_grahami	32.8
Sorex_araneus	60.6
Sorex_fumeus	49.4
Spea_bombifrons	46.0
Stegostoma_tigrinum	43.2
Struthio_camelus	39.7
Sturnira_hondurensis	72.3
Suricata_suricatta	73.2
Sylvia_atricapilla	31.2
Tachyglossus_aculeatus	53.3
Tachysurus_fulvidraco	33.7
Tachysurus_vachellii	33.9
Talpa_occidentalis	62.6
Tauraco_erythrolophus	42.8
Terrapene_triunguis	40.3
Theropithecus_gelada	77.7
Trachemys_scripta_elegans	40.8
Trachypithecus_francoisi	77.4
Triplophysa_dalaica	32.6
Triplophysa_rosa	30.7
Tupaia_chinensis	74.7
Tursiops_truncatus	73.5
Tympanuchus_pallidicinctus	40.0
Tyto_alba	42.7
Ursus_americanus	76.4
Ursus_arctos	78.1
Ursus_maritimus	78.1
Vicugna_pacos	69.9
Vidua_chalybeata	40.3
Vidua_macroura	31.1
Vulpes_lagopus	73.3
Vulpes_vulpes	73.5
Xenopus_tropicalis	49.1
Xyrauchen_texanus	28.0
Zalophus_californianus	75.4
