BLASTN 2.9.0+


Reference: Stephen F. Altschul, Thomas L. Madden, Alejandro A.
Schaffer, Jinghui Zhang, Zheng Zhang, Webb Miller, and David J.
Lipman (1997), "Gapped BLAST and PSI-BLAST: a new generation of
protein database search programs", Nucleic Acids Res. 25:3389-3402.



Database: GCA_047404615.1_ASM4740461v1_genomic.fna
           971,245 sequences; 951,943,030 total letters



Query= Homo_sapiens_XM_054367619.1-IFTAP

Length=666


***** No hits found *****



Lambda      K        H
   0.634    0.408    0.912 

Gapped
Lambda      K        H
   0.625    0.410    0.780 

Effective search space used: 585364866225


  Database: GCA_047404615.1_ASM4740461v1_genomic.fna
    Posted date:  Apr 27, 2025  8:35 PM
  Number of letters in database: 951,943,030
  Number of sequences in database:  971,245



Matrix: blastn matrix 2 -3
Gap Penalties: Existence: 5, Extension: 2
