BLASTN 2.9.0+


Reference: Stephen F. Altschul, Thomas L. Madden, Alejandro A.
Schaffer, Jinghui Zhang, Zheng Zhang, Webb Miller, and David J.
Lipman (1997), "Gapped BLAST and PSI-BLAST: a new generation of
protein database search programs", Nucleic Acids Res. 25:3389-3402.



Database: GCF_000186305.1_Python_molurus_bivittatus-5.0.2_genomic.fna
           39,113 sequences; 1,435,052,152 total letters



Query= Homo_sapiens_XM_054366207.1-OLAH

Length=957
                                                                      Score        E
Sequences producing significant alignments:                          (Bits)     Value

NW_006533354.1 Python bivittatus unplaced genomic scaffold, Pytho...  51.8       3e-04



Query_1  785     GATCTGAAGACATAGCAAAGGACATGGAAGCCTGGAAAG  823
1340     197791  ............C.....G....C...............  197830
                                                \       
                                                |       
                                                A


Lambda      K        H
   0.634    0.408    0.912 

Gapped
Lambda      K        H
   0.625    0.410    0.780 

Effective search space used: 1326265495800


  Database: GCF_000186305.1_Python_molurus_bivittatus-5.0.2_genomic.fna
    Posted date:  Apr 27, 2025  4:05 AM
  Number of letters in database: 1,435,052,152
  Number of sequences in database:  39,113



Matrix: blastn matrix 2 -3
Gap Penalties: Existence: 5, Extension: 2
