BLASTN 2.9.0+


Reference: Stephen F. Altschul, Thomas L. Madden, Alejandro A.
Schaffer, Jinghui Zhang, Zheng Zhang, Webb Miller, and David J.
Lipman (1997), "Gapped BLAST and PSI-BLAST: a new generation of
protein database search programs", Nucleic Acids Res. 25:3389-3402.



Database: GCA_000516915.1_OphHan1.0_genomic.fna
           296,399 sequences; 1,594,074,654 total letters



Query= Homo_sapiens_XM_054326836.1-GPR82

Length=1011
                                                                      Score        E
Sequences producing significant alignments:                          (Bits)     Value

AZIM01002061.1 Ophiophagus hannah scaffold2062.1, whole genome sh...  51.8       4e-04



Query_1  846    GCAATTGAATTATTTAATAGAAACAAAAAACATTCTCA  883
2060     25906  .................A.....T......A...G...  25943


Lambda      K        H
   0.634    0.408    0.912 

Gapped
Lambda      K        H
   0.625    0.410    0.780 

Effective search space used: 1551313498394


  Database: GCA_000516915.1_OphHan1.0_genomic.fna
    Posted date:  Apr 27, 2025  4:11 AM
  Number of letters in database: 1,594,074,654
  Number of sequences in database:  296,399



Matrix: blastn matrix 2 -3
Gap Penalties: Existence: 5, Extension: 2
