BLASTN 2.9.0+


Reference: Stephen F. Altschul, Thomas L. Madden, Alejandro A.
Schaffer, Jinghui Zhang, Zheng Zhang, Webb Miller, and David J.
Lipman (1997), "Gapped BLAST and PSI-BLAST: a new generation of
protein database search programs", Nucleic Acids Res. 25:3389-3402.



Database: GCA_042478105.1_CIBIO_Ggalloti_1.0_genomic.fna
           7,036 sequences; 1,178,193,302 total letters



Query= Homo_sapiens_XM_054326836.1-GPR82

Length=1011
                                                                      Score        E
Sequences producing significant alignments:                          (Bits)     Value

JAZDSK010000005.1 Gallotia galloti isolate CIBIO_FBIO_DB28110 sca...  46.4       0.013



Query_1  531       AGAGGCTACAGAAGGAGAAGAGAGC  555
4        50677281  .........................  50677257


Lambda      K        H
   0.634    0.408    0.912 

Gapped
Lambda      K        H
   0.625    0.410    0.780 

Effective search space used: 1153230818850


  Database: GCA_042478105.1_CIBIO_Ggalloti_1.0_genomic.fna
    Posted date:  Apr 27, 2025  9:13 AM
  Number of letters in database: 1,178,193,302
  Number of sequences in database:  7,036



Matrix: blastn matrix 2 -3
Gap Penalties: Existence: 5, Extension: 2
