BLASTN 2.9.0+


Reference: Stephen F. Altschul, Thomas L. Madden, Alejandro A.
Schaffer, Jinghui Zhang, Zheng Zhang, Webb Miller, and David J.
Lipman (1997), "Gapped BLAST and PSI-BLAST: a new generation of
protein database search programs", Nucleic Acids Res. 25:3389-3402.



Database: GCA_026167975.1_rPhrBla1.0.hap2_genomic.fna
           52 sequences; 1,968,358,621 total letters



Query= Homo_sapiens_NM_207361.6-FREM2

Length=9510
                                                                      Score        E
Sequences producing significant alignments:                          (Bits)     Value

JANUYF010000001.1 Phrynosoma blainvillii voucher MVZ:Herp:300828 ...  51.8       0.005
JANUYF010000005.1 Phrynosoma blainvillii voucher MVZ:Herp:300828 ...  50.9       0.017



Query_1  70         CCGCCACCGCCGCCCCGgctgctgctgctgctgctgc  106
0        233328198  ................C.................     233328164
                                \                        
                                |                        
                                C
44       52932441     ............A.T.....C..............  52932475


Lambda      K        H
   0.634    0.408    0.912 

Gapped
Lambda      K        H
   0.625    0.410    0.780 

Effective search space used: 18650180689475


  Database: GCA_026167975.1_rPhrBla1.0.hap2_genomic.fna
    Posted date:  Apr 27, 2025  6:57 AM
  Number of letters in database: 1,968,358,621
  Number of sequences in database:  52



Matrix: blastn matrix 2 -3
Gap Penalties: Existence: 5, Extension: 2
