BLASTN 2.9.0+


Reference: Stephen F. Altschul, Thomas L. Madden, Alejandro A.
Schaffer, Jinghui Zhang, Zheng Zhang, Webb Miller, and David J.
Lipman (1997), "Gapped BLAST and PSI-BLAST: a new generation of
protein database search programs", Nucleic Acids Res. 25:3389-3402.



Database: GCA_022577455.1_rAriEle1.0.p_genomic.fna
           140 sequences; 1,842,551,953 total letters



Query= Homo_sapiens_XM_054366207.1-OLAH

Length=957


***** No hits found *****



Lambda      K        H
   0.634    0.408    0.912 

Gapped
Lambda      K        H
   0.625    0.410    0.780 

Effective search space used: 1704356412525


  Database: GCA_022577455.1_rAriEle1.0.p_genomic.fna
    Posted date:  Apr 27, 2025  5:17 AM
  Number of letters in database: 1,842,551,953
  Number of sequences in database:  140



Matrix: blastn matrix 2 -3
Gap Penalties: Existence: 5, Extension: 2
