BLASTN 2.9.0+


Reference: Stephen F. Altschul, Thomas L. Madden, Alejandro A.
Schaffer, Jinghui Zhang, Zheng Zhang, Webb Miller, and David J.
Lipman (1997), "Gapped BLAST and PSI-BLAST: a new generation of
protein database search programs", Nucleic Acids Res. 25:3389-3402.



Database: GCA_024509115.1_rCroOre1.0.p_genomic.fna
           698 sequences; 1,564,795,203 total letters



Query= Homo_sapiens_XM_054339503.1-SH2D2A

Length=1218


***** No hits found *****



Lambda      K        H
   0.634    0.408    0.912 

Gapped
Lambda      K        H
   0.625    0.410    0.780 

Effective search space used: 1854255020265


  Database: GCA_024509115.1_rCroOre1.0.p_genomic.fna
    Posted date:  Apr 27, 2025  7:09 AM
  Number of letters in database: 1,564,795,203
  Number of sequences in database:  698



Matrix: blastn matrix 2 -3
Gap Penalties: Existence: 5, Extension: 2
