BLASTN 2.9.0+


Reference: Stephen F. Altschul, Thomas L. Madden, Alejandro A.
Schaffer, Jinghui Zhang, Zheng Zhang, Webb Miller, and David J.
Lipman (1997), "Gapped BLAST and PSI-BLAST: a new generation of
protein database search programs", Nucleic Acids Res. 25:3389-3402.



Database: GCA_024509115.1_rCroOre1.0.p_genomic.fna
           698 sequences; 1,564,795,203 total letters



Query= Homo_sapiens_NM_006762.3-LAPTM5

Length=789
                                                                      Score        E
Sequences producing significant alignments:                          (Bits)     Value

JAKSXO010000006.1 Crotalus helleri isolate HBS135844 SCAF_6, whol...  44.6       0.045



Query_1  566       TCATCTTTTCCATCGCCTTCATCACTGTCCTTATCTTC  603
5        20975165  ..C...........TT.............--.......  20975200


Lambda      K        H
   0.634    0.408    0.912 

Gapped
Lambda      K        H
   0.625    0.410    0.780 

Effective search space used: 1184533060319


  Database: GCA_024509115.1_rCroOre1.0.p_genomic.fna
    Posted date:  Apr 27, 2025  7:09 AM
  Number of letters in database: 1,564,795,203
  Number of sequences in database:  698



Matrix: blastn matrix 2 -3
Gap Penalties: Existence: 5, Extension: 2
