BLASTN 2.9.0+


Reference: Stephen F. Altschul, Thomas L. Madden, Alejandro A.
Schaffer, Jinghui Zhang, Zheng Zhang, Webb Miller, and David J.
Lipman (1997), "Gapped BLAST and PSI-BLAST: a new generation of
protein database search programs", Nucleic Acids Res. 25:3389-3402.



Database: GCA_043656425.1_ASM4365642v1_genomic.fna
           512,288 sequences; 1,660,173,986 total letters



Query= Homo_sapiens_XM_054365033.1-ZNF438

Length=2520
                                                                      Score        E
Sequences producing significant alignments:                          (Bits)     Value

JBIEOM010093136.1 Varanus albigularis isolate UPRMGRS_1062_TJC_58...  46.4       0.045



Query_1  1070  TACCTGTTCCACAAGTGTCACAGCAGAGTG  1099
93135    106   ....A....G....................  77


Lambda      K        H
   0.634    0.408    0.912 

Gapped
Lambda      K        H
   0.625    0.410    0.780 

Effective search space used: 4083891898284


  Database: GCA_043656425.1_ASM4365642v1_genomic.fna
    Posted date:  Apr 27, 2025  10:44 AM
  Number of letters in database: 1,660,173,986
  Number of sequences in database:  512,288



Matrix: blastn matrix 2 -3
Gap Penalties: Existence: 5, Extension: 2
