BLASTN 2.9.0+


Reference: Stephen F. Altschul, Thomas L. Madden, Alejandro A.
Schaffer, Jinghui Zhang, Zheng Zhang, Webb Miller, and David J.
Lipman (1997), "Gapped BLAST and PSI-BLAST: a new generation of
protein database search programs", Nucleic Acids Res. 25:3389-3402.



Database: GCA_044473165.1_ASM4447316v1_genomic.fna
           125,643 sequences; 1,205,588,941 total letters



Query= Homo_sapiens_NM_018962.3-RIPPLY3

Length=573


***** No hits found *****



Lambda      K        H
   0.634    0.408    0.912 

Gapped
Lambda      K        H
   0.625    0.410    0.780 

Effective search space used: 651318152336


  Database: GCA_044473165.1_ASM4447316v1_genomic.fna
    Posted date:  Apr 27, 2025  9:35 AM
  Number of letters in database: 1,205,588,941
  Number of sequences in database:  125,643



Matrix: blastn matrix 2 -3
Gap Penalties: Existence: 5, Extension: 2
