BLASTN 2.9.0+


Reference: Stephen F. Altschul, Thomas L. Madden, Alejandro A.
Schaffer, Jinghui Zhang, Zheng Zhang, Webb Miller, and David J.
Lipman (1997), "Gapped BLAST and PSI-BLAST: a new generation of
protein database search programs", Nucleic Acids Res. 25:3389-3402.



Database: GCA_037367245.1_CIB_Pgui_1.0_genomic.fna
           50 sequences; 1,813,735,221 total letters



Query= Homo_sapiens_XM_054339503.1-SH2D2A

Length=1218
                                                                      Score        E
Sequences producing significant alignments:                          (Bits)     Value

CM074750.1 Phrynocephalus guinanensis isolate GN01 chromosome 19,...  50.0       0.002



Query_1  735       GCAGAAAGAGGGGGCCGGGGAGAAGGAGCCCTCCCAG  771
18       14955074  ..........C.................G.GG.....  14955038


Lambda      K        H
   0.634    0.408    0.912 

Gapped
Lambda      K        H
   0.625    0.410    0.780 

Effective search space used: 2149274281635


  Database: GCA_037367245.1_CIB_Pgui_1.0_genomic.fna
    Posted date:  Apr 27, 2025  2:08 AM
  Number of letters in database: 1,813,735,221
  Number of sequences in database:  50



Matrix: blastn matrix 2 -3
Gap Penalties: Existence: 5, Extension: 2
