Accipiter_gentilis
Acinonyx_jubatus
Acomys_russatus
Agelaius_tricolor
Alligator_mississippiensis
Amblyraja_radiata
Ambystoma_mexicanum
Amia_calva
Anas_acuta
Anas_platyrhynchos
Anolis_carolinensis
Anolis_sagrei
Anser_cygnoides
Aotus_nancymaae
Aphelocoma_coerulescens
Apodemus_sylvaticus
Apteryx_mantelli
Aquila_chrysaetos_chrysaetos
Artibeus_jamaicensis
Arvicanthis_niloticus
Arvicola_amphibius
Aythya_fuligula
Balaenoptera_acutorostrata
Balaenoptera_musculus
Balaenoptera_ricei
Bombina_bombina
Bos_javanicus
Bos_mutus
Bubalus_bubalis
Bubalus_kerabau
Budorcas_taxicolor
Bufo_bufo
Bufo_gargarizans
Callithrix_jacchus
Caloenas_nicobarica
Calypte_anna
Camarhynchus_parvulus
Camelus_ferus
Candoia_aspera
Canis_lupus_dingo
Capra_hircus
Caretta_caretta
Cavia_porcellus
Cervus_elaphus
Chamaea_fasciata
Chelonia_mydas
Chionomys_nivalis
Chlorocebus_sabaeus
Choloepus_didactylus
Chroicocephalus_ridibundus
Chrysemys_picta_bellii
Colius_striatus
Columba_livia
Corvus_cornix_cornix
Corvus_hawaiiensis
Corvus_moneduloides
Coturnix_japonica
Crotalus_tigris
Cygnus_atratus
Cygnus_olor
Cynocephalus_volans
Cyrtonyx_montezumae
Dama_dama
Delphinapterus_leucas
Dendropsophus_ebraccatus
Dermochelys_coriacea
Desmodus_rotundus
Diceros_bicornis_minor
Dipodomys_merriami
Dipodomys_spectabilis
Dromaius_novaehollandiae
Dromiciops_gliroides
Elephas_maximus_indicus
Eleutherodactylus_coqui
Elgaria_multicarinata_webbii
Emys_orbicularis
Eptesicus_fuscus
Equus_asinus
Equus_caballus
Equus_przewalskii
Erinaceus_europaeus
Erythrolamprus_reginae
Eschrichtius_robustus
Eubalaena_glacialis
Eublepharis_macularius
Eulemur_rufifrons
Euleptes_europaea
Falco_rusticolus
Felis_catus
Gallus_gallus
Gavia_stellata
Geotrypetes_seraphini
Globicephala_melas
Gopherus_evgoodei
Gopherus_flavomarginatus
Gorilla_gorilla_gorilla
Grus_americana
Gymnogyps_californianus
Halichoerus_grypus
Harpia_harpyja
Heliangelus_exortis
Hemicordylus_capensis
Hemiscyllium_ocellatum
Heteronotia_binoei
Hippopotamus_amphibius_kiboko
Hirundo_rustica
Hylobates_moloch
Hypanus_sabinus
Jaculus_jaculus
Lacerta_agilis
Lagenorhynchus_albirostris
Lagopus_muta
Lemur_catta
Leopardus_geoffroyi
Lepus_europaeus
Leucoraja_erinaceus
Loxodonta_africana
Lutra_lutra
Lynx_canadensis
Lynx_rufus
Macaca_fascicularis
Macaca_mulatta
Macaca_nemestrina
Macaca_thibetana_thibetana
Malaclemys_terrapin_pileata
Manis_pentadactyla
Marmota_flaviventris
Marmota_monax
Mauremys_reevesii
Meles_meles
Melopsittacus_undulatus
Meriones_unguiculatus
Mesocricetus_auratus
Mesoplodon_densirostris
Microcebus_murinus
Microtus_oregoni
Mirounga_angustirostris
Mobula_hypostoma
Molossus_molossus
Molothrus_aeneus
Molothrus_ater
Monodon_monoceros
Moschus_berezovskii
Mus_musculus
Mustela_erminea
Mustela_lutreola
Mustela_putorius_furo
Myotis_myotis
Myotis_yumanensis
Narcine_bancroftii
Neofelis_nebulosa
Neogale_vison
Nyctereutes_procyonoides
Nycticebus_coucang
Ochotona_curzoniae
Ochotona_princeps
Oenanthe_melanoleuca
Orcinus_orca
Ornithorhynchus_anatinus
Oryctolagus_cuniculus
Ovis_aries
Ovis_canadensis
Pan_paniscus
Panthera_leo
Panthera_pardus
Panthera_tigris
Pantherophis_guttatus
Pan_troglodytes
Patagioenas_fasciata
Pelobates_fuscus
Perognathus_longimembris_pacificus
Peromyscus_californicus_insignis
Peromyscus_leucopus
Phacochoerus_africanus
Phaenicophaeus_curvirostris
Phalacrocorax_carbo
Phascolarctos_cinereus
Phocoena_phocoena
Phocoena_sinus
Phodopus_roborovskii
Phyllostomus_discolor
Phyllostomus_hastatus
Pipistrellus_kuhlii
Pipra_filicauda
Pithys_albifrons_albifrons
Pituophis_catenifer_annectens
Pleurodeles_waltl
Podarcis_raffonei
Pongo_abelii
Pongo_pygmaeus
Prinia_subflava
Prionailurus_bengalensis
Prionailurus_viverrinus
Pristis_pectinata
Pseudophryne_corroboree
Pseudopipra_pipra
Pseudorca_crassidens
Pteronotus_mesoamericanus
Rana_temporaria
Ranitomeya_imitator
Rattus_norvegicus
Rattus_rattus
Rhea_pennata
Rhineura_floridana
Rhinolophus_ferrumequinum
Rhinopithecus_roxellana
Rissa_tridactyla
Rousettus_aegyptiacus
Saccopteryx_bilineata
Saccopteryx_leptura
Sagmatias_obliquidens
Saimiri_boliviensis
Sarcophilus_harrisii
Sciurus_carolinensis
Scyliorhinus_canicula
Sorex_araneus
Sorex_fumeus
Spea_bombifrons
Sphaerodactylus_townsendi
Stegostoma_tigrinum
Struthio_camelus
Suncus_etruscus
Sus_scrofa
Symphalangus_syndactylus
Tachyglossus_aculeatus
Talpa_occidentalis
Thamnophis_elegans
Trachypithecus_francoisi
Trichosurus_vulpecula
Tursiops_truncatus
Tympanuchus_pallidicinctus
Tyto_alba
Ursus_americanus
Ursus_arctos
Vulpes_lagopus
Xenopus_tropicalis
Zalophus_californianus
Zootoca_vivipara
