BLASTN 2.9.0+


Reference: Stephen F. Altschul, Thomas L. Madden, Alejandro A.
Schaffer, Jinghui Zhang, Zheng Zhang, Webb Miller, and David J.
Lipman (1997), "Gapped BLAST and PSI-BLAST: a new generation of
protein database search programs", Nucleic Acids Res. 25:3389-3402.



Database: GCA_951804945.1_rPodCre2.1_genomic.fna
           51 sequences; 1,507,627,055 total letters



Query= Homo_sapiens_NM_015274.3-MAN2B2

Length=3030
                                                                      Score        E
Sequences producing significant alignments:                          (Bits)     Value

OX638162.1 Podarcis cretensis genome assembly, chromosome: 14         46.4       0.050



Query_1  1250      TCCAGCACCATGATGCCATCACTGGGACTG  1279
13       29864536  ..........C..............C....  29864507


Lambda      K        H
   0.634    0.408    0.912 

Gapped
Lambda      K        H
   0.625    0.410    0.780 

Effective search space used: 4516845461716


  Database: GCA_951804945.1_rPodCre2.1_genomic.fna
    Posted date:  Apr 27, 2025  1:13 AM
  Number of letters in database: 1,507,627,055
  Number of sequences in database:  51



Matrix: blastn matrix 2 -3
Gap Penalties: Existence: 5, Extension: 2
