BLASTN 2.9.0+


Reference: Stephen F. Altschul, Thomas L. Madden, Alejandro A.
Schaffer, Jinghui Zhang, Zheng Zhang, Webb Miller, and David J.
Lipman (1997), "Gapped BLAST and PSI-BLAST: a new generation of
protein database search programs", Nucleic Acids Res. 25:3389-3402.



Database: GCA_029204185.1_lerEdw1.0_genomic.fna
           40,606 sequences; 1,740,840,159 total letters



Query= Homo_sapiens_XM_054339503.1-SH2D2A

Length=1218
                                                                      Score        E
Sequences producing significant alignments:                          (Bits)     Value

JAJKFI010011386.1 Lerista edwardsae isolate Ler83 scaffold_93708,...  50.0       0.002



Query_1  355      AGGGAGGCAGAGAGGCTGCTGGAGCCCAAGCCTCAGGGG  393
11385    1297298  ............-.C....A................T..  1297335


Lambda      K        H
   0.634    0.408    0.912 

Gapped
Lambda      K        H
   0.625    0.410    0.780 

Effective search space used: 2061307690785


  Database: GCA_029204185.1_lerEdw1.0_genomic.fna
    Posted date:  Apr 27, 2025  9:32 AM
  Number of letters in database: 1,740,840,159
  Number of sequences in database:  40,606



Matrix: blastn matrix 2 -3
Gap Penalties: Existence: 5, Extension: 2
