BLASTN 2.9.0+


Reference: Stephen F. Altschul, Thomas L. Madden, Alejandro A.
Schaffer, Jinghui Zhang, Zheng Zhang, Webb Miller, and David J.
Lipman (1997), "Gapped BLAST and PSI-BLAST: a new generation of
protein database search programs", Nucleic Acids Res. 25:3389-3402.



Database: GCA_003118565.2_Ppicta_v2.0_genomic.fna
           4,871 sequences; 1,562,175,643 total letters



Query= Homo_sapiens_XM_054346013.1-UTS2B

Length=399
                                                                      Score        E
Sequences producing significant alignments:                          (Bits)     Value

BDOT02000011.1 Paroedura picta DNA, hic_parpi00000011, whole geno...  44.6       0.022



Query_1  100       CAAGGAAATGAAATATTTCCAGATAAAAAATATA  133
10       22816310  ...............A..T...G...C.......  22816343


Lambda      K        H
   0.634    0.408    0.912 

Gapped
Lambda      K        H
   0.625    0.410    0.780 

Effective search space used: 574825068256


  Database: GCA_003118565.2_Ppicta_v2.0_genomic.fna
    Posted date:  Apr 27, 2025  3:58 AM
  Number of letters in database: 1,562,175,643
  Number of sequences in database:  4,871



Matrix: blastn matrix 2 -3
Gap Penalties: Existence: 5, Extension: 2
