BLASTN 2.9.0+


Reference: Stephen F. Altschul, Thomas L. Madden, Alejandro A.
Schaffer, Jinghui Zhang, Zheng Zhang, Webb Miller, and David J.
Lipman (1997), "Gapped BLAST and PSI-BLAST: a new generation of
protein database search programs", Nucleic Acids Res. 25:3389-3402.



Database: GCA_043090385.1_ASM4309038v1_genomic.fna
           575,538 sequences; 1,677,815,126 total letters



Query= Homo_sapiens_NM_018402.2-IL26

Length=516
                                                                      Score        E
Sequences producing significant alignments:                          (Bits)     Value

JBHLFA010051501.1 Acanthocercus minutus isolate UPRMGRS_982_TJC_5...  44.6       0.031



Query_1  390   GATGAAATCCATTACCAGGATGAAAAGAA  418
51500    2271  ............A...........T....  2243


Lambda      K        H
   0.634    0.408    0.912 

Gapped
Lambda      K        H
   0.625    0.410    0.780 

Effective search space used: 805087122280


  Database: GCA_043090385.1_ASM4309038v1_genomic.fna
    Posted date:  Apr 27, 2025  11:07 AM
  Number of letters in database: 1,677,815,126
  Number of sequences in database:  575,538



Matrix: blastn matrix 2 -3
Gap Penalties: Existence: 5, Extension: 2
