BLASTN 2.9.0+


Reference: Stephen F. Altschul, Thomas L. Madden, Alejandro A.
Schaffer, Jinghui Zhang, Zheng Zhang, Webb Miller, and David J.
Lipman (1997), "Gapped BLAST and PSI-BLAST: a new generation of
protein database search programs", Nucleic Acids Res. 25:3389-3402.



Database: GCA_046269685.1_ASM4626968v1_genomic.fna
           323,334 sequences; 1,635,261,204 total letters



Query= Homo_sapiens_NM_006762.3-LAPTM5

Length=789
                                                                      Score        E
Sequences producing significant alignments:                          (Bits)     Value

JBJJOB010242733.1 Acanthocercus guentherpetersi isolate UPRMGRS_1...  45.5       0.047



Query_1  568    ATCTTTTCCATCGCCTTCATCACTGTCCTTAT  599
242732   11105  ........TT..T...................  11136


Lambda      K        H
   0.634    0.408    0.912 

Gapped
Lambda      K        H
   0.625    0.410    0.780 

Effective search space used: 1230060288612


  Database: GCA_046269685.1_ASM4626968v1_genomic.fna
    Posted date:  Apr 27, 2025  10:26 AM
  Number of letters in database: 1,635,261,204
  Number of sequences in database:  323,334



Matrix: blastn matrix 2 -3
Gap Penalties: Existence: 5, Extension: 2
