BLASTN 2.9.0+


Reference: Stephen F. Altschul, Thomas L. Madden, Alejandro A.
Schaffer, Jinghui Zhang, Zheng Zhang, Webb Miller, and David J.
Lipman (1997), "Gapped BLAST and PSI-BLAST: a new generation of
protein database search programs", Nucleic Acids Res. 25:3389-3402.



Database: GCA_043090695.1_ASM4309069v1_genomic.fna
           813,985 sequences; 1,472,702,756 total letters



Query= Homo_sapiens_NM_012108.4-STAP1

Length=888
                                                                      Score        E
Sequences producing significant alignments:                          (Bits)     Value

JBHLFB010401350.1 Bothrops asper isolate UPRMGRS_1417_TJC_791 401...  45.5       0.048



Query_1  426  AGAGAGAGAAAAGAAAAGGAGGATTGAGACAGAGCAGAG  464
401349   107  ................TA.....AA.........-....  70


Lambda      K        H
   0.634    0.408    0.912 

Gapped
Lambda      K        H
   0.625    0.410    0.780 

Effective search space used: 1238336882016


  Database: GCA_043090695.1_ASM4309069v1_genomic.fna
    Posted date:  Apr 27, 2025  2:35 PM
  Number of letters in database: 1,472,702,756
  Number of sequences in database:  813,985



Matrix: blastn matrix 2 -3
Gap Penalties: Existence: 5, Extension: 2
