BLASTN 2.9.0+


Reference: Stephen F. Altschul, Thomas L. Madden, Alejandro A.
Schaffer, Jinghui Zhang, Zheng Zhang, Webb Miller, and David J.
Lipman (1997), "Gapped BLAST and PSI-BLAST: a new generation of
protein database search programs", Nucleic Acids Res. 25:3389-3402.



Database: GCA_046270985.1_ASM4627098v1_genomic.fna
           531,175 sequences; 1,360,322,881 total letters



Query= Homo_sapiens_XM_054347355.1-PLAAT1

Length=717
                                                                      Score        E
Sequences producing significant alignments:                          (Bits)     Value

JBJPHK010019797.1 Dendrelaphis caudolineolatus isolate RS-W 19797...  44.6       0.035



Query_1  650   CAGCTGCTGTTGGTGTCTTCTCATTCCTGG  679
19796    2236  ............C.................  2266
                     \                       
                     |                       
                     T


Lambda      K        H
   0.634    0.408    0.912 

Gapped
Lambda      K        H
   0.625    0.410    0.780 

Effective search space used: 920177817485


  Database: GCA_046270985.1_ASM4627098v1_genomic.fna
    Posted date:  Apr 27, 2025  3:17 PM
  Number of letters in database: 1,360,322,881
  Number of sequences in database:  531,175



Matrix: blastn matrix 2 -3
Gap Penalties: Existence: 5, Extension: 2
