BLASTN 2.9.0+


Reference: Stephen F. Altschul, Thomas L. Madden, Alejandro A.
Schaffer, Jinghui Zhang, Zheng Zhang, Webb Miller, and David J.
Lipman (1997), "Gapped BLAST and PSI-BLAST: a new generation of
protein database search programs", Nucleic Acids Res. 25:3389-3402.



Database: GCA_020711275.1_ASM2071127v1_genomic.fna
           1,818,006 sequences; 1,334,025,125 total letters



Query= Homo_sapiens_XM_054327033.1-IL13RA2

Length=1143
                                                                      Score        E
Sequences producing significant alignments:                          (Bits)     Value

JAIOUR011519396.1 Calotes versicolor isolate BHU-M1 flattened_lin...  46.4       0.016



Query_1  862   GTTGAAAATGAAACATACACCTTGAAAACAACAAATGAA  900
1519395  1097  .............A.--..T...........A.......  1133


Lambda      K        H
   0.634    0.408    0.912 

Gapped
Lambda      K        H
   0.625    0.410    0.780 

Effective search space used: 1417468164563


  Database: GCA_020711275.1_ASM2071127v1_genomic.fna
    Posted date:  Apr 27, 2025  8:22 AM
  Number of letters in database: 1,334,025,125
  Number of sequences in database:  1,818,006



Matrix: blastn matrix 2 -3
Gap Penalties: Existence: 5, Extension: 2
