BLASTN 2.9.0+


Reference: Stephen F. Altschul, Thomas L. Madden, Alejandro A.
Schaffer, Jinghui Zhang, Zheng Zhang, Webb Miller, and David J.
Lipman (1997), "Gapped BLAST and PSI-BLAST: a new generation of
protein database search programs", Nucleic Acids Res. 25:3389-3402.



Database: GCA_032468175.1_ASM3246817v1_genomic.fna
           313,041 sequences; 1,296,406,934 total letters



Query= Homo_sapiens_XM_054365033.1-ZNF438

Length=2520
                                                                      Score        E
Sequences producing significant alignments:                          (Bits)     Value

JANHFN010085667.1 Toxicocalamus goodenoughensis voucher LSUMZ:980...  47.3       0.035



Query_1  1173  AAAGAGAAAAGGAAGAAAACGGAAGGTACCAGATGAAA  1210
85666    1282  ...................A......A.GG...A....  1245


Lambda      K        H
   0.634    0.408    0.912 

Gapped
Lambda      K        H
   0.625    0.410    0.780 

Effective search space used: 3198472456947


  Database: GCA_032468175.1_ASM3246817v1_genomic.fna
    Posted date:  Apr 27, 2025  4:01 AM
  Number of letters in database: 1,296,406,934
  Number of sequences in database:  313,041



Matrix: blastn matrix 2 -3
Gap Penalties: Existence: 5, Extension: 2
