BLASTN 2.9.0+


Reference: Stephen F. Altschul, Thomas L. Madden, Alejandro A.
Schaffer, Jinghui Zhang, Zheng Zhang, Webb Miller, and David J.
Lipman (1997), "Gapped BLAST and PSI-BLAST: a new generation of
protein database search programs", Nucleic Acids Res. 25:3389-3402.



Database: GCA_047032895.1_ASM4703289v1_genomic.fna
           115,909 sequences; 1,394,536,071 total letters



Query= Homo_sapiens_NM_006762.3-LAPTM5

Length=789
                                                                      Score        E
Sequences producing significant alignments:                          (Bits)     Value

JBKKFD010000028.1 Morelia carinata isolate 6D85LG77VE 28, whole g...  44.6       0.040



Query_1  566       TCATCTTTTCCATCGCCTTCATCACTGTCCTTATCTTC  603
27       38291917  ..C...........TT.............--.......  38291952


Lambda      K        H
   0.634    0.408    0.912 

Gapped
Lambda      K        H
   0.625    0.410    0.780 

Effective search space used: 1052856026131


  Database: GCA_047032895.1_ASM4703289v1_genomic.fna
    Posted date:  Apr 27, 2025  9:38 AM
  Number of letters in database: 1,394,536,071
  Number of sequences in database:  115,909



Matrix: blastn matrix 2 -3
Gap Penalties: Existence: 5, Extension: 2
