BLASTN 2.9.0+


Reference: Stephen F. Altschul, Thomas L. Madden, Alejandro A.
Schaffer, Jinghui Zhang, Zheng Zhang, Webb Miller, and David J.
Lipman (1997), "Gapped BLAST and PSI-BLAST: a new generation of
protein database search programs", Nucleic Acids Res. 25:3389-3402.



Database: GCA_047404595.1_ASM4740459v1_genomic.fna
           1,003,289 sequences; 1,061,994,145 total letters



Query= Homo_sapiens_NM_006762.3-LAPTM5

Length=789
                                                                      Score        E
Sequences producing significant alignments:                          (Bits)     Value

JBKOPV010501671.1 Dendrelaphis tristis isolate RAP0526 501671, wh...  44.6       0.030
JBKOPV010000017.1 Dendrelaphis tristis isolate RAP0526 17, whole ...  44.6       0.030



Query_1  566      TCATCTTTTCCATCGCCTTCATCACTGTCCTTATCTTC  603
501670   5547718  ..C...........TT.............--.......  5547683
16       5547719  ..C...........TT.............--.......  5547684


Lambda      K        H
   0.634    0.408    0.912 

Gapped
Lambda      K        H
   0.625    0.410    0.780 

Effective search space used: 781416276988


  Database: GCA_047404595.1_ASM4740459v1_genomic.fna
    Posted date:  Apr 27, 2025  8:31 PM
  Number of letters in database: 1,061,994,145
  Number of sequences in database:  1,003,289



Matrix: blastn matrix 2 -3
Gap Penalties: Existence: 5, Extension: 2
