BLASTN 2.9.0+


Reference: Stephen F. Altschul, Thomas L. Madden, Alejandro A.
Schaffer, Jinghui Zhang, Zheng Zhang, Webb Miller, and David J.
Lipman (1997), "Gapped BLAST and PSI-BLAST: a new generation of
protein database search programs", Nucleic Acids Res. 25:3389-3402.



Database: GCF_029531705.1_CU_Pguttatus_1_genomic.fna
           466 sequences; 1,708,105,946 total letters



Query= Homo_sapiens_NM_006762.3-LAPTM5

Length=789
                                                                      Score        E
Sequences producing significant alignments:                          (Bits)     Value

NW_026844092.1 Pantherophis guttatus isolate 1 unplaced genomic s...  44.6       0.050



Query_1  566       TCATCTTTTCCATCGCCTTCATCACTGTCCTTATCTTC  603
348      28079559  ..C...........TT.............--.......  28079524


Lambda      K        H
   0.634    0.408    0.912 

Gapped
Lambda      K        H
   0.625    0.410    0.780 

Effective search space used: 1293024912738


  Database: GCF_029531705.1_CU_Pguttatus_1_genomic.fna
    Posted date:  Apr 27, 2025  4:14 AM
  Number of letters in database: 1,708,105,946
  Number of sequences in database:  466



Matrix: blastn matrix 2 -3
Gap Penalties: Existence: 5, Extension: 2
