BLASTN 2.9.0+


Reference: Stephen F. Altschul, Thomas L. Madden, Alejandro A.
Schaffer, Jinghui Zhang, Zheng Zhang, Webb Miller, and David J.
Lipman (1997), "Gapped BLAST and PSI-BLAST: a new generation of
protein database search programs", Nucleic Acids Res. 25:3389-3402.



Database: GCA_043090765.1_ASM4309076v1_genomic.fna
           551,060 sequences; 1,671,624,657 total letters



Query= Homo_sapiens_NM_006762.3-LAPTM5

Length=789
                                                                      Score        E
Sequences producing significant alignments:                          (Bits)     Value

JBHLFD010080302.1 Xenagama zonura isolate UPRMGRS_1718_TJC_1334 8...  45.5       0.048



Query_1  568   ATCTTTTCCATCGCCTTCATCACTGTCCTTAT  599
80301    3502  ........TT..T...................  3533


Lambda      K        H
   0.634    0.408    0.912 

Gapped
Lambda      K        H
   0.625    0.410    0.780 

Effective search space used: 1252070987909


  Database: GCA_043090765.1_ASM4309076v1_genomic.fna
    Posted date:  Apr 27, 2025  10:48 AM
  Number of letters in database: 1,671,624,657
  Number of sequences in database:  551,060



Matrix: blastn matrix 2 -3
Gap Penalties: Existence: 5, Extension: 2
