BLASTN 2.9.0+


Reference: Stephen F. Altschul, Thomas L. Madden, Alejandro A.
Schaffer, Jinghui Zhang, Zheng Zhang, Webb Miller, and David J.
Lipman (1997), "Gapped BLAST and PSI-BLAST: a new generation of
protein database search programs", Nucleic Acids Res. 25:3389-3402.



Database: GCA_023846285.1_PhrVer_genomic.fna
           4,557 sequences; 1,603,387,288 total letters



Query= Homo_sapiens_NM_006762.3-LAPTM5

Length=789
                                                                      Score        E
Sequences producing significant alignments:                          (Bits)     Value

JAHTLZ010000016.1 Phrynocephalus versicolor isolate EJN2017011 ch...  44.6       0.047



Query_1  206       TCATCACCATGCTCTTCATCATCA  229
31       20181681  ........................  20181658


Lambda      K        H
   0.634    0.408    0.912 

Gapped
Lambda      K        H
   0.625    0.410    0.780 

Effective search space used: 1213653788248


  Database: GCA_023846285.1_PhrVer_genomic.fna
    Posted date:  Apr 27, 2025  6:26 AM
  Number of letters in database: 1,603,387,288
  Number of sequences in database:  4,557



Matrix: blastn matrix 2 -3
Gap Penalties: Existence: 5, Extension: 2
