BLASTN 2.9.0+


Reference: Stephen F. Altschul, Thomas L. Madden, Alejandro A.
Schaffer, Jinghui Zhang, Zheng Zhang, Webb Miller, and David J.
Lipman (1997), "Gapped BLAST and PSI-BLAST: a new generation of
protein database search programs", Nucleic Acids Res. 25:3389-3402.



Database: GCA_003586115.2_HLtupMer6_genomic.fna
           4,512 sequences; 2,068,170,046 total letters



Query= Homo_sapiens_NM_006762.3-LAPTM5

Length=789


***** No hits found *****



Lambda      K        H
   0.634    0.408    0.912 

Gapped
Lambda      K        H
   0.625    0.410    0.780 

Effective search space used: 1565495426134


  Database: GCA_003586115.2_HLtupMer6_genomic.fna
    Posted date:  Apr 27, 2025  7:15 AM
  Number of letters in database: 2,068,170,046
  Number of sequences in database:  4,512



Matrix: blastn matrix 2 -3
Gap Penalties: Existence: 5, Extension: 2
