BLASTN 2.9.0+


Reference: Stephen F. Altschul, Thomas L. Madden, Alejandro A.
Schaffer, Jinghui Zhang, Zheng Zhang, Webb Miller, and David J.
Lipman (1997), "Gapped BLAST and PSI-BLAST: a new generation of
protein database search programs", Nucleic Acids Res. 25:3389-3402.



Database: GCA_032468215.1_ASM3246821v1_genomic.fna
           642,501 sequences; 1,532,827,728 total letters



Query= Homo_sapiens_NM_006762.3-LAPTM5

Length=789
                                                                      Score        E
Sequences producing significant alignments:                          (Bits)     Value

JANHZT010001917.1 Stegonotus admiraltiensis voucher LSUMZ:93597 1...  44.6       0.044



Query_1  566     TCATCTTTTCCATCGCCTTCATCACTGTCCTTATCTTC  603
1916     336667  ..C...........TT.............--.......  336632


Lambda      K        H
   0.634    0.408    0.912 

Gapped
Lambda      K        H
   0.625    0.410    0.780 

Effective search space used: 1144786645872


  Database: GCA_032468215.1_ASM3246821v1_genomic.fna
    Posted date:  Apr 27, 2025  4:14 PM
  Number of letters in database: 1,532,827,728
  Number of sequences in database:  642,501



Matrix: blastn matrix 2 -3
Gap Penalties: Existence: 5, Extension: 2
