BLASTN 2.9.0+


Reference: Stephen F. Altschul, Thomas L. Madden, Alejandro A.
Schaffer, Jinghui Zhang, Zheng Zhang, Webb Miller, and David J.
Lipman (1997), "Gapped BLAST and PSI-BLAST: a new generation of
protein database search programs", Nucleic Acids Res. 25:3389-3402.



Database: GCA_027560375.1_ASM2756037v1_genomic.fna
           605,251 sequences; 1,385,158,126 total letters



Query= Homo_sapiens_NM_006762.3-LAPTM5

Length=789
                                                                      Score        E
Sequences producing significant alignments:                          (Bits)     Value

JANHGD010001862.1 Imantodes cenchoa voucher FMNH:282648 1862, who...  44.6       0.040



Query_1  566     TCATCTTTTCCATCGCCTTCATCACTGTCCTTATCTTC  603
1861     316694  ..C...........CT.............--.......  316659


Lambda      K        H
   0.634    0.408    0.912 

Gapped
Lambda      K        H
   0.625    0.410    0.780 

Effective search space used: 1033903101158


  Database: GCA_027560375.1_ASM2756037v1_genomic.fna
    Posted date:  Apr 27, 2025  8:10 AM
  Number of letters in database: 1,385,158,126
  Number of sequences in database:  605,251



Matrix: blastn matrix 2 -3
Gap Penalties: Existence: 5, Extension: 2
