BLASTN 2.9.0+


Reference: Stephen F. Altschul, Thomas L. Madden, Alejandro A.
Schaffer, Jinghui Zhang, Zheng Zhang, Webb Miller, and David J.
Lipman (1997), "Gapped BLAST and PSI-BLAST: a new generation of
protein database search programs", Nucleic Acids Res. 25:3389-3402.



Database: GCA_032468035.1_ASM3246803v1_genomic.fna
           577,532 sequences; 1,290,508,616 total letters



Query= Homo_sapiens_NM_006762.3-LAPTM5

Length=789
                                                                      Score        E
Sequences producing significant alignments:                          (Bits)     Value

JANHFQ010001786.1 Aparallactus werneri voucher FMNH:251842 1786, ...  44.6       0.037



Query_1  566     TCATCTTTTCCATCGCCTTCATCACTGTCCTTATCTTC  603
1785     294549  ..C...........TT.............--.......  294514


Lambda      K        H
   0.634    0.408    0.912 

Gapped
Lambda      K        H
   0.625    0.410    0.780 

Effective search space used: 962924887144


  Database: GCA_032468035.1_ASM3246803v1_genomic.fna
    Posted date:  Apr 27, 2025  7:21 PM
  Number of letters in database: 1,290,508,616
  Number of sequences in database:  577,532



Matrix: blastn matrix 2 -3
Gap Penalties: Existence: 5, Extension: 2
