BLASTN 2.9.0+


Reference: Stephen F. Altschul, Thomas L. Madden, Alejandro A.
Schaffer, Jinghui Zhang, Zheng Zhang, Webb Miller, and David J.
Lipman (1997), "Gapped BLAST and PSI-BLAST: a new generation of
protein database search programs", Nucleic Acids Res. 25:3389-3402.



Database: GCA_018340635.1_Ibu_BjarHA_1.0_genomic.fna
           27,698 sequences; 1,672,323,932 total letters



Query= Homo_sapiens_NM_006762.3-LAPTM5

Length=789
                                                                      Score        E
Sequences producing significant alignments:                          (Bits)     Value

JAGTXL010019556.1 Bothrops jararaca isolate BSP84406 BJARHA_00195...  44.6       0.049
JAGTXL010004571.1 Bothrops jararaca isolate BSP84406 BJARHA_00045...  44.6       0.049



Query_1  566     TCATCTTTTCCATCGCCTTCATCACTGTCCTTATCTTC  603
19555    319968  ..C...........TT.............--.......  319933
4570     13174   ..C...........TT.............--.......  13139


Lambda      K        H
   0.634    0.408    0.912 

Gapped
Lambda      K        H
   0.625    0.410    0.780 

Effective search space used: 1265278260172


  Database: GCA_018340635.1_Ibu_BjarHA_1.0_genomic.fna
    Posted date:  Apr 27, 2025  6:05 AM
  Number of letters in database: 1,672,323,932
  Number of sequences in database:  27,698



Matrix: blastn matrix 2 -3
Gap Penalties: Existence: 5, Extension: 2
