BLASTN 2.9.0+


Reference: Stephen F. Altschul, Thomas L. Madden, Alejandro A.
Schaffer, Jinghui Zhang, Zheng Zhang, Webb Miller, and David J.
Lipman (1997), "Gapped BLAST and PSI-BLAST: a new generation of
protein database search programs", Nucleic Acids Res. 25:3389-3402.



Database: GCF_031021105.1_rEryReg1.hap1_genomic.fna
           400 sequences; 1,964,049,041 total letters



Query= Homo_sapiens_NM_006762.3-LAPTM5

Length=789
                                                                      Score        E
Sequences producing significant alignments:                          (Bits)     Value

NC_091954.1 Erythrolamprus reginae isolate rEryReg1 chromosome 5,...  46.4       0.016



Query_1  566       TCATCTTTTCCATCGCCTTCATCACTGTCCTTATCTTCA  604
8        70753963  ..C...........TT.............--........  70753927


Lambda      K        H
   0.634    0.408    0.912 

Gapped
Lambda      K        H
   0.625    0.410    0.780 

Effective search space used: 1486775434437


  Database: GCF_031021105.1_rEryReg1.hap1_genomic.fna
    Posted date:  Apr 27, 2025  2:03 AM
  Number of letters in database: 1,964,049,041
  Number of sequences in database:  400



Matrix: blastn matrix 2 -3
Gap Penalties: Existence: 5, Extension: 2
