BLASTN 2.9.0+


Reference: Stephen F. Altschul, Thomas L. Madden, Alejandro A.
Schaffer, Jinghui Zhang, Zheng Zhang, Webb Miller, and David J.
Lipman (1997), "Gapped BLAST and PSI-BLAST: a new generation of
protein database search programs", Nucleic Acids Res. 25:3389-3402.



Database: GCA_046269885.1_ASM4626988v1_genomic.fna
           452,423 sequences; 1,319,863,035 total letters



Query= Homo_sapiens_NM_006762.3-LAPTM5

Length=789
                                                                      Score        E
Sequences producing significant alignments:                          (Bits)     Value

JBJJOO010247692.1 Daboia russelii isolate RAP0501 247692, whole g...  44.6       0.038



Query_1  566   TCATCTTTTCCATCGCCTTCATCACTGTCCTTATCTTC  603
247691   1424  ..C...........TT.............--.......  1459


Lambda      K        H
   0.634    0.408    0.912 

Gapped
Lambda      K        H
   0.625    0.410    0.780 

Effective search space used: 988176822743


  Database: GCA_046269885.1_ASM4626988v1_genomic.fna
    Posted date:  Apr 27, 2025  4:45 AM
  Number of letters in database: 1,319,863,035
  Number of sequences in database:  452,423



Matrix: blastn matrix 2 -3
Gap Penalties: Existence: 5, Extension: 2
