BLASTN 2.9.0+


Reference: Stephen F. Altschul, Thomas L. Madden, Alejandro A.
Schaffer, Jinghui Zhang, Zheng Zhang, Webb Miller, and David J.
Lipman (1997), "Gapped BLAST and PSI-BLAST: a new generation of
protein database search programs", Nucleic Acids Res. 25:3389-3402.



Database: GCA_032468155.1_ASM3246815v1_genomic.fna
           245,550 sequences; 1,266,969,297 total letters



Query= Homo_sapiens_NM_015274.3-MAN2B2

Length=3030
                                                                      Score        E
Sequences producing significant alignments:                          (Bits)     Value

JANHFL010211934.1 Oxyrhabdium leporinum voucher FMNH:278897 21193...  46.4       0.041



Query_1  2709  AGGGGAAGCCCAGGCTGACCTCCGCCGTGTCCTGCTG  2745
211933   178   ..................-AG.......T........  143


Lambda      K        H
   0.634    0.408    0.912 

Gapped
Lambda      K        H
   0.625    0.410    0.780 

Effective search space used: 3772821842559


  Database: GCA_032468155.1_ASM3246815v1_genomic.fna
    Posted date:  Apr 27, 2025  11:15 AM
  Number of letters in database: 1,266,969,297
  Number of sequences in database:  245,550



Matrix: blastn matrix 2 -3
Gap Penalties: Existence: 5, Extension: 2
