BLASTN 2.9.0+


Reference: Stephen F. Altschul, Thomas L. Madden, Alejandro A.
Schaffer, Jinghui Zhang, Zheng Zhang, Webb Miller, and David J.
Lipman (1997), "Gapped BLAST and PSI-BLAST: a new generation of
protein database search programs", Nucleic Acids Res. 25:3389-3402.



Database: GCA_046271025.1_ASM4627102v1_genomic.fna
           1,518,858 sequences; 1,652,346,441 total letters



Query= Homo_sapiens_XM_054364927.1-TMEM273

Length=570
                                                                      Score        E
Sequences producing significant alignments:                          (Bits)     Value

JBJPGZ010045118.1 Geophis sartorii isolate UPRMGRS_1308_TJC_682 4...  45.5       0.033



Query_1  269   GAGCCCACGTCCTCAGGGACGGTCCTGCCTTGG  301
45117    8892  ............A.......A............  8859
                               \                
                               |                
                               T


Lambda      K        H
   0.634    0.408    0.912 

Gapped
Lambda      K        H
   0.625    0.410    0.780 

Effective search space used: 862813725930


  Database: GCA_046271025.1_ASM4627102v1_genomic.fna
    Posted date:  Apr 27, 2025  8:07 PM
  Number of letters in database: 1,652,346,441
  Number of sequences in database:  1,518,858



Matrix: blastn matrix 2 -3
Gap Penalties: Existence: 5, Extension: 2
