BLASTN 2.9.0+


Reference: Stephen F. Altschul, Thomas L. Madden, Alejandro A.
Schaffer, Jinghui Zhang, Zheng Zhang, Webb Miller, and David J.
Lipman (1997), "Gapped BLAST and PSI-BLAST: a new generation of
protein database search programs", Nucleic Acids Res. 25:3389-3402.



Database: GCA_016801065.1_ASM1680106v1_genomic.fna
           6,826 sequences; 1,815,771,249 total letters



Query= Homo_sapiens_XM_054326836.1-GPR82

Length=1011
                                                                      Score        E
Sequences producing significant alignments:                          (Bits)     Value

CM028775.1 Sceloporus tristichus isolate Voucher No. AMNH 153954....  47.3       0.020



Query_1  304        AGTATGTTTGTCAGTCTCTTAATTTTAAGTTGGATTGC  341
3        102296961  ..G...C........T.T.................A..  102296924


Lambda      K        H
   0.634    0.408    0.912 

Gapped
Lambda      K        H
   0.625    0.410    0.780 

Effective search space used: 1777426207843


  Database: GCA_016801065.1_ASM1680106v1_genomic.fna
    Posted date:  Apr 27, 2025  12:48 AM
  Number of letters in database: 1,815,771,249
  Number of sequences in database:  6,826



Matrix: blastn matrix 2 -3
Gap Penalties: Existence: 5, Extension: 2
