BLASTN 2.9.0+


Reference: Stephen F. Altschul, Thomas L. Madden, Alejandro A.
Schaffer, Jinghui Zhang, Zheng Zhang, Webb Miller, and David J.
Lipman (1997), "Gapped BLAST and PSI-BLAST: a new generation of
protein database search programs", Nucleic Acids Res. 25:3389-3402.



Database: GCA_965153305.1_rPodTil1.hap2.1_genomic.fna
           306 sequences; 1,382,196,565 total letters



Query= Homo_sapiens_NM_012108.4-STAP1

Length=888
                                                                      Score        E
Sequences producing significant alignments:                          (Bits)     Value

OZ229106.1 Podarcis tiliguerta genome assembly, chromosome: 14        44.6       0.045



Query_1  769      GTGAAGGAGACTCGAGGAAATTTAAGACCATTTATA  804
17       7373223  ............G...............T.......  7373186
                          \              \            
                          |              |            
                          A              A


Lambda      K        H
   0.634    0.408    0.912 

Gapped
Lambda      K        H
   0.625    0.410    0.780 

Effective search space used: 1183151877688


  Database: GCA_965153305.1_rPodTil1.hap2.1_genomic.fna
    Posted date:  Apr 27, 2025  3:40 AM
  Number of letters in database: 1,382,196,565
  Number of sequences in database:  306



Matrix: blastn matrix 2 -3
Gap Penalties: Existence: 5, Extension: 2
