BLASTN 2.9.0+


Reference: Stephen F. Altschul, Thomas L. Madden, Alejandro A.
Schaffer, Jinghui Zhang, Zheng Zhang, Webb Miller, and David J.
Lipman (1997), "Gapped BLAST and PSI-BLAST: a new generation of
protein database search programs", Nucleic Acids Res. 25:3389-3402.



Database: GCA_022379055.1_ASM2237905v1_genomic.fna
           1,428,882 sequences; 1,642,818,667 total letters



Query= Homo_sapiens_XM_054366876.1-ELOVL3

Length=813
                                                                      Score        E
Sequences producing significant alignments:                          (Bits)     Value

JAJFZI011005729.1 Anilios bituberculatus isolate pet trade contig...  50.0       0.001
JAJFZI010842647.1 Anilios bituberculatus isolate pet trade contig...  50.0       0.001
JAJFZI010941026.1 Anilios bituberculatus isolate pet trade contig...  47.3       0.014
JAJFZI010212464.1 Anilios bituberculatus isolate pet trade contig...  47.3       0.014
JAJFZI010215411.1 Anilios bituberculatus isolate pet trade contig...  46.4       0.014
JAJFZI010195635.1 Anilios bituberculatus isolate pet trade contig...  46.4       0.014
JAJFZI010187390.1 Anilios bituberculatus isolate pet trade contig...  46.4       0.014
JAJFZI011147340.1 Anilios bituberculatus isolate pet trade contig...  45.5       0.048
JAJFZI010968811.1 Anilios bituberculatus isolate pet trade contig...  45.5       0.048
JAJFZI010949355.1 Anilios bituberculatus isolate pet trade contig...  45.5       0.048
JAJFZI010846429.1 Anilios bituberculatus isolate pet trade contig...  45.5       0.048
JAJFZI010458723.1 Anilios bituberculatus isolate pet trade contig...  45.5       0.048
JAJFZI010433389.1 Anilios bituberculatus isolate pet trade contig...  45.5       0.048
JAJFZI010184685.1 Anilios bituberculatus isolate pet trade contig...  45.5       0.048
JAJFZI010951143.1 Anilios bituberculatus isolate pet trade contig...  44.6       0.048



Query_1  781   CCCAAGGTCAAAGCCAAGACCAAGAGCCAGTGA  813
1005728  853    .........................T...G..  884
842646   866    .........................A...G..  897
941025   489    .........................A..      462
212463   456   .....A....................A...G..  488
215410   320    .........................         344
195634   1317   .........................         1293
187389   956    .........................         980
1147339  248    .................G.......A...G..  279
968810   418    ....A....................A...G..  449
949354   778    .................G.......A...G..  809
846428   1461   .......G.................A...A..  1492
458722   42     ....A....................A...G..  73
433388   316    ....A....................A...G..  347
184684   950    ................C........A...G..  981
951142   1436   ........................          1459


Lambda      K        H
   0.634    0.408    0.912 

Gapped
Lambda      K        H
   0.625    0.410    0.780 

Effective search space used: 1247330759983


  Database: GCA_022379055.1_ASM2237905v1_genomic.fna
    Posted date:  Apr 27, 2025  8:14 PM
  Number of letters in database: 1,642,818,667
  Number of sequences in database:  1,428,882



Matrix: blastn matrix 2 -3
Gap Penalties: Existence: 5, Extension: 2
