BLASTN 2.9.0+


Reference: Stephen F. Altschul, Thomas L. Madden, Alejandro A.
Schaffer, Jinghui Zhang, Zheng Zhang, Webb Miller, and David J.
Lipman (1997), "Gapped BLAST and PSI-BLAST: a new generation of
protein database search programs", Nucleic Acids Res. 25:3389-3402.



Database: GCA_044335425.1_ASM4433542v1_genomic.fna
           509,345 sequences; 1,327,970,636 total letters



Query= Homo_sapiens_XM_054365033.1-ZNF438

Length=2520
                                                                      Score        E
Sequences producing significant alignments:                          (Bits)     Value

JBIELB010001193.1 Crotalus simus isolate UPRMGRS_1449_TJC_823 119...  48.2       0.010



Query_1  182   TGCTGCCATGTCATTCACCATCACGCTCTGATCAGG  217
1192     2013  .....T....G.............T....C......  2048


Lambda      K        H
   0.634    0.408    0.912 

Gapped
Lambda      K        H
   0.625    0.410    0.780 

Effective search space used: 3260860518237


  Database: GCA_044335425.1_ASM4433542v1_genomic.fna
    Posted date:  Apr 27, 2025  6:41 AM
  Number of letters in database: 1,327,970,636
  Number of sequences in database:  509,345



Matrix: blastn matrix 2 -3
Gap Penalties: Existence: 5, Extension: 2
