BLASTN 2.9.0+


Reference: Stephen F. Altschul, Thomas L. Madden, Alejandro A.
Schaffer, Jinghui Zhang, Zheng Zhang, Webb Miller, and David J.
Lipman (1997), "Gapped BLAST and PSI-BLAST: a new generation of
protein database search programs", Nucleic Acids Res. 25:3389-3402.



Database: GCA_030412105.1_rCycPin1.hap1_genomic.fna
           30 sequences; 1,983,631,412 total letters



Query= Homo_sapiens_XM_054326836.1-GPR82

Length=1011
                                                                      Score        E
Sequences producing significant alignments:                          (Bits)     Value

CM059602.1 Cyclura pinguis isolate rCycPin1 chromosome 4, whole g...  47.3       0.021



Query_1  304        AGTATGTTTGTCAGTCTCTTAATTTTAAGTTGGATTGC  341
3        103986530  ..G...C........T.T.................A..  103986493


Lambda      K        H
   0.634    0.408    0.912 

Gapped
Lambda      K        H
   0.625    0.410    0.780 

Effective search space used: 1939990552716


  Database: GCA_030412105.1_rCycPin1.hap1_genomic.fna
    Posted date:  Apr 27, 2025  1:03 AM
  Number of letters in database: 1,983,631,412
  Number of sequences in database:  30



Matrix: blastn matrix 2 -3
Gap Penalties: Existence: 5, Extension: 2
