BLASTN 2.9.0+


Reference: Stephen F. Altschul, Thomas L. Madden, Alejandro A.
Schaffer, Jinghui Zhang, Zheng Zhang, Webb Miller, and David J.
Lipman (1997), "Gapped BLAST and PSI-BLAST: a new generation of
protein database search programs", Nucleic Acids Res. 25:3389-3402.



Database: GCF_009819535.1_rLacAgi1.pri_genomic.fna
           29 sequences; 1,391,404,169 total letters



Query= Homo_sapiens_NM_015274.3-MAN2B2

Length=3030
                                                                      Score        E
Sequences producing significant alignments:                          (Bits)     Value

NC_046324.1 Lacerta agilis isolate rLacAgi1 chromosome 13, rLacAg...  46.4       0.046



Query_1  1250      TCCAGCACCATGATGCCATCACTGGGACTG  1279
12       26853406  ..........C..............C....  26853377


Lambda      K        H
   0.634    0.408    0.912 

Gapped
Lambda      K        H
   0.625    0.410    0.780 

Effective search space used: 4168643936268


  Database: GCF_009819535.1_rLacAgi1.pri_genomic.fna
    Posted date:  Apr 27, 2025  1:55 AM
  Number of letters in database: 1,391,404,169
  Number of sequences in database:  29



Matrix: blastn matrix 2 -3
Gap Penalties: Existence: 5, Extension: 2
